Log file open, 08/15/20 21:41:58
LogWindows: Failed to load 'aqProf.dll' (GetLastError=126)
LogWindows: File 'aqProf.dll' does not exist
LogWindows: Failed to load 'VtuneApi.dll' (GetLastError=126)
LogWindows: File 'VtuneApi.dll' does not exist
LogWindows: Failed to load 'VtuneApi32e.dll' (GetLastError=126)
LogWindows: File 'VtuneApi32e.dll' does not exist
LogConsoleResponse: Display: Failed to find resolution value strings in scalability ini. Falling back to default.
LogInit: Display: Running engine for game: GGStudioGGJ2020
LogPlatformFile: Not using cached read wrapper
LogTaskGraph: Started task graph with 5 named threads and 47 total threads with 3 sets of task threads.
LogStats: Stats thread started at 0.044753
LogD3D11RHI: Loaded GFSDK_Aftermath_Lib.x64.dll
LogICUInternationalization: ICU TimeZone Detection - Raw Offset: +8:00, Platform Override: ''
LogPluginManager: Mounting plugin Paper2D
LogPluginManager: Mounting plugin AISupport
LogPluginManager: Mounting plugin LightPropagationVolume
LogPluginManager: Mounting plugin ActorLayerUtilities
LogPluginManager: Mounting plugin AnimationSharing
LogPluginManager: Mounting plugin CLionSourceCodeAccess
LogPluginManager: Mounting plugin CodeLiteSourceCodeAccess
LogPluginManager: Mounting plugin GitSourceControl
LogPluginManager: Mounting plugin KDevelopSourceCodeAccess
LogPluginManager: Mounting plugin NullSourceCodeAccess
LogPluginManager: Mounting plugin PerforceSourceControl
LogPluginManager: Mounting plugin PlasticSourceControl
LogPluginManager: Mounting plugin SubversionSourceControl
LogPluginManager: Mounting plugin UObjectPlugin
LogPluginManager: Mounting plugin VisualStudioCodeSourceCodeAccess
LogPluginManager: Mounting plugin VisualStudioSourceCodeAccess
LogPluginManager: Mounting plugin XCodeSourceCodeAccess
LogPluginManager: Mounting plugin AssetManagerEditor
LogPluginManager: Mounting plugin CryptoKeys
LogPluginManager: Mounting plugin CurveEditorTools
LogPluginManager: Mounting plugin DataValidation
LogPluginManager: Mounting plugin FacialAnimation
LogPluginManager: Mounting plugin GameplayTagsEditor
LogPluginManager: Mounting plugin MacGraphicsSwitching
LogPluginManager: Mounting plugin MaterialAnalyzer
LogPluginManager: Mounting plugin MobileLauncherProfileWizard
LogPluginManager: Mounting plugin PluginBrowser
LogPluginManager: Mounting plugin SpeedTreeImporter
LogPluginManager: Mounting plugin DatasmithContent
LogPluginManager: Mounting plugin VariantManagerContent
LogPluginManager: Mounting plugin AlembicImporter
LogPluginManager: Mounting plugin AutomationUtils
LogPluginManager: Mounting plugin BackChannel
LogPluginManager: Mounting plugin CharacterAI
LogPluginManager: Mounting plugin GeometryCache
LogPluginManager: Mounting plugin PlatformCrypto
LogPluginManager: Mounting plugin ProxyLODPlugin
LogPluginManager: Mounting plugin SkeletalReduction
LogPluginManager: Mounting plugin MagicLeap
LogPluginManager: Mounting plugin MagicLeapMedia
LogPluginManager: Mounting plugin MLSDK
LogPluginManager: Mounting plugin AndroidMedia
LogPluginManager: Mounting plugin AvfMedia
LogPluginManager: Mounting plugin ImgMedia
LogPluginManager: Mounting plugin MediaCompositing
LogPluginManager: Mounting plugin MediaPlayerEditor
LogPluginManager: Mounting plugin WebMMedia
LogPluginManager: Mounting plugin WmfMedia
LogPluginManager: Mounting plugin TcpMessaging
LogPluginManager: Mounting plugin UdpMessaging
LogPluginManager: Mounting plugin ActorSequence
LogPluginManager: Mounting plugin LevelSequenceEditor
LogPluginManager: Mounting plugin MatineeToLevelSequence
LogPluginManager: Mounting plugin NetcodeUnitTest
LogPluginManager: Mounting plugin NUTUnrealEngine4
LogPluginManager: Mounting plugin OnlineSubsystemGooglePlay
LogPluginManager: Mounting plugin OnlineSubsystemIOS
LogPluginManager: Mounting plugin OnlineSubsystem
LogPluginManager: Mounting plugin OnlineSubsystemNull
LogPluginManager: Mounting plugin OnlineSubsystemUtils
LogPluginManager: Mounting plugin LauncherChunkInstaller
LogPluginManager: Mounting plugin AndroidDeviceProfileSelector
LogPluginManager: Mounting plugin AndroidMoviePlayer
LogPluginManager: Mounting plugin AndroidPermission
LogPluginManager: Mounting plugin AppleImageUtils
LogPluginManager: Mounting plugin AppleMoviePlayer
LogPluginManager: Mounting plugin ArchVisCharacter
LogPluginManager: Mounting plugin AssetTags
LogPluginManager: Mounting plugin AudioCapture
LogPluginManager: Mounting plugin CableComponent
LogPluginManager: Mounting plugin CustomMeshComponent
LogPluginManager: Mounting plugin EditableMesh
LogPluginManager: Mounting plugin ExampleDeviceProfileSelector
LogPluginManager: Mounting plugin GoogleCloudMessaging
LogPluginManager: Mounting plugin IOSDeviceProfileSelector
LogPluginManager: Mounting plugin LinuxDeviceProfileSelector
LogPluginManager: Mounting plugin LocationServicesBPLibrary
LogPluginManager: Mounting plugin MobilePatchingUtils
LogPluginManager: Mounting plugin OculusVR
LogPluginManager: Mounting plugin PhysXVehicles
LogPluginManager: Mounting plugin PostSplashScreen
LogPluginManager: Mounting plugin ProceduralMeshComponent
LogPluginManager: Mounting plugin RuntimePhysXCooking
LogPluginManager: Mounting plugin SignificanceManager
LogPluginManager: Mounting plugin SteamVR
LogPluginManager: Mounting plugin WebMMoviePlayer
LogPluginManager: Mounting plugin WindowsMoviePlayer
LogPluginManager: Mounting plugin ScreenshotTools
LogInit: Using libcurl 7.55.1-DEV
LogInit:  - built for x86_64-pc-win32
LogInit:  - supports SSL with OpenSSL/1.1.1
LogInit:  - supports HTTP deflate (compression) using libz 1.2.8
LogInit:  - other features:
LogInit:      CURL_VERSION_SSL
LogInit:      CURL_VERSION_LIBZ
LogInit:      CURL_VERSION_IPV6
LogInit:      CURL_VERSION_ASYNCHDNS
LogInit:      CURL_VERSION_LARGEFILE
LogInit:      CURL_VERSION_IDN
LogInit:  CurlRequestOptions (configurable via config and command line):
LogInit:  - bVerifyPeer = true  - Libcurl will verify peer certificate
LogInit:  - bUseHttpProxy = false  - Libcurl will NOT use HTTP proxy
LogInit:  - bDontReuseConnections = false  - Libcurl will reuse connections
LogInit:  - MaxHostConnections = 16  - Libcurl will limit the number of connections to a host
LogInit:  - LocalHostAddr = Default
LogInit:  - BufferSize = 65536
LogOnline: OSS: Creating online subsystem instance for: NULL
LogInit: WinSock: version 1.1 (2.2), MaxSocks=32767, MaxUdp=65467
LogOnline: OSS: TryLoadSubsystemAndSetDefault: Loaded subsystem for module [NULL]
LogInit: Build: ++UE4+Release-4.24-CL-11590370
LogInit: Engine Version: 4.24.3-11590370+++UE4+Release-4.24
LogInit: Compatible Engine Version: 4.24.0-10570792+++UE4+Release-4.24
LogInit: Net CL: 10570792
LogInit: OS: Windows 10 (Release 1909) (), CPU: Intel(R) Core(TM) i9-9900K CPU @ 3.60GHz, GPU: NVIDIA GeForce RTX 2070 SUPER
LogInit: Compiled (64-bit): Feb 24 2020 15:39:18
LogInit: Compiled with Visual C++: 19.16.27032.01
LogInit: Build Configuration: Development
LogInit: Branch Name: ++UE4+Release-4.24
LogInit: Command Line: 
LogInit: Base Directory: D:/APP/UE_4.24/Engine/Binaries/Win64/
LogInit: Installed Engine Build: 1
LogDevObjectVersion: Number of dev versions registered: 25
LogDevObjectVersion:   Dev-Blueprints (B0D832E4-1F89-4F0D-ACCF-7EB736FD4AA2): 10
LogDevObjectVersion:   Dev-Build (E1C64328-A22C-4D53-A36C-8E866417BD8C): 0
LogDevObjectVersion:   Dev-Core (375EC13C-06E4-48FB-B500-84F0262A717E): 3
LogDevObjectVersion:   Dev-Editor (E4B068ED-F494-42E9-A231-DA0B2E46BB41): 37
LogDevObjectVersion:   Dev-Framework (CFFC743F-43B0-4480-9391-14DF171D2073): 36
LogDevObjectVersion:   Dev-Mobile (B02B49B5-BB20-44E9-A304-32B752E40360): 2
LogDevObjectVersion:   Dev-Networking (A4E4105C-59A1-49B5-A7C5-40C4547EDFEE): 0
LogDevObjectVersion:   Dev-Online (39C831C9-5AE6-47DC-9A44-9C173E1C8E7C): 0
LogDevObjectVersion:   Dev-Physics (78F01B33-EBEA-4F98-B9B4-84EACCB95AA2): 2
LogDevObjectVersion:   Dev-Platform (6631380F-2D4D-43E0-8009-CF276956A95A): 0
LogDevObjectVersion:   Dev-Rendering (12F88B9F-8875-4AFC-A67C-D90C383ABD29): 36
LogDevObjectVersion:   Dev-Sequencer (7B5AE74C-D270-4C10-A958-57980B212A5A): 11
LogDevObjectVersion:   Dev-VR (D7296918-1DD6-4BDD-9DE2-64A83CC13884): 2
LogDevObjectVersion:   Dev-LoadTimes (C2A15278-BFE7-4AFE-6C17-90FF531DF755): 1
LogDevObjectVersion:   Private-Geometry (6EACA3D4-40EC-4CC1-B786-8BED09428FC5): 3
LogDevObjectVersion:   Dev-AnimPhys (29E575DD-E0A3-4627-9D10-D276232CDCEA): 17
LogDevObjectVersion:   Dev-Anim (AF43A65D-7FD3-4947-9873-3E8ED9C1BB05): 2
LogDevObjectVersion:   Dev-ReflectionCapture (6B266CEC-1EC7-4B8F-A30B-E4D90942FC07): 1
LogDevObjectVersion:   Dev-Automation (0DF73D61-A23F-47EA-B727-89E90C41499A): 1
LogDevObjectVersion:   FortniteMain (601D1886-AC64-4F84-AA16-D3DE0DEAC7D6): 31
LogDevObjectVersion:   Dev-Enterprise (9DFFBCD6-494F-0158-E221-12823C92A888): 8
LogDevObjectVersion:   Dev-Niagara (F2AED0AC-9AFE-416F-8664-AA7FFA26D6FC): 1
LogDevObjectVersion:   Dev-Destruction (174F1F0B-B4C6-45A5-B13F-2EE8D0FB917D): 9
LogDevObjectVersion:   Dev-Physics-Ext (35F94A83-E258-406C-A318-09F59610247C): 8
LogDevObjectVersion:   Dev-CineCamera (B2E18506-4273-CFC2-A54E-F4BB758BBA07): 1
LogInit: Presizing for max 25165824 objects, including 0 objects not considered by GC, pre-allocating 0 bytes for permanent pool.
LogInit: Object subsystem initialized
LogConfig: Setting CVar [[con.DebugEarlyDefault:1]]
LogConfig: Setting CVar [[r.setres:1280x720]]
[2020.08.15-13.41.58:568][  0]LogConfig: Setting CVar [[r.VSync:0]]
[2020.08.15-13.41.58:568][  0]LogConfig: Setting CVar [[r.RHICmdBypass:0]]
[2020.08.15-13.41.58:568][  0]LogConfig: Applying CVar settings from Section [/Script/Engine.RendererSettings] File [D:/GitHubFile/2020CIGA/GGStudioGGJ2020/Saved/Config/Windows/Engine.ini]
[2020.08.15-13.41.58:568][  0]LogConfig: Setting CVar [[r.GPUCrashDebugging:0]]
[2020.08.15-13.41.58:568][  0]LogConfig: Applying CVar settings from Section [/Script/Engine.RendererOverrideSettings] File [D:/GitHubFile/2020CIGA/GGStudioGGJ2020/Saved/Config/Windows/Engine.ini]
[2020.08.15-13.41.58:568][  0]LogConfig: Applying CVar settings from Section [/Script/Engine.StreamingSettings] File [D:/GitHubFile/2020CIGA/GGStudioGGJ2020/Saved/Config/Windows/Engine.ini]
[2020.08.15-13.41.58:568][  0]LogConfig: Setting CVar [[s.MinBulkDataSizeForAsyncLoading:131072]]
[2020.08.15-13.41.58:568][  0]LogConfig: Setting CVar [[s.AsyncLoadingThreadEnabled:0]]
[2020.08.15-13.41.58:568][  0]LogConfig: Setting CVar [[s.EventDrivenLoaderEnabled:1]]
[2020.08.15-13.41.58:569][  0]LogConfig: Setting CVar [[s.WarnIfTimeLimitExceeded:0]]
[2020.08.15-13.41.58:569][  0]LogConfig: Setting CVar [[s.TimeLimitExceededMultiplier:1.5]]
[2020.08.15-13.41.58:569][  0]LogConfig: Setting CVar [[s.TimeLimitExceededMinTime:0.005]]
[2020.08.15-13.41.58:569][  0]LogConfig: Setting CVar [[s.UseBackgroundLevelStreaming:1]]
[2020.08.15-13.41.58:569][  0]LogConfig: Setting CVar [[s.PriorityAsyncLoadingExtraTime:15.0]]
[2020.08.15-13.41.58:569][  0]LogConfig: Setting CVar [[s.LevelStreamingActorsUpdateTimeLimit:5.0]]
[2020.08.15-13.41.58:569][  0]LogConfig: Setting CVar [[s.PriorityLevelStreamingActorsUpdateExtraTime:5.0]]
[2020.08.15-13.41.58:569][  0]LogConfig: Setting CVar [[s.LevelStreamingComponentsRegistrationGranularity:10]]
[2020.08.15-13.41.58:569][  0]LogConfig: Setting CVar [[s.UnregisterComponentsTimeLimit:1.0]]
[2020.08.15-13.41.58:569][  0]LogConfig: Setting CVar [[s.LevelStreamingComponentsUnregistrationGranularity:5]]
[2020.08.15-13.41.58:569][  0]LogConfig: Setting CVar [[s.FlushStreamingOnExit:1]]
[2020.08.15-13.41.58:569][  0]LogConfig: Applying CVar settings from Section [/Script/Engine.GarbageCollectionSettings] File [D:/GitHubFile/2020CIGA/GGStudioGGJ2020/Saved/Config/Windows/Engine.ini]
[2020.08.15-13.41.58:569][  0]LogConfig: Setting CVar [[gc.MaxObjectsNotConsideredByGC:1]]
[2020.08.15-13.41.58:569][  0]LogConfig: Setting CVar [[gc.SizeOfPermanentObjectPool:0]]
[2020.08.15-13.41.58:569][  0]LogConfig: Setting CVar [[gc.FlushStreamingOnGC:0]]
[2020.08.15-13.41.58:569][  0]LogConfig: Setting CVar [[gc.NumRetriesBeforeForcingGC:10]]
[2020.08.15-13.41.58:569][  0]LogConfig: Setting CVar [[gc.AllowParallelGC:1]]
[2020.08.15-13.41.58:569][  0]LogConfig: Setting CVar [[gc.TimeBetweenPurgingPendingKillObjects:61.1]]
[2020.08.15-13.41.58:569][  0]LogConfig: Setting CVar [[gc.MaxObjectsInEditor:25165824]]
[2020.08.15-13.41.58:569][  0]LogConfig: Setting CVar [[gc.IncrementalBeginDestroyEnabled:1]]
[2020.08.15-13.41.58:569][  0]LogConfig: Setting CVar [[gc.CreateGCClusters:1]]
[2020.08.15-13.41.58:569][  0]LogConfig: Setting CVar [[gc.MinGCClusterSize:5]]
[2020.08.15-13.41.58:569][  0]LogConfig: Setting CVar [[gc.ActorClusteringEnabled:0]]
[2020.08.15-13.41.58:569][  0]LogConfig: Setting CVar [[gc.BlueprintClusteringEnabled:0]]
[2020.08.15-13.41.58:569][  0]LogConfig: Setting CVar [[gc.UseDisregardForGCOnDedicatedServers:0]]
[2020.08.15-13.41.58:569][  0]LogConfig: Applying CVar settings from Section [/Script/Engine.NetworkSettings] File [D:/GitHubFile/2020CIGA/GGStudioGGJ2020/Saved/Config/Windows/Engine.ini]
[2020.08.15-13.41.58:569][  0]LogConfig: Applying CVar settings from Section [/Script/UnrealEd.CookerSettings] File [D:/GitHubFile/2020CIGA/GGStudioGGJ2020/Saved/Config/Windows/Engine.ini]
[2020.08.15-13.41.58:572][  0]LogConfig: Applying CVar settings from Section [ViewDistanceQuality@3] File [D:/GitHubFile/2020CIGA/GGStudioGGJ2020/Saved/Config/Windows/Scalability.ini]
[2020.08.15-13.41.58:572][  0]LogConfig: Setting CVar [[r.SkeletalMeshLODBias:0]]
[2020.08.15-13.41.58:572][  0]LogConfig: Setting CVar [[r.ViewDistanceScale:1.0]]
[2020.08.15-13.41.58:572][  0]LogConfig: Applying CVar settings from Section [AntiAliasingQuality@3] File [D:/GitHubFile/2020CIGA/GGStudioGGJ2020/Saved/Config/Windows/Scalability.ini]
[2020.08.15-13.41.58:572][  0]LogConfig: Setting CVar [[r.PostProcessAAQuality:4]]
[2020.08.15-13.41.58:572][  0]LogConfig: Applying CVar settings from Section [ShadowQuality@3] File [D:/GitHubFile/2020CIGA/GGStudioGGJ2020/Saved/Config/Windows/Scalability.ini]
[2020.08.15-13.41.58:572][  0]LogConfig: Setting CVar [[r.LightFunctionQuality:1]]
[2020.08.15-13.41.58:572][  0]LogConfig: Setting CVar [[r.ShadowQuality:5]]
[2020.08.15-13.41.58:572][  0]LogConfig: Setting CVar [[r.Shadow.CSM.MaxCascades:10]]
[2020.08.15-13.41.58:572][  0]LogConfig: Setting CVar [[r.Shadow.MaxResolution:2048]]
[2020.08.15-13.41.58:572][  0]LogConfig: Setting CVar [[r.Shadow.MaxCSMResolution:2048]]
[2020.08.15-13.41.58:572][  0]LogConfig: Setting CVar [[r.Shadow.RadiusThreshold:0.01]]
[2020.08.15-13.41.58:572][  0]LogConfig: Setting CVar [[r.Shadow.DistanceScale:1.0]]
[2020.08.15-13.41.58:572][  0]LogConfig: Setting CVar [[r.Shadow.CSM.TransitionScale:1.0]]
[2020.08.15-13.41.58:572][  0]LogConfig: Setting CVar [[r.Shadow.PreShadowResolutionFactor:1.0]]
[2020.08.15-13.41.58:572][  0]LogConfig: Setting CVar [[r.DistanceFieldShadowing:1]]
[2020.08.15-13.41.58:572][  0]LogConfig: Setting CVar [[r.DistanceFieldAO:1]]
[2020.08.15-13.41.58:572][  0]LogConfig: Setting CVar [[r.AOQuality:2]]
[2020.08.15-13.41.58:572][  0]LogConfig: Setting CVar [[r.VolumetricFog:1]]
[2020.08.15-13.41.58:572][  0]LogConfig: Setting CVar [[r.VolumetricFog.GridPixelSize:8]]
[2020.08.15-13.41.58:572][  0]LogConfig: Setting CVar [[r.VolumetricFog.GridSizeZ:128]]
[2020.08.15-13.41.58:572][  0]LogConfig: Setting CVar [[r.VolumetricFog.HistoryMissSupersampleCount:4]]
[2020.08.15-13.41.58:572][  0]LogConfig: Setting CVar [[r.LightMaxDrawDistanceScale:1]]
[2020.08.15-13.41.58:572][  0]LogConfig: Setting CVar [[r.CapsuleShadows:1]]
[2020.08.15-13.41.58:572][  0]LogConfig: Applying CVar settings from Section [PostProcessQuality@3] File [D:/GitHubFile/2020CIGA/GGStudioGGJ2020/Saved/Config/Windows/Scalability.ini]
[2020.08.15-13.41.58:572][  0]LogConfig: Setting CVar [[r.MotionBlurQuality:4]]
[2020.08.15-13.41.58:572][  0]LogConfig: Setting CVar [[r.AmbientOcclusionMipLevelFactor:0.4]]
[2020.08.15-13.41.58:572][  0]LogConfig: Setting CVar [[r.AmbientOcclusionMaxQuality:100]]
[2020.08.15-13.41.58:572][  0]LogConfig: Setting CVar [[r.AmbientOcclusionLevels:-1]]
[2020.08.15-13.41.58:572][  0]LogConfig: Setting CVar [[r.AmbientOcclusionRadiusScale:1.0]]
[2020.08.15-13.41.58:572][  0]LogConfig: Setting CVar [[r.DepthOfFieldQuality:2]]
[2020.08.15-13.41.58:572][  0]LogConfig: Setting CVar [[r.RenderTargetPoolMin:400]]
[2020.08.15-13.41.58:572][  0]LogConfig: Setting CVar [[r.LensFlareQuality:2]]
[2020.08.15-13.41.58:572][  0]LogConfig: Setting CVar [[r.SceneColorFringeQuality:1]]
[2020.08.15-13.41.58:572][  0]LogConfig: Setting CVar [[r.EyeAdaptationQuality:2]]
[2020.08.15-13.41.58:572][  0]LogConfig: Setting CVar [[r.BloomQuality:5]]
[2020.08.15-13.41.58:572][  0]LogConfig: Setting CVar [[r.FastBlurThreshold:100]]
[2020.08.15-13.41.58:572][  0]LogConfig: Setting CVar [[r.Upscale.Quality:3]]
[2020.08.15-13.41.58:572][  0]LogConfig: Setting CVar [[r.Tonemapper.GrainQuantization:1]]
[2020.08.15-13.41.58:572][  0]LogConfig: Setting CVar [[r.LightShaftQuality:1]]
[2020.08.15-13.41.58:572][  0]LogConfig: Setting CVar [[r.Filter.SizeScale:1]]
[2020.08.15-13.41.58:572][  0]LogConfig: Setting CVar [[r.Tonemapper.Quality:5]]
[2020.08.15-13.41.58:572][  0]LogConfig: Setting CVar [[r.DOF.Gather.AccumulatorQuality:1        ; higher gathering accumulator quality]]
[2020.08.15-13.41.58:572][  0]LogConfig: Setting CVar [[r.DOF.Gather.PostfilterMethod:1          ; Median3x3 postfilering method]]
[2020.08.15-13.41.58:572][  0]LogConfig: Setting CVar [[r.DOF.Gather.EnableBokehSettings:0       ; no bokeh simulation when gathering]]
[2020.08.15-13.41.58:572][  0]LogConfig: Setting CVar [[r.DOF.Gather.RingCount:4                 ; medium number of samples when gathering]]
[2020.08.15-13.41.58:572][  0]LogConfig: Setting CVar [[r.DOF.Scatter.ForegroundCompositing:1    ; additive foreground scattering]]
[2020.08.15-13.41.58:572][  0]LogConfig: Setting CVar [[r.DOF.Scatter.BackgroundCompositing:2    ; additive background scattering]]
[2020.08.15-13.41.58:572][  0]LogConfig: Setting CVar [[r.DOF.Scatter.EnableBokehSettings:1      ; bokeh simulation when scattering]]
[2020.08.15-13.41.58:572][  0]LogConfig: Setting CVar [[r.DOF.Scatter.MaxSpriteRatio:0.1         ; only a maximum of 10% of scattered bokeh]]
[2020.08.15-13.41.58:572][  0]LogConfig: Setting CVar [[r.DOF.Recombine.Quality:1                ; cheap slight out of focus]]
[2020.08.15-13.41.58:572][  0]LogConfig: Setting CVar [[r.DOF.Recombine.EnableBokehSettings:0    ; no bokeh simulation on slight out of focus]]
[2020.08.15-13.41.58:572][  0]LogConfig: Setting CVar [[r.DOF.TemporalAAQuality:1                ; more stable temporal accumulation]]
[2020.08.15-13.41.58:572][  0]LogConfig: Setting CVar [[r.DOF.Kernel.MaxForegroundRadius:0.025]]
[2020.08.15-13.41.58:572][  0]LogConfig: Setting CVar [[r.DOF.Kernel.MaxBackgroundRadius:0.025]]
[2020.08.15-13.41.58:572][  0]LogConfig: Applying CVar settings from Section [TextureQuality@3] File [D:/GitHubFile/2020CIGA/GGStudioGGJ2020/Saved/Config/Windows/Scalability.ini]
[2020.08.15-13.41.58:572][  0]LogConfig: Setting CVar [[r.Streaming.MipBias:0]]
[2020.08.15-13.41.58:572][  0]LogConfig: Setting CVar [[r.Streaming.AmortizeCPUToGPUCopy:0]]
[2020.08.15-13.41.58:572][  0]LogConfig: Setting CVar [[r.Streaming.MaxNumTexturesToStreamPerFrame:0]]
[2020.08.15-13.41.58:572][  0]LogConfig: Setting CVar [[r.Streaming.Boost:1]]
[2020.08.15-13.41.58:572][  0]LogConfig: Setting CVar [[r.MaxAnisotropy:8]]
[2020.08.15-13.41.58:572][  0]LogConfig: Setting CVar [[r.VT.MaxAnisotropy:8]]
[2020.08.15-13.41.58:572][  0]LogConfig: Setting CVar [[r.Streaming.LimitPoolSizeToVRAM:0]]
[2020.08.15-13.41.58:572][  0]LogConfig: Setting CVar [[r.Streaming.PoolSize:1000]]
[2020.08.15-13.41.58:572][  0]LogConfig: Setting CVar [[r.Streaming.MaxEffectiveScreenSize:0]]
[2020.08.15-13.41.58:572][  0]LogConfig: Applying CVar settings from Section [EffectsQuality@3] File [D:/GitHubFile/2020CIGA/GGStudioGGJ2020/Saved/Config/Windows/Scalability.ini]
[2020.08.15-13.41.58:572][  0]LogConfig: Setting CVar [[r.TranslucencyLightingVolumeDim:64]]
[2020.08.15-13.41.58:572][  0]LogConfig: Setting CVar [[r.RefractionQuality:2]]
[2020.08.15-13.41.58:572][  0]LogConfig: Setting CVar [[r.SSR.Quality:3]]
[2020.08.15-13.41.58:572][  0]LogConfig: Setting CVar [[r.SSR.HalfResSceneColor:0]]
[2020.08.15-13.41.58:572][  0]LogConfig: Setting CVar [[r.SceneColorFormat:4]]
[2020.08.15-13.41.58:572][  0]LogConfig: Setting CVar [[r.DetailMode:2]]
[2020.08.15-13.41.58:572][  0]LogConfig: Setting CVar [[r.TranslucencyVolumeBlur:1]]
[2020.08.15-13.41.58:572][  0]LogConfig: Setting CVar [[r.MaterialQualityLevel:1 ; High quality]]
[2020.08.15-13.41.58:572][  0]LogConfig: Setting CVar [[r.SSS.Scale:1]]
[2020.08.15-13.41.58:572][  0]LogConfig: Setting CVar [[r.SSS.SampleSet:2]]
[2020.08.15-13.41.58:572][  0]LogConfig: Setting CVar [[r.SSS.Quality:1]]
[2020.08.15-13.41.58:572][  0]LogConfig: Setting CVar [[r.SSS.HalfRes:1]]
[2020.08.15-13.41.58:573][  0]LogConfig: Setting CVar [[r.SSGI.Quality:3]]
[2020.08.15-13.41.58:573][  0]LogConfig: Setting CVar [[r.EmitterSpawnRateScale:1.0]]
[2020.08.15-13.41.58:573][  0]LogConfig: Setting CVar [[r.ParticleLightQuality:2]]
[2020.08.15-13.41.58:573][  0]LogConfig: Setting CVar [[r.SkyAtmosphere.AerialPerspectiveLUT.FastApplyOnOpaque:1 ; Always have FastSkyLUT 1 in this case to avoid wrong sky]]
[2020.08.15-13.41.58:573][  0]LogConfig: Setting CVar [[r.SkyAtmosphere.AerialPerspectiveLUT.SampleCountPerSlice:1]]
[2020.08.15-13.41.58:573][  0]LogConfig: Setting CVar [[r.SkyAtmosphere.AerialPerspectiveLUT.DepthResolution:16.0]]
[2020.08.15-13.41.58:573][  0]LogConfig: Setting CVar [[r.SkyAtmosphere.FastSkyLUT:1]]
[2020.08.15-13.41.58:573][  0]LogConfig: Setting CVar [[r.SkyAtmosphere.FastSkyLUT.SampleCountMin:4.0]]
[2020.08.15-13.41.58:573][  0]LogConfig: Setting CVar [[r.SkyAtmosphere.FastSkyLUT.SampleCountMax:32.0]]
[2020.08.15-13.41.58:573][  0]LogConfig: Setting CVar [[r.SkyAtmosphere.SampleCountMin:4.0]]
[2020.08.15-13.41.58:573][  0]LogConfig: Setting CVar [[r.SkyAtmosphere.SampleCountMax:32.0]]
[2020.08.15-13.41.58:573][  0]LogConfig: Setting CVar [[r.SkyAtmosphere.TransmittanceLUT.UseSmallFormat:0]]
[2020.08.15-13.41.58:573][  0]LogConfig: Setting CVar [[r.SkyAtmosphere.TransmittanceLUT.SampleCount:10.0]]
[2020.08.15-13.41.58:573][  0]LogConfig: Setting CVar [[r.SkyAtmosphere.MultiScatteringLUT.SampleCount:15.0]]
[2020.08.15-13.41.58:573][  0]LogConfig: Applying CVar settings from Section [FoliageQuality@3] File [D:/GitHubFile/2020CIGA/GGStudioGGJ2020/Saved/Config/Windows/Scalability.ini]
[2020.08.15-13.41.58:573][  0]LogConfig: Setting CVar [[foliage.DensityScale:1.0]]
[2020.08.15-13.41.58:573][  0]LogConfig: Setting CVar [[grass.DensityScale:1.0]]
[2020.08.15-13.41.58:573][  0]LogConfig: Applying CVar settings from Section [ShadingQuality@3] File [D:/GitHubFile/2020CIGA/GGStudioGGJ2020/Saved/Config/Windows/Scalability.ini]
[2020.08.15-13.41.58:573][  0]LogConfig: Setting CVar [[r.HairStrands.SkyLighting.SampleCount:16]]
[2020.08.15-13.41.58:573][  0]LogConfig: Setting CVar [[r.HairStrands.SkyLighting.JitterIntegration:0]]
[2020.08.15-13.41.58:573][  0]LogConfig: Setting CVar [[r.HairStrands.SkyAO.SampleCount:16]]
[2020.08.15-13.41.58:573][  0]LogInit: Selected Device Profile: [Windows]
[2020.08.15-13.41.58:573][  0]LogInit: Applying CVar settings loaded from the selected device profile: [Windows]
[2020.08.15-13.41.58:575][  0]LogHAL: Display: Platform has ~ 16 GB [17086820352 / 17179869184 / 16], which maps to Larger [LargestMinGB=32, LargerMinGB=12, DefaultMinGB=8, SmallerMinGB=6, SmallestMinGB=0)
[2020.08.15-13.41.58:575][  0]LogInit: Going up to parent DeviceProfile []
[2020.08.15-13.41.58:575][  0]LogConfig: Applying CVar settings from Section [ViewDistanceQuality@3] File [D:/GitHubFile/2020CIGA/GGStudioGGJ2020/Saved/Config/Windows/Scalability.ini]
[2020.08.15-13.41.58:575][  0]LogConfig: Setting CVar [[r.SkeletalMeshLODBias:0]]
[2020.08.15-13.41.58:575][  0]LogConfig: Setting CVar [[r.ViewDistanceScale:1.0]]
[2020.08.15-13.41.58:575][  0]LogConfig: Applying CVar settings from Section [AntiAliasingQuality@3] File [D:/GitHubFile/2020CIGA/GGStudioGGJ2020/Saved/Config/Windows/Scalability.ini]
[2020.08.15-13.41.58:575][  0]LogConfig: Setting CVar [[r.PostProcessAAQuality:4]]
[2020.08.15-13.41.58:575][  0]LogConfig: Applying CVar settings from Section [ShadowQuality@3] File [D:/GitHubFile/2020CIGA/GGStudioGGJ2020/Saved/Config/Windows/Scalability.ini]
[2020.08.15-13.41.58:575][  0]LogConfig: Setting CVar [[r.LightFunctionQuality:1]]
[2020.08.15-13.41.58:575][  0]LogConfig: Setting CVar [[r.ShadowQuality:5]]
[2020.08.15-13.41.58:575][  0]LogConfig: Setting CVar [[r.Shadow.CSM.MaxCascades:10]]
[2020.08.15-13.41.58:575][  0]LogConfig: Setting CVar [[r.Shadow.MaxResolution:2048]]
[2020.08.15-13.41.58:575][  0]LogConfig: Setting CVar [[r.Shadow.MaxCSMResolution:2048]]
[2020.08.15-13.41.58:575][  0]LogConfig: Setting CVar [[r.Shadow.RadiusThreshold:0.01]]
[2020.08.15-13.41.58:575][  0]LogConfig: Setting CVar [[r.Shadow.DistanceScale:1.0]]
[2020.08.15-13.41.58:575][  0]LogConfig: Setting CVar [[r.Shadow.CSM.TransitionScale:1.0]]
[2020.08.15-13.41.58:575][  0]LogConfig: Setting CVar [[r.Shadow.PreShadowResolutionFactor:1.0]]
[2020.08.15-13.41.58:575][  0]LogConfig: Setting CVar [[r.DistanceFieldShadowing:1]]
[2020.08.15-13.41.58:575][  0]LogConfig: Setting CVar [[r.DistanceFieldAO:1]]
[2020.08.15-13.41.58:575][  0]LogConfig: Setting CVar [[r.AOQuality:2]]
[2020.08.15-13.41.58:575][  0]LogConfig: Setting CVar [[r.VolumetricFog:1]]
[2020.08.15-13.41.58:575][  0]LogConfig: Setting CVar [[r.VolumetricFog.GridPixelSize:8]]
[2020.08.15-13.41.58:575][  0]LogConfig: Setting CVar [[r.VolumetricFog.GridSizeZ:128]]
[2020.08.15-13.41.58:575][  0]LogConfig: Setting CVar [[r.VolumetricFog.HistoryMissSupersampleCount:4]]
[2020.08.15-13.41.58:575][  0]LogConfig: Setting CVar [[r.LightMaxDrawDistanceScale:1]]
[2020.08.15-13.41.58:575][  0]LogConfig: Setting CVar [[r.CapsuleShadows:1]]
[2020.08.15-13.41.58:575][  0]LogConfig: Applying CVar settings from Section [PostProcessQuality@3] File [D:/GitHubFile/2020CIGA/GGStudioGGJ2020/Saved/Config/Windows/Scalability.ini]
[2020.08.15-13.41.58:575][  0]LogConfig: Setting CVar [[r.MotionBlurQuality:4]]
[2020.08.15-13.41.58:575][  0]LogConfig: Setting CVar [[r.AmbientOcclusionMipLevelFactor:0.4]]
[2020.08.15-13.41.58:575][  0]LogConfig: Setting CVar [[r.AmbientOcclusionMaxQuality:100]]
[2020.08.15-13.41.58:575][  0]LogConfig: Setting CVar [[r.AmbientOcclusionLevels:-1]]
[2020.08.15-13.41.58:575][  0]LogConfig: Setting CVar [[r.AmbientOcclusionRadiusScale:1.0]]
[2020.08.15-13.41.58:575][  0]LogConfig: Setting CVar [[r.DepthOfFieldQuality:2]]
[2020.08.15-13.41.58:575][  0]LogConfig: Setting CVar [[r.RenderTargetPoolMin:400]]
[2020.08.15-13.41.58:575][  0]LogConfig: Setting CVar [[r.LensFlareQuality:2]]
[2020.08.15-13.41.58:575][  0]LogConfig: Setting CVar [[r.SceneColorFringeQuality:1]]
[2020.08.15-13.41.58:575][  0]LogConfig: Setting CVar [[r.EyeAdaptationQuality:2]]
[2020.08.15-13.41.58:575][  0]LogConfig: Setting CVar [[r.BloomQuality:5]]
[2020.08.15-13.41.58:575][  0]LogConfig: Setting CVar [[r.FastBlurThreshold:100]]
[2020.08.15-13.41.58:575][  0]LogConfig: Setting CVar [[r.Upscale.Quality:3]]
[2020.08.15-13.41.58:575][  0]LogConfig: Setting CVar [[r.Tonemapper.GrainQuantization:1]]
[2020.08.15-13.41.58:575][  0]LogConfig: Setting CVar [[r.LightShaftQuality:1]]
[2020.08.15-13.41.58:575][  0]LogConfig: Setting CVar [[r.Filter.SizeScale:1]]
[2020.08.15-13.41.58:575][  0]LogConfig: Setting CVar [[r.Tonemapper.Quality:5]]
[2020.08.15-13.41.58:575][  0]LogConfig: Setting CVar [[r.DOF.Gather.AccumulatorQuality:1        ; higher gathering accumulator quality]]
[2020.08.15-13.41.58:575][  0]LogConfig: Setting CVar [[r.DOF.Gather.PostfilterMethod:1          ; Median3x3 postfilering method]]
[2020.08.15-13.41.58:575][  0]LogConfig: Setting CVar [[r.DOF.Gather.EnableBokehSettings:0       ; no bokeh simulation when gathering]]
[2020.08.15-13.41.58:575][  0]LogConfig: Setting CVar [[r.DOF.Gather.RingCount:4                 ; medium number of samples when gathering]]
[2020.08.15-13.41.58:575][  0]LogConfig: Setting CVar [[r.DOF.Scatter.ForegroundCompositing:1    ; additive foreground scattering]]
[2020.08.15-13.41.58:575][  0]LogConfig: Setting CVar [[r.DOF.Scatter.BackgroundCompositing:2    ; additive background scattering]]
[2020.08.15-13.41.58:575][  0]LogConfig: Setting CVar [[r.DOF.Scatter.EnableBokehSettings:1      ; bokeh simulation when scattering]]
[2020.08.15-13.41.58:575][  0]LogConfig: Setting CVar [[r.DOF.Scatter.MaxSpriteRatio:0.1         ; only a maximum of 10% of scattered bokeh]]
[2020.08.15-13.41.58:575][  0]LogConfig: Setting CVar [[r.DOF.Recombine.Quality:1                ; cheap slight out of focus]]
[2020.08.15-13.41.58:575][  0]LogConfig: Setting CVar [[r.DOF.Recombine.EnableBokehSettings:0    ; no bokeh simulation on slight out of focus]]
[2020.08.15-13.41.58:575][  0]LogConfig: Setting CVar [[r.DOF.TemporalAAQuality:1                ; more stable temporal accumulation]]
[2020.08.15-13.41.58:575][  0]LogConfig: Setting CVar [[r.DOF.Kernel.MaxForegroundRadius:0.025]]
[2020.08.15-13.41.58:575][  0]LogConfig: Setting CVar [[r.DOF.Kernel.MaxBackgroundRadius:0.025]]
[2020.08.15-13.41.58:575][  0]LogConfig: Applying CVar settings from Section [TextureQuality@3] File [D:/GitHubFile/2020CIGA/GGStudioGGJ2020/Saved/Config/Windows/Scalability.ini]
[2020.08.15-13.41.58:575][  0]LogConfig: Setting CVar [[r.Streaming.MipBias:0]]
[2020.08.15-13.41.58:575][  0]LogConfig: Setting CVar [[r.Streaming.AmortizeCPUToGPUCopy:0]]
[2020.08.15-13.41.58:575][  0]LogConfig: Setting CVar [[r.Streaming.MaxNumTexturesToStreamPerFrame:0]]
[2020.08.15-13.41.58:575][  0]LogConfig: Setting CVar [[r.Streaming.Boost:1]]
[2020.08.15-13.41.58:575][  0]LogConfig: Setting CVar [[r.MaxAnisotropy:8]]
[2020.08.15-13.41.58:575][  0]LogConfig: Setting CVar [[r.VT.MaxAnisotropy:8]]
[2020.08.15-13.41.58:575][  0]LogConfig: Setting CVar [[r.Streaming.LimitPoolSizeToVRAM:0]]
[2020.08.15-13.41.58:575][  0]LogConfig: Setting CVar [[r.Streaming.PoolSize:1000]]
[2020.08.15-13.41.58:575][  0]LogConfig: Setting CVar [[r.Streaming.MaxEffectiveScreenSize:0]]
[2020.08.15-13.41.58:575][  0]LogConfig: Applying CVar settings from Section [EffectsQuality@3] File [D:/GitHubFile/2020CIGA/GGStudioGGJ2020/Saved/Config/Windows/Scalability.ini]
[2020.08.15-13.41.58:575][  0]LogConfig: Setting CVar [[r.TranslucencyLightingVolumeDim:64]]
[2020.08.15-13.41.58:575][  0]LogConfig: Setting CVar [[r.RefractionQuality:2]]
[2020.08.15-13.41.58:575][  0]LogConfig: Setting CVar [[r.SSR.Quality:3]]
[2020.08.15-13.41.58:575][  0]LogConfig: Setting CVar [[r.SSR.HalfResSceneColor:0]]
[2020.08.15-13.41.58:575][  0]LogConfig: Setting CVar [[r.SceneColorFormat:4]]
[2020.08.15-13.41.58:575][  0]LogConfig: Setting CVar [[r.DetailMode:2]]
[2020.08.15-13.41.58:575][  0]LogConfig: Setting CVar [[r.TranslucencyVolumeBlur:1]]
[2020.08.15-13.41.58:575][  0]LogConfig: Setting CVar [[r.MaterialQualityLevel:1 ; High quality]]
[2020.08.15-13.41.58:575][  0]LogConfig: Setting CVar [[r.SSS.Scale:1]]
[2020.08.15-13.41.58:575][  0]LogConfig: Setting CVar [[r.SSS.SampleSet:2]]
[2020.08.15-13.41.58:575][  0]LogConfig: Setting CVar [[r.SSS.Quality:1]]
[2020.08.15-13.41.58:575][  0]LogConfig: Setting CVar [[r.SSS.HalfRes:1]]
[2020.08.15-13.41.58:575][  0]LogConfig: Setting CVar [[r.SSGI.Quality:3]]
[2020.08.15-13.41.58:575][  0]LogConfig: Setting CVar [[r.EmitterSpawnRateScale:1.0]]
[2020.08.15-13.41.58:575][  0]LogConfig: Setting CVar [[r.ParticleLightQuality:2]]
[2020.08.15-13.41.58:575][  0]LogConfig: Setting CVar [[r.SkyAtmosphere.AerialPerspectiveLUT.FastApplyOnOpaque:1 ; Always have FastSkyLUT 1 in this case to avoid wrong sky]]
[2020.08.15-13.41.58:575][  0]LogConfig: Setting CVar [[r.SkyAtmosphere.AerialPerspectiveLUT.SampleCountPerSlice:1]]
[2020.08.15-13.41.58:575][  0]LogConfig: Setting CVar [[r.SkyAtmosphere.AerialPerspectiveLUT.DepthResolution:16.0]]
[2020.08.15-13.41.58:575][  0]LogConfig: Setting CVar [[r.SkyAtmosphere.FastSkyLUT:1]]
[2020.08.15-13.41.58:575][  0]LogConfig: Setting CVar [[r.SkyAtmosphere.FastSkyLUT.SampleCountMin:4.0]]
[2020.08.15-13.41.58:575][  0]LogConfig: Setting CVar [[r.SkyAtmosphere.FastSkyLUT.SampleCountMax:32.0]]
[2020.08.15-13.41.58:575][  0]LogConfig: Setting CVar [[r.SkyAtmosphere.SampleCountMin:4.0]]
[2020.08.15-13.41.58:575][  0]LogConfig: Setting CVar [[r.SkyAtmosphere.SampleCountMax:32.0]]
[2020.08.15-13.41.58:575][  0]LogConfig: Setting CVar [[r.SkyAtmosphere.TransmittanceLUT.UseSmallFormat:0]]
[2020.08.15-13.41.58:575][  0]LogConfig: Setting CVar [[r.SkyAtmosphere.TransmittanceLUT.SampleCount:10.0]]
[2020.08.15-13.41.58:575][  0]LogConfig: Setting CVar [[r.SkyAtmosphere.MultiScatteringLUT.SampleCount:15.0]]
[2020.08.15-13.41.58:575][  0]LogConfig: Applying CVar settings from Section [FoliageQuality@3] File [D:/GitHubFile/2020CIGA/GGStudioGGJ2020/Saved/Config/Windows/Scalability.ini]
[2020.08.15-13.41.58:575][  0]LogConfig: Setting CVar [[foliage.DensityScale:1.0]]
[2020.08.15-13.41.58:575][  0]LogConfig: Setting CVar [[grass.DensityScale:1.0]]
[2020.08.15-13.41.58:575][  0]LogConfig: Applying CVar settings from Section [ShadingQuality@3] File [D:/GitHubFile/2020CIGA/GGStudioGGJ2020/Saved/Config/Windows/Scalability.ini]
[2020.08.15-13.41.58:575][  0]LogConfig: Setting CVar [[r.HairStrands.SkyLighting.SampleCount:16]]
[2020.08.15-13.41.58:576][  0]LogConfig: Setting CVar [[r.HairStrands.SkyLighting.JitterIntegration:0]]
[2020.08.15-13.41.58:576][  0]LogConfig: Setting CVar [[r.HairStrands.SkyAO.SampleCount:16]]
[2020.08.15-13.41.58:576][  0]LogConfig: Applying CVar settings from Section [Startup] File [../../../Engine/Config/ConsoleVariables.ini]
[2020.08.15-13.41.58:576][  0]LogConfig: Setting CVar [[net.UseAdaptiveNetUpdateFrequency:0]]
[2020.08.15-13.41.58:576][  0]LogConfig: Setting CVar [[p.chaos.AllowCreatePhysxBodies:1]]
[2020.08.15-13.41.58:576][  0]LogConfig: Applying CVar settings from Section [ConsoleVariables] File [D:/GitHubFile/2020CIGA/GGStudioGGJ2020/Saved/Config/Windows/Engine.ini]
[2020.08.15-13.41.58:576][  0]LogInit: Computer: DESKTOP-CM3N7I4
[2020.08.15-13.41.58:576][  0]LogInit: User: chaow
[2020.08.15-13.41.58:576][  0]LogInit: CPU Page size=4096, Cores=8
[2020.08.15-13.41.58:576][  0]LogInit: High frequency timer resolution =10.000000 MHz
[2020.08.15-13.41.58:576][  0]LogMemory: Memory total: Physical=15.9GB (16GB approx)
[2020.08.15-13.41.58:576][  0]LogMemory: Platform Memory Stats for Windows
[2020.08.15-13.41.58:576][  0]LogMemory: Process Physical Memory: 105.73 MB used, 105.73 MB peak
[2020.08.15-13.41.58:576][  0]LogMemory: Process Virtual Memory: 102.32 MB used, 102.32 MB peak
[2020.08.15-13.41.58:576][  0]LogMemory: Physical Memory: 7434.07 MB used,  8861.20 MB free, 16295.26 MB total
[2020.08.15-13.41.58:576][  0]LogMemory: Virtual Memory: 5179.48 MB used,  134212552.00 MB free, 134217728.00 MB total
[2020.08.15-13.41.58:577][  0]LogWindows: WindowsPlatformFeatures enabled
[2020.08.15-13.41.58:589][  0]LogInit: Using OS detected language (zh-CN).
[2020.08.15-13.41.58:589][  0]LogInit: Using OS detected locale (zh-CN).
[2020.08.15-13.41.58:589][  0]LogTextLocalizationManager: No specific localization for 'zh-CN' exists, so the 'zh-Hans' localization will be used.
[2020.08.15-13.41.58:647][  0]LogTextLocalizationResource: LocRes '../../../Engine/Content/Localization/Editor/zh/Editor.locres' could not be opened for reading!
[2020.08.15-13.41.58:647][  0]LogTextLocalizationResource: LocRes '../../../Engine/Content/Localization/EditorTutorials/zh/EditorTutorials.locres' could not be opened for reading!
[2020.08.15-13.41.58:647][  0]LogTextLocalizationResource: LocRes '../../../Engine/Content/Localization/Keywords/zh/Keywords.locres' could not be opened for reading!
[2020.08.15-13.41.58:647][  0]LogTextLocalizationResource: LocRes '../../../Engine/Content/Localization/Category/zh/Category.locres' could not be opened for reading!
[2020.08.15-13.41.58:647][  0]LogTextLocalizationResource: LocRes '../../../Engine/Content/Localization/ToolTips/zh/ToolTips.locres' could not be opened for reading!
[2020.08.15-13.41.58:647][  0]LogTextLocalizationResource: LocRes '../../../Engine/Content/Localization/PropertyNames/zh/PropertyNames.locres' could not be opened for reading!
[2020.08.15-13.41.58:647][  0]LogTextLocalizationResource: LocRes '../../../Engine/Content/Localization/Engine/zh/Engine.locres' could not be opened for reading!
[2020.08.15-13.41.58:648][  0]LogTextLocalizationResource: LocRes '../../../Engine/Plugins/Online/Android/OnlineSubsystemGooglePlay/Content/Localization/OnlineSubsystemGooglePlay/zh/OnlineSubsystemGooglePlay.locres' could not be opened for reading!
[2020.08.15-13.41.58:648][  0]LogTextLocalizationResource: LocRes '../../../Engine/Plugins/Online/IOS/OnlineSubsystemIOS/Content/Localization/OnlineSubsystemIOS/zh/OnlineSubsystemIOS.locres' could not be opened for reading!
[2020.08.15-13.41.58:648][  0]LogTextLocalizationResource: LocRes '../../../Engine/Plugins/Online/OnlineSubsystem/Content/Localization/OnlineSubsystem/zh/OnlineSubsystem.locres' could not be opened for reading!
[2020.08.15-13.41.58:648][  0]LogTextLocalizationResource: LocRes '../../../Engine/Plugins/Online/OnlineSubsystemUtils/Content/Localization/OnlineSubsystemUtils/zh/OnlineSubsystemUtils.locres' could not be opened for reading!
[2020.08.15-13.41.58:678][  0]LogInit: Setting process to per monitor DPI aware
[2020.08.15-13.41.58:702][  0]LogSlate: New Slate User Created.  User Index 0, Is Virtual User: 0
[2020.08.15-13.41.58:702][  0]LogSlate: Slate User Registered.  User Index 0, Is Virtual User: 0
[2020.08.15-13.41.58:782][  0]LogHMD: Failed to initialize OpenVR with code 110
[2020.08.15-13.41.58:782][  0]LogD3D11RHI: D3D11 min allowed feature level: 11_0
[2020.08.15-13.41.58:782][  0]LogD3D11RHI: D3D11 max allowed feature level: 11_0
[2020.08.15-13.41.58:782][  0]LogD3D11RHI: D3D11 adapters:
[2020.08.15-13.41.58:832][  0]LogD3D11RHI:    0. 'NVIDIA GeForce RTX 2070 SUPER' (Feature Level 11_0)
[2020.08.15-13.41.58:832][  0]LogD3D11RHI:       8011/0/8147 MB DedicatedVideo/DedicatedSystem/SharedSystem, Outputs:2, VendorId:0x10de
[2020.08.15-13.41.58:834][  0]LogD3D11RHI:    1. 'Microsoft Basic Render Driver' (Feature Level 11_0)
[2020.08.15-13.41.58:834][  0]LogD3D11RHI:       0/0/8147 MB DedicatedVideo/DedicatedSystem/SharedSystem, Outputs:0, VendorId:0x1414
[2020.08.15-13.41.58:835][  0]LogD3D11RHI:    2. 'Microsoft Basic Render Driver' (Feature Level 11_0)
[2020.08.15-13.41.58:835][  0]LogD3D11RHI:       0/0/8147 MB DedicatedVideo/DedicatedSystem/SharedSystem, Outputs:0, VendorId:0x1414
[2020.08.15-13.41.58:835][  0]LogD3D11RHI: Chosen D3D11 Adapter: 0
[2020.08.15-13.41.58:846][  0]LogD3D11RHI: Creating new Direct3DDevice
[2020.08.15-13.41.58:846][  0]LogD3D11RHI:     GPU DeviceId: 0x1e84 (for the marketing name, search the web for "GPU Device Id")
[2020.08.15-13.41.58:846][  0]LogWindows: EnumDisplayDevices:
[2020.08.15-13.41.58:846][  0]LogWindows:    0. 'NVIDIA GeForce RTX 2070 SUPER' (P:1 D:1)
[2020.08.15-13.41.58:846][  0]LogWindows:    1. 'NVIDIA GeForce RTX 2070 SUPER' (P:0 D:1)
[2020.08.15-13.41.58:847][  0]LogWindows:    2. 'NVIDIA GeForce RTX 2070 SUPER' (P:0 D:0)
[2020.08.15-13.41.58:847][  0]LogWindows:    3. 'NVIDIA GeForce RTX 2070 SUPER' (P:0 D:0)
[2020.08.15-13.41.58:847][  0]LogWindows:    4. 'Lebo Virtual USB Monitor' (P:0 D:0)
[2020.08.15-13.41.58:847][  0]LogWindows: DebugString: GetVideoDriverDetailsInvalid PrimaryIsNotTheChoosenAdapter FoundDriverCount:4 
[2020.08.15-13.41.58:847][  0]LogD3D11RHI:     Adapter Name: NVIDIA GeForce RTX 2070 SUPER
[2020.08.15-13.41.58:847][  0]LogD3D11RHI:   Driver Version: 445.87 (internal:26.21.14.4587, unified:445.87)
[2020.08.15-13.41.58:847][  0]LogD3D11RHI:      Driver Date: 4-3-2020
[2020.08.15-13.41.58:847][  0]LogRHI: Texture pool is 5607 MB (70% of 8011 MB)
[2020.08.15-13.41.58:883][  0]LogD3D11RHI: RHI has support for 64 bit atomics
[2020.08.15-13.41.58:883][  0]LogD3D11RHI: Async texture creation enabled
[2020.08.15-13.41.58:884][  0]LogD3D11RHI: HDR output is supported on display 0 (NvId: 0x80061082).
[2020.08.15-13.41.58:905][  0]LogD3D11RHI: GPU Timing Frequency: 1000.000000 (Debug: 2 1)
[2020.08.15-13.41.59:089][  0]LogTargetPlatformManager: Display: Loaded TargetPlatform 'AllDesktop'
[2020.08.15-13.41.59:116][  0]LogTargetPlatformManager: Display: Loaded TargetPlatform 'Android'
[2020.08.15-13.41.59:116][  0]LogTargetPlatformManager: Display: Loaded TargetPlatform 'Android_ASTC'
[2020.08.15-13.41.59:116][  0]LogTargetPlatformManager: Display: Loaded TargetPlatform 'Android_ATC'
[2020.08.15-13.41.59:116][  0]LogTargetPlatformManager: Display: Loaded TargetPlatform 'Android_DXT'
[2020.08.15-13.41.59:116][  0]LogTargetPlatformManager: Display: Loaded TargetPlatform 'Android_ETC1'
[2020.08.15-13.41.59:116][  0]LogTargetPlatformManager: Display: Loaded TargetPlatform 'Android_ETC1a'
[2020.08.15-13.41.59:116][  0]LogTargetPlatformManager: Display: Loaded TargetPlatform 'Android_ETC2'
[2020.08.15-13.41.59:116][  0]LogTargetPlatformManager: Display: Loaded TargetPlatform 'Android_PVRTC'
[2020.08.15-13.41.59:116][  0]LogTargetPlatformManager: Display: Loaded TargetPlatform 'AndroidClient'
[2020.08.15-13.41.59:116][  0]LogTargetPlatformManager: Display: Loaded TargetPlatform 'Android_ASTCClient'
[2020.08.15-13.41.59:116][  0]LogTargetPlatformManager: Display: Loaded TargetPlatform 'Android_ATCClient'
[2020.08.15-13.41.59:116][  0]LogTargetPlatformManager: Display: Loaded TargetPlatform 'Android_DXTClient'
[2020.08.15-13.41.59:116][  0]LogTargetPlatformManager: Display: Loaded TargetPlatform 'Android_ETC1Client'
[2020.08.15-13.41.59:116][  0]LogTargetPlatformManager: Display: Loaded TargetPlatform 'Android_ETC1aClient'
[2020.08.15-13.41.59:116][  0]LogTargetPlatformManager: Display: Loaded TargetPlatform 'Android_ETC2Client'
[2020.08.15-13.41.59:116][  0]LogTargetPlatformManager: Display: Loaded TargetPlatform 'Android_PVRTCClient'
[2020.08.15-13.41.59:116][  0]LogTargetPlatformManager: Display: Loaded TargetPlatform 'Android_Multi'
[2020.08.15-13.41.59:116][  0]LogTargetPlatformManager: Display: Loaded TargetPlatform 'Android_MultiClient'
[2020.08.15-13.41.59:127][  0]LogTargetPlatformManager: Display: Loaded TargetPlatform 'IOSClient'
[2020.08.15-13.41.59:127][  0]LogTargetPlatformManager: Display: Loaded TargetPlatform 'IOS'
[2020.08.15-13.41.59:131][  0]LogTargetPlatformManager: Display: Loaded TargetPlatform 'LinuxNoEditor'
[2020.08.15-13.41.59:136][  0]LogTargetPlatformManager: Display: Loaded TargetPlatform 'LinuxClient'
[2020.08.15-13.41.59:140][  0]LogTargetPlatformManager: Display: Loaded TargetPlatform 'LinuxServer'
[2020.08.15-13.41.59:144][  0]LogTargetPlatformManager: Display: Loaded TargetPlatform 'LinuxAArch64NoEditor'
[2020.08.15-13.41.59:149][  0]LogTargetPlatformManager: Display: Loaded TargetPlatform 'LinuxAArch64Client'
[2020.08.15-13.41.59:153][  0]LogTargetPlatformManager: Display: Loaded TargetPlatform 'LinuxAArch64Server'
[2020.08.15-13.41.59:169][  0]LogTargetPlatformManager: Display: Loaded TargetPlatform 'Lumin'
[2020.08.15-13.41.59:169][  0]LogTargetPlatformManager: Display: Loaded TargetPlatform 'LuminClient'
[2020.08.15-13.41.59:178][  0]LogTargetPlatformManager: Display: Loaded TargetPlatform 'TVOSClient'
[2020.08.15-13.41.59:179][  0]LogTargetPlatformManager: Display: Loaded TargetPlatform 'TVOS'
[2020.08.15-13.41.59:183][  0]LogTargetPlatformManager: Display: Loaded TargetPlatform 'WindowsNoEditor'
[2020.08.15-13.41.59:188][  0]LogTargetPlatformManager: Display: Loaded TargetPlatform 'Windows'
[2020.08.15-13.41.59:192][  0]LogTargetPlatformManager: Display: Loaded TargetPlatform 'WindowsClient'
[2020.08.15-13.41.59:196][  0]LogTargetPlatformManager: Display: Loaded TargetPlatform 'WindowsServer'
[2020.08.15-13.41.59:196][  0]LogTargetPlatformManager: Display: Building Assets For Windows
[2020.08.15-13.41.59:197][  0]LogAudioDebug: Display: Lib vorbis DLL was dynamically loaded.
[2020.08.15-13.41.59:208][  0]LogShaderCompilers: Guid format shader working directory is -5 characters bigger than the processId version (../../../../../GitHubFile/2020CIGA/GGStudioGGJ2020/Intermediate/Shaders/WorkingDirectory/13508/).
[2020.08.15-13.41.59:208][  0]LogShaderCompilers: Cleaned the shader compiler working directory 'C:/Users/chaow/AppData/Local/Temp/UnrealShaderWorkingDir/038A1D504735ADB8AF45E3AA5BBAAD50/'.
[2020.08.15-13.41.59:208][  0]LogXGEController: Cannot use XGE Controller as Incredibuild is not installed on this machine.
[2020.08.15-13.41.59:208][  0]LogShaderCompilers: Cannot use XGE Shader Compiler as Incredibuild is not installed on this machine.
[2020.08.15-13.41.59:208][  0]LogShaderCompilers: Display: Using Local Shader Compiler.
[2020.08.15-13.41.59:706][  0]LogDerivedDataCache: Display: Max Cache Size: 512 MB
[2020.08.15-13.41.59:759][  0]LogDerivedDataCache: Loaded boot cache 0.05s 78MB C:/Users/chaow/AppData/Local/UnrealEngine/4.24/DerivedDataCache/Boot.ddc.
[2020.08.15-13.41.59:759][  0]LogDerivedDataCache: Display: Loaded Boot cache: C:/Users/chaow/AppData/Local/UnrealEngine/4.24/DerivedDataCache/Boot.ddc
[2020.08.15-13.41.59:759][  0]LogDerivedDataCache: FDerivedDataBackendGraph:  Pak pak cache file ../../../../../GitHubFile/2020CIGA/GGStudioGGJ2020/DerivedDataCache/DDC.ddp not found, will not use a pak cache.
[2020.08.15-13.41.59:759][  0]LogDerivedDataCache: Unable to find inner node Pak for hierarchical cache Hierarchy.
[2020.08.15-13.41.59:759][  0]LogDerivedDataCache: FDerivedDataBackendGraph:  CompressedPak pak cache file ../../../../../GitHubFile/2020CIGA/GGStudioGGJ2020/DerivedDataCache/Compressed.ddp not found, will not use a pak cache.
[2020.08.15-13.41.59:759][  0]LogDerivedDataCache: Unable to find inner node CompressedPak for hierarchical cache Hierarchy.
[2020.08.15-13.41.59:766][  0]LogDerivedDataCache: Display: Pak cache opened for reading ../../../Engine/DerivedDataCache/Compressed.ddp.
[2020.08.15-13.41.59:766][  0]LogDerivedDataCache: FDerivedDataBackendGraph:  EnterprisePak pak cache file ../../../Enterprise/DerivedDataCache/Compressed.ddp not found, will not use a pak cache.
[2020.08.15-13.41.59:766][  0]LogDerivedDataCache: Unable to find inner node EnterprisePak for hierarchical cache Hierarchy.
[2020.08.15-13.41.59:767][  0]LogDerivedDataCache: Using Local data cache path C:/Users/chaow/AppData/Local/UnrealEngine/Common/DerivedDataCache: Writable
[2020.08.15-13.41.59:767][  0]LogDerivedDataCache: Shared data cache path not found in *engine.ini, will not use an Shared cache.
[2020.08.15-13.41.59:767][  0]LogDerivedDataCache: Unable to find inner node Shared for hierarchical cache Hierarchy.
[2020.08.15-13.41.59:784][  0]LogMaterial: Verifying Global Shaders for PCD3D_SM5
[2020.08.15-13.41.59:786][  0]LogSlate: Using FreeType 2.10.0
[2020.08.15-13.41.59:786][  0]LogSlate: SlateFontServices - WITH_FREETYPE: 1, WITH_HARFBUZZ: 1
[2020.08.15-13.41.59:819][  0]LogAssetRegistry: FAssetRegistry took 0.0018 seconds to start up
[2020.08.15-13.42.00:014][  0]LogInit: Selected Device Profile: [Windows]
[2020.08.15-13.42.00:117][  0]LogMeshReduction: Using QuadricMeshReduction for automatic static mesh reduction
[2020.08.15-13.42.00:117][  0]LogMeshReduction: Using SimplygonMeshReduction for automatic skeletal mesh reduction
[2020.08.15-13.42.00:117][  0]LogMeshReduction: Using ProxyLODMeshReduction for automatic mesh merging
[2020.08.15-13.42.00:117][  0]LogMeshReduction: No distributed automatic mesh merging module available
[2020.08.15-13.42.00:117][  0]LogMeshMerging: No distributed automatic mesh merging module available
[2020.08.15-13.42.00:127][  0]LogNetVersion: GGStudioGGJ2020 1.0.0, NetCL: 10570792, EngineNetVer: 13, GameNetVer: 0 (Checksum: 1784089266)
[2020.08.15-13.42.00:830][  0]LogPackageLocalizationCache: Processed 10 localized package path(s) for 2 prioritized culture(s) in 0.050934 seconds
[2020.08.15-13.42.00:835][  0]LogUObjectArray: 46750 objects as part of root set at end of initial load.
[2020.08.15-13.42.00:835][  0]LogUObjectAllocator: 8137160 out of 0 bytes used by permanent object pool.
[2020.08.15-13.42.00:835][  0]LogUObjectArray: CloseDisregardForGC: 0/0 objects in disregard for GC pool
[2020.08.15-13.42.01:083][  0]LogTcpMessaging: Initializing TcpMessaging bridge
[2020.08.15-13.42.01:085][  0]LogUdpMessaging: Initializing bridge on interface 0.0.0.0:0 to multicast group 230.0.0.1:6666.
[2020.08.15-13.42.01:118][  0]SourceControl: 源码管理已禁用
[2020.08.15-13.42.01:118][  0]SourceControl: 源码管理已禁用
[2020.08.15-13.42.01:119][  0]SourceControl: 源码管理已禁用
[2020.08.15-13.42.01:119][  0]SourceControl: 源码管理已禁用
[2020.08.15-13.42.01:119][  0]SourceControl: 源码管理已禁用
[2020.08.15-13.42.01:166][  0]LogAndroidPermission: UAndroidPermissionCallbackProxy::GetInstance
[2020.08.15-13.42.01:172][  0]LogAudioCaptureCore: Display: No Audio Capture implementations found. Audio input will be silent.
[2020.08.15-13.42.01:172][  0]LogAudioCaptureCore: Display: No Audio Capture implementations found. Audio input will be silent.
[2020.08.15-13.42.01:226][  0]LogOcInput: OculusInput pre-init called
[2020.08.15-13.42.01:230][  0]LogWindows: Failed to load 'OVRPlugin.dll' (GetLastError=126)
[2020.08.15-13.42.01:230][  0]LogWindows: File 'OVRPlugin.dll' does not exist
[2020.08.15-13.42.01:275][  0]LogEngine: Initializing Engine...
[2020.08.15-13.42.01:276][  0]LogHMD: Failed to initialize OpenVR with code 110
[2020.08.15-13.42.01:276][  0]LogStats: UGameplayTagsManager::InitializeManager -  0.000 s
[2020.08.15-13.42.01:520][  0]LogInit: Initializing FReadOnlyCVARCache
[2020.08.15-13.42.01:526][  0]LogAIModule: Creating AISystem for world Untitled
[2020.08.15-13.42.01:543][  0]LogAudioMixer: Display: Audio Mixer Platform Settings:
[2020.08.15-13.42.01:543][  0]LogAudioMixer: Display: 	Sample Rate:						  48000
[2020.08.15-13.42.01:543][  0]LogAudioMixer: Display: 	Callback Buffer Frame Size Requested: 1024
[2020.08.15-13.42.01:543][  0]LogAudioMixer: Display: 	Callback Buffer Frame Size To Use:	  1024
[2020.08.15-13.42.01:543][  0]LogAudioMixer: Display: 	Number of buffers to queue:			  2
[2020.08.15-13.42.01:543][  0]LogAudioMixer: Display: 	Max Channels (voices):				  32
[2020.08.15-13.42.01:543][  0]LogAudioMixer: Display: 	Number of Async Source Workers:		  0
[2020.08.15-13.42.01:543][  0]LogAudio: Display: AudioDevice MaxSources: 32
[2020.08.15-13.42.01:543][  0]LogAudio: Display: Using built-in audio occlusion.
[2020.08.15-13.42.01:543][  0]LogAudioMixer: Display: Initializing audio mixer.
[2020.08.15-13.42.01:562][  0]LogAudioMixer: Display: Audio Device Output Speaker Info:
[2020.08.15-13.42.01:562][  0]LogAudioMixer: Display: Name: 扬声器 (High Definition Audio Device)
[2020.08.15-13.42.01:562][  0]LogAudioMixer: Display: Is Default: Yes
[2020.08.15-13.42.01:562][  0]LogAudioMixer: Display: Sample Rate: 48000
[2020.08.15-13.42.01:562][  0]LogAudioMixer: Display: Channel Count Used: 2
[2020.08.15-13.42.01:562][  0]LogAudioMixer: Display: Device Channel Count: 2
[2020.08.15-13.42.01:562][  0]LogAudioMixer: Display: Channel Order:
[2020.08.15-13.42.01:562][  0]LogAudioMixer: Display: 0: FrontLeft
[2020.08.15-13.42.01:562][  0]LogAudioMixer: Display: 1: FrontRight
[2020.08.15-13.42.01:573][  0]LogAudioMixer: Display: Using Audio Device 扬声器 (High Definition Audio Device)
[2020.08.15-13.42.01:580][  0]LogInit: FAudioDevice initialized.
[2020.08.15-13.42.01:580][  0]LogNetVersion: Set ProjectVersion to 1.0.0.0. Version Checksum will be recalculated on next use.
[2020.08.15-13.42.01:628][  0]LogDerivedDataCache: Saved boot cache 0.05s 78MB C:/Users/chaow/AppData/Local/UnrealEngine/4.24/DerivedDataCache/Boot.ddc.
[2020.08.15-13.42.01:632][  0]LogInit: Texture streaming: Enabled
[2020.08.15-13.42.01:637][  0]LogEngineSessionManager: EngineSessionManager initialized
[2020.08.15-13.42.01:637][  0]LogEditorSessionSummary: Verbose: Initializing EditorSessionSummaryWriter for editor session tracking
[2020.08.15-13.42.01:638][  0]LogEditorSessionSummary: EditorSessionSummaryWriter initialized
[2020.08.15-13.42.01:680][  0]LogInit: Transaction tracking system initialized
[2020.08.15-13.42.01:686][  0]BlueprintLog: New page: 编辑器加载
[2020.08.15-13.42.01:702][  0]LocalizationService: 本地化服务已禁用
[2020.08.15-13.42.01:872][  0]LogFileCache: Scanning file cache for directory 'D:/GitHubFile/2020CIGA/GGStudioGGJ2020/Content/' took 0.00s
[2020.08.15-13.42.01:872][  0]LogCook: Display: Max memory allowance for cook 16384mb min free memory 0mb
[2020.08.15-13.42.01:872][  0]LogCook: Display: Mobile HDR setting 1
[2020.08.15-13.42.02:287][  0]SourceControl: 源码管理已禁用
[2020.08.15-13.42.02:287][  0]Cmd: MAP LOAD FILE="../../../Engine/Content/Maps/Templates/Template_Default.umap" TEMPLATE=1 SHOWPROGRESS=1 FEATURELEVEL=3
[2020.08.15-13.42.02:287][  0]LightingResults: New page: 光照构建
[2020.08.15-13.42.02:288][  0]LogWorld: UWorld::CleanupWorld for Untitled, bSessionEnded=true, bCleanupResources=true
[2020.08.15-13.42.02:288][  0]LogSlate: InvalidateAllWidgets triggered.  All widgets were invalidated
[2020.08.15-13.42.02:288][  0]MapCheck: New page: 地图检测
[2020.08.15-13.42.02:288][  0]LightingResults: New page: 光照构建
[2020.08.15-13.42.02:312][  0]LogUObjectHash: Compacting FUObjectHashTables data took   1.53ms
[2020.08.15-13.42.02:363][  0]LogAIModule: Creating AISystem for world Untitled_1
[2020.08.15-13.42.02:366][  0]LogEditorServer: Finished looking for orphan Actors (0.000 secs)
[2020.08.15-13.42.02:391][  0]LogUObjectHash: Compacting FUObjectHashTables data took   1.55ms
[2020.08.15-13.42.02:392][  0]Cmd: MAP CHECKDEP NOCLEARLOG
[2020.08.15-13.42.02:392][  0]MapCheck: 地图检测完成：0个错误、0个警告、完成用时0.078毫秒。
[2020.08.15-13.42.02:392][  0]LogFileHelpers: Loading map 'Template_Default' took 0.104
[2020.08.15-13.42.02:527][  0]LogSlate: Updating window title bar state: overlay mode, drag disabled, window buttons hidden, title bar hidden
[2020.08.15-13.42.02:531][  0]LogSlate: Updating window title bar state: overlay mode, drag disabled, window buttons hidden, title bar hidden
[2020.08.15-13.42.02:535][  0]LogSlate: Updating window title bar state: overlay mode, drag disabled, window buttons hidden, title bar hidden
[2020.08.15-13.42.02:539][  0]LogSlate: Updating window title bar state: overlay mode, drag disabled, window buttons hidden, title bar hidden
[2020.08.15-13.42.02:542][  0]LogCollectionManager: Loaded 0 collections in 0.000439 seconds
[2020.08.15-13.42.02:550][  0]LogFileCache: Scanning file cache for directory 'D:/GitHubFile/2020CIGA/GGStudioGGJ2020/Saved/Collections/' took 0.00s
[2020.08.15-13.42.02:550][  0]LogFileCache: Scanning file cache for directory 'D:/GitHubFile/2020CIGA/GGStudioGGJ2020/Content/Developers/chaow/Collections/' took 0.00s
[2020.08.15-13.42.02:550][  0]LogFileCache: Scanning file cache for directory 'D:/GitHubFile/2020CIGA/GGStudioGGJ2020/Content/Collections/' took 0.00s
[2020.08.15-13.42.02:550][  0]LogContentBrowser: Native class hierarchy populated in 0.0061 seconds. Added 3015 classes and 717 folders.
[2020.08.15-13.42.02:552][  0]LogContentBrowser: Native class hierarchy updated for 'WidgetCarousel' in 0.0002 seconds. Added 0 classes and 0 folders.
[2020.08.15-13.42.02:576][  0]LogContentBrowser: Native class hierarchy updated for 'AddContentDialog' in 0.0002 seconds. Added 0 classes and 0 folders.
[2020.08.15-13.42.02:579][  0]LogContentBrowser: Native class hierarchy updated for 'SceneOutliner' in 0.0002 seconds. Added 2 classes and 3 folders.
[2020.08.15-13.42.02:611][  0]LogSlate: Took 0.000191 seconds to synchronously load lazily loaded font '../../../Engine/Content/Slate/Fonts/Roboto-Regular.ttf' (155K)
[2020.08.15-13.42.02:613][  0]LogSlate: Took 0.001953 seconds to synchronously load lazily loaded font '../../../Engine/Content/Slate/Fonts/DroidSansFallback.ttf' (3848K)
[2020.08.15-13.42.02:613][  0]LogSlate: Took 0.000094 seconds to synchronously load lazily loaded font '../../../Engine/Content/Slate/Fonts/Roboto-Bold.ttf' (160K)
[2020.08.15-13.42.02:616][  0]LogSlate: Took 0.000077 seconds to synchronously load lazily loaded font '../../../Engine/Content/Editor/Slate/Fonts/FontAwesome.ttf' (139K)
[2020.08.15-13.42.02:667][  0]LogRenderer: Reallocating scene render targets to support 1676x808 Format 10 NumSamples 1 (Frame:1).
[2020.08.15-13.42.02:731][  0]LogContentBrowser: Native class hierarchy updated for 'HierarchicalLODOutliner' in 0.0002 seconds. Added 0 classes and 0 folders.
[2020.08.15-13.42.02:731][  0]LogLoad: (Engine Initialization) Total time: 4.69 seconds
[2020.08.15-13.42.02:731][  0]LogLoad: (Engine Initialization) Total Blueprint compile time: 0.00 seconds
[2020.08.15-13.42.02:765][  0]LogAssetRegistry: Asset discovery search completed in 2.9466 seconds
[2020.08.15-13.42.02:767][  0]LogCollectionManager: Fixed up redirectors for 0 collections in 0.000005 seconds (updated 0 objects)
[2020.08.15-13.42.02:768][  0]LogContentStreaming: Texture pool size now 1000 MB
[2020.08.15-13.42.43:797][809]LogSlate: Took 0.000207 seconds to synchronously load lazily loaded font '../../../Engine/Content/Slate/Fonts/Roboto-Light.ttf' (167K)
[2020.08.15-13.42.43:822][809]LogAssetEditorSubsystem: Opening Asset editor for WidgetBlueprint /Game/CHAOS/UI/Main.Main
[2020.08.15-13.42.43:990][809]LogEnum: Warning: Enum name collision: '负重块类型::NewEnumerator0' is in both '/Game/Trombe/2DSideScrollerBP/Blueprints/负重块类型.负重块类型' and '/Game/Huang/2DSideScrollerBP/Blueprints/负重块类型.负重块类型'
[2020.08.15-13.42.43:990][809]LogEnum: Warning: Enum name collision: '负重块类型::NewEnumerator1' is in both '/Game/Trombe/2DSideScrollerBP/Blueprints/负重块类型.负重块类型' and '/Game/Huang/2DSideScrollerBP/Blueprints/负重块类型.负重块类型'
[2020.08.15-13.42.43:991][809]LogEnum: Warning: Enum name collision: '负重块类型::NewEnumerator2' is in both '/Game/Trombe/2DSideScrollerBP/Blueprints/负重块类型.负重块类型' and '/Game/Huang/2DSideScrollerBP/Blueprints/负重块类型.负重块类型'
[2020.08.15-13.42.43:991][809]LogEnum: Warning: Enum name collision: '负重块类型::负重块类型_MAX' is in both '/Game/Trombe/2DSideScrollerBP/Blueprints/负重块类型.负重块类型' and '/Game/Huang/2DSideScrollerBP/Blueprints/负重块类型.负重块类型'
[2020.08.15-13.42.43:991][809]LogEnum: Warning: Enum name collision: '负重块类型::NewEnumerator0' is in both '/Game/Trombe/2DSideScrollerBP/Blueprints/负重块类型.负重块类型' and '/Game/Huang/2DSideScrollerBP/Blueprints/负重块类型.负重块类型'
[2020.08.15-13.42.43:991][809]LogEnum: Warning: Enum name collision: '负重块类型::NewEnumerator1' is in both '/Game/Trombe/2DSideScrollerBP/Blueprints/负重块类型.负重块类型' and '/Game/Huang/2DSideScrollerBP/Blueprints/负重块类型.负重块类型'
[2020.08.15-13.42.43:991][809]LogEnum: Warning: Enum name collision: '负重块类型::NewEnumerator2' is in both '/Game/Trombe/2DSideScrollerBP/Blueprints/负重块类型.负重块类型' and '/Game/Huang/2DSideScrollerBP/Blueprints/负重块类型.负重块类型'
[2020.08.15-13.42.43:993][809]LogContentBrowser: Native class hierarchy updated for 'BlueprintGraph' in 0.0004 seconds. Added 121 classes and 0 folders.
[2020.08.15-13.42.44:790][809]LogSlate: Took 0.000123 seconds to synchronously load lazily loaded font '../../../Engine/Content/Slate/Fonts/Roboto-BoldCondensed.ttf' (158K)
[2020.08.15-13.42.46:601][992]LogAIModule: Creating AISystem for world Menu
[2020.08.15-13.42.46:602][992]LogAssetEditorSubsystem: Opening Asset editor for World /Game/CHAOS/UI/Menu.Menu
[2020.08.15-13.42.46:642][992]LogUObjectHash: Compacting FUObjectHashTables data took   3.23ms
[2020.08.15-13.42.46:644][992]Cmd: MAP LOAD FILE="../../../../../GitHubFile/2020CIGA/GGStudioGGJ2020/Content/CHAOS/UI/Menu.umap" TEMPLATE=0 SHOWPROGRESS=1 FEATURELEVEL=3
[2020.08.15-13.42.46:644][992]LightingResults: New page: 光照构建
[2020.08.15-13.42.46:644][992]LoadErrors: New page: 正在加载地图：Menu.umap
[2020.08.15-13.42.46:645][992]LogWorld: UWorld::CleanupWorld for Untitled_1, bSessionEnded=true, bCleanupResources=true
[2020.08.15-13.42.46:645][992]LogSlate: InvalidateAllWidgets triggered.  All widgets were invalidated
[2020.08.15-13.42.46:645][992]MapCheck: New page: 地图检测
[2020.08.15-13.42.46:645][992]LightingResults: New page: 光照构建
[2020.08.15-13.42.46:675][992]LogUObjectHash: Compacting FUObjectHashTables data took   2.35ms
[2020.08.15-13.42.46:676][992]LogEditorServer: Finished looking for orphan Actors (0.000 secs)
[2020.08.15-13.42.46:706][992]LogUObjectHash: Compacting FUObjectHashTables data took   2.08ms
[2020.08.15-13.42.46:729][992]Cmd: MAP CHECKDEP NOCLEARLOG
[2020.08.15-13.42.46:729][992]MapCheck: 地图检测完成：0个错误、0个警告、完成用时0.056毫秒。
[2020.08.15-13.42.46:729][992]LogFileHelpers: Loading map 'Menu' took 0.087
[2020.08.15-13.42.47:495][ 76]LogTemp: Repeating last play command: 选中的视口
[2020.08.15-13.42.47:510][ 76]LogBlueprintUserMessages: Early PlayInEditor Detection: Level '/Game/CHAOS/UI/Menu.Menu:PersistentLevel' has LevelScriptBlueprint '/Game/CHAOS/UI/Menu.Menu:PersistentLevel.Menu' with GeneratedClass '/Game/CHAOS/UI/Menu.Menu_C' with ClassGeneratedBy '/Game/CHAOS/UI/Menu.Menu:PersistentLevel.Menu'
[2020.08.15-13.42.47:511][ 76]LogPlayLevel: PlayLevel: No blueprints needed recompiling
[2020.08.15-13.42.47:511][ 76]PIE: New page: PIE会话：Menu（2020年8月16日 上午5:42:47）
[2020.08.15-13.42.47:511][ 76]LogOnline: OSS: Creating online subsystem instance for: NULL
[2020.08.15-13.42.47:512][ 76]LogOnline: OSS: TryLoadSubsystemAndSetDefault: Loaded subsystem for module [NULL]
[2020.08.15-13.42.47:512][ 76]LogPlayLevel: Creating play world package: /Game/CHAOS/UI/UEDPIE_0_Menu
[2020.08.15-13.42.47:513][ 76]LogPlayLevel: PIE: StaticDuplicateObject took: (0.000812s)
[2020.08.15-13.42.47:513][ 76]LogAIModule: Creating AISystem for world Menu
[2020.08.15-13.42.47:514][ 76]LogPlayLevel: PIE: World Init took: (0.000617s)
[2020.08.15-13.42.47:514][ 76]LogPlayLevel: PIE: Created PIE world by copying editor world from /Game/CHAOS/UI/Menu.Menu to /Game/CHAOS/UI/UEDPIE_0_Menu.Menu (0.001543s)
[2020.08.15-13.42.47:542][ 76]LogUObjectHash: Compacting FUObjectHashTables data took   2.05ms
[2020.08.15-13.42.47:543][ 76]LogAudioMixer: Display: Audio Mixer Platform Settings:
[2020.08.15-13.42.47:543][ 76]LogAudioMixer: Display: 	Sample Rate:						  48000
[2020.08.15-13.42.47:543][ 76]LogAudioMixer: Display: 	Callback Buffer Frame Size Requested: 1024
[2020.08.15-13.42.47:543][ 76]LogAudioMixer: Display: 	Callback Buffer Frame Size To Use:	  1024
[2020.08.15-13.42.47:543][ 76]LogAudioMixer: Display: 	Number of buffers to queue:			  2
[2020.08.15-13.42.47:543][ 76]LogAudioMixer: Display: 	Max Channels (voices):				  32
[2020.08.15-13.42.47:544][ 76]LogAudioMixer: Display: 	Number of Async Source Workers:		  0
[2020.08.15-13.42.47:544][ 76]LogAudio: Display: AudioDevice MaxSources: 32
[2020.08.15-13.42.47:544][ 76]LogAudio: Display: Using built-in audio occlusion.
[2020.08.15-13.42.47:544][ 76]LogAudioMixer: Display: Initializing audio mixer.
[2020.08.15-13.42.47:560][ 76]LogAudioMixer: Display: Audio Device Output Speaker Info:
[2020.08.15-13.42.47:560][ 76]LogAudioMixer: Display: Name: 扬声器 (High Definition Audio Device)
[2020.08.15-13.42.47:560][ 76]LogAudioMixer: Display: Is Default: Yes
[2020.08.15-13.42.47:560][ 76]LogAudioMixer: Display: Sample Rate: 48000
[2020.08.15-13.42.47:560][ 76]LogAudioMixer: Display: Channel Count Used: 2
[2020.08.15-13.42.47:560][ 76]LogAudioMixer: Display: Device Channel Count: 2
[2020.08.15-13.42.47:560][ 76]LogAudioMixer: Display: Channel Order:
[2020.08.15-13.42.47:560][ 76]LogAudioMixer: Display: 0: FrontLeft
[2020.08.15-13.42.47:560][ 76]LogAudioMixer: Display: 1: FrontRight
[2020.08.15-13.42.47:566][ 76]LogAudioMixer: Display: Using Audio Device 扬声器 (High Definition Audio Device)
[2020.08.15-13.42.47:567][ 76]LogInit: FAudioDevice initialized.
[2020.08.15-13.42.47:576][ 76]LogLoad: Game class is 'GameModeBase'
[2020.08.15-13.42.47:577][ 76]LogWorld: Bringing World /Game/CHAOS/UI/UEDPIE_0_Menu.Menu up for play (max tick rate 0) at 2020.08.15-21.42.47
[2020.08.15-13.42.47:577][ 76]LogWorld: Bringing up level for play took: 0.000274
[2020.08.15-13.42.47:577][ 76]LogOnline: OSS: Creating online subsystem instance for: :Context_3
[2020.08.15-13.42.47:578][ 76]LogContentBrowser: Native class hierarchy updated for 'MovieSceneCapture' in 0.0002 seconds. Added 20 classes and 0 folders.
[2020.08.15-13.42.47:579][ 76]PIE: /Game/CHAOS/UI/UEDPIE_0_Menu在编辑器中运行的起始时间-0.124
[2020.08.15-13.42.47:579][ 76]LogBlueprintUserMessages: Late PlayInEditor Detection: Level '/Game/CHAOS/UI/Menu.Menu:PersistentLevel' has LevelScriptBlueprint '/Game/CHAOS/UI/Menu.Menu:PersistentLevel.Menu' with GeneratedClass '/Game/CHAOS/UI/Menu.Menu_C' with ClassGeneratedBy '/Game/CHAOS/UI/Menu.Menu:PersistentLevel.Menu'
[2020.08.15-13.42.49:259][250]LogAudioMixer: Display: No commands were queued while flushing the source manager.
[2020.08.15-13.42.49:273][250]LogAudioMixer: Display: Flush succeeded in the source manager command queue (1).
[2020.08.15-13.42.49:293][250]LogAudioMixer: Display: Flush succeeded the source manager command queue (2).
[2020.08.15-13.42.49:293][250]LogBlueprintUserMessages: Early EndPlayMap Detection: Level '/Game/CHAOS/UI/Menu.Menu:PersistentLevel' has LevelScriptBlueprint '/Game/CHAOS/UI/Menu.Menu:PersistentLevel.Menu' with GeneratedClass '/Game/CHAOS/UI/Menu.Menu_C' with ClassGeneratedBy '/Game/CHAOS/UI/Menu.Menu:PersistentLevel.Menu'
[2020.08.15-13.42.49:293][250]LogSlate: Updating window title bar state: overlay mode, drag disabled, window buttons hidden, title bar hidden
[2020.08.15-13.42.49:293][250]LogWorld: BeginTearingDown for /Game/CHAOS/UI/UEDPIE_0_Menu
[2020.08.15-13.42.49:293][250]LogAudioMixer: Display: No commands were queued while flushing the source manager.
[2020.08.15-13.42.49:293][250]LogWorld: UWorld::CleanupWorld for Menu, bSessionEnded=true, bCleanupResources=true
[2020.08.15-13.42.49:293][250]LogSlate: InvalidateAllWidgets triggered.  All widgets were invalidated
[2020.08.15-13.42.49:301][250]LogPlayLevel: Display: Shutting down PIE online subsystems
[2020.08.15-13.42.49:301][250]LogBlueprintUserMessages: Late EndPlayMap Detection: Level '/Game/CHAOS/UI/Menu.Menu:PersistentLevel' has LevelScriptBlueprint '/Game/CHAOS/UI/Menu.Menu:PersistentLevel.Menu' with GeneratedClass '/Game/CHAOS/UI/Menu.Menu_C' with ClassGeneratedBy '/Game/CHAOS/UI/Menu.Menu:PersistentLevel.Menu'
[2020.08.15-13.42.49:306][250]LogSlate: InvalidateAllWidgets triggered.  All widgets were invalidated
[2020.08.15-13.42.49:334][250]LogAudioMixer: Display: No commands were queued while flushing the source manager.
[2020.08.15-13.42.49:336][250]LogSlate: Updating window title bar state: overlay mode, drag disabled, window buttons hidden, title bar hidden
[2020.08.15-13.42.49:363][250]LogUObjectHash: Compacting FUObjectHashTables data took   3.00ms
[2020.08.15-13.42.49:379][251]LogPlayLevel: Display: Destroying online subsystem :Context_3
