Log file open, 08/15/20 20:43:31
LogWindows: Failed to load 'aqProf.dll' (GetLastError=126)
LogWindows: File 'aqProf.dll' does not exist
LogWindows: Failed to load 'VtuneApi.dll' (GetLastError=126)
LogWindows: File 'VtuneApi.dll' does not exist
LogWindows: Failed to load 'VtuneApi32e.dll' (GetLastError=126)
LogWindows: File 'VtuneApi32e.dll' does not exist
LogConsoleResponse: Display: Failed to find resolution value strings in scalability ini. Falling back to default.
LogInit: Display: Running engine for game: GGStudioGGJ2020
LogPlatformFile: Not using cached read wrapper
LogTaskGraph: Started task graph with 5 named threads and 23 total threads with 3 sets of task threads.
LogStats: Stats thread started at 0.089378
LogD3D11RHI: Loaded GFSDK_Aftermath_Lib.x64.dll
LogICUInternationalization: ICU TimeZone Detection - Raw Offset: +8:00, Platform Override: ''
LogPluginManager: Mounting plugin Paper2D
LogPluginManager: Mounting plugin AISupport
LogPluginManager: Mounting plugin LightPropagationVolume
LogPluginManager: Mounting plugin ActorLayerUtilities
LogPluginManager: Mounting plugin AnimationSharing
LogPluginManager: Mounting plugin CLionSourceCodeAccess
LogPluginManager: Mounting plugin CodeLiteSourceCodeAccess
LogPluginManager: Mounting plugin GitSourceControl
LogPluginManager: Mounting plugin KDevelopSourceCodeAccess
LogPluginManager: Mounting plugin NullSourceCodeAccess
LogPluginManager: Mounting plugin PerforceSourceControl
LogPluginManager: Mounting plugin PlasticSourceControl
LogPluginManager: Mounting plugin SubversionSourceControl
LogPluginManager: Mounting plugin UObjectPlugin
LogPluginManager: Mounting plugin VisualStudioCodeSourceCodeAccess
LogPluginManager: Mounting plugin VisualStudioSourceCodeAccess
LogPluginManager: Mounting plugin XCodeSourceCodeAccess
LogPluginManager: Mounting plugin AssetManagerEditor
LogPluginManager: Mounting plugin CryptoKeys
LogPluginManager: Mounting plugin CurveEditorTools
LogPluginManager: Mounting plugin DataValidation
LogPluginManager: Mounting plugin FacialAnimation
LogPluginManager: Mounting plugin GameplayTagsEditor
LogPluginManager: Mounting plugin MacGraphicsSwitching
LogPluginManager: Mounting plugin MaterialAnalyzer
LogPluginManager: Mounting plugin MobileLauncherProfileWizard
LogPluginManager: Mounting plugin PluginBrowser
LogPluginManager: Mounting plugin SpeedTreeImporter
LogPluginManager: Mounting plugin DatasmithContent
LogPluginManager: Mounting plugin VariantManagerContent
LogPluginManager: Mounting plugin AlembicImporter
LogPluginManager: Mounting plugin AutomationUtils
LogPluginManager: Mounting plugin BackChannel
LogPluginManager: Mounting plugin CharacterAI
LogPluginManager: Mounting plugin GeometryCache
LogPluginManager: Mounting plugin PlatformCrypto
LogPluginManager: Mounting plugin ProxyLODPlugin
LogPluginManager: Mounting plugin SkeletalReduction
LogPluginManager: Mounting plugin MagicLeap
LogPluginManager: Mounting plugin MagicLeapMedia
LogPluginManager: Mounting plugin MLSDK
LogPluginManager: Mounting plugin AndroidMedia
LogPluginManager: Mounting plugin AvfMedia
LogPluginManager: Mounting plugin ImgMedia
LogPluginManager: Mounting plugin MediaCompositing
LogPluginManager: Mounting plugin MediaPlayerEditor
LogPluginManager: Mounting plugin WebMMedia
LogPluginManager: Mounting plugin WmfMedia
LogPluginManager: Mounting plugin TcpMessaging
LogPluginManager: Mounting plugin UdpMessaging
LogPluginManager: Mounting plugin ActorSequence
LogPluginManager: Mounting plugin LevelSequenceEditor
LogPluginManager: Mounting plugin MatineeToLevelSequence
LogPluginManager: Mounting plugin NetcodeUnitTest
LogPluginManager: Mounting plugin NUTUnrealEngine4
LogPluginManager: Mounting plugin OnlineSubsystemGooglePlay
LogPluginManager: Mounting plugin OnlineSubsystemIOS
LogPluginManager: Mounting plugin OnlineSubsystem
LogPluginManager: Mounting plugin OnlineSubsystemNull
LogPluginManager: Mounting plugin OnlineSubsystemUtils
LogPluginManager: Mounting plugin LauncherChunkInstaller
LogPluginManager: Mounting plugin AndroidDeviceProfileSelector
LogPluginManager: Mounting plugin AndroidMoviePlayer
LogPluginManager: Mounting plugin AndroidPermission
LogPluginManager: Mounting plugin AppleImageUtils
LogPluginManager: Mounting plugin AppleMoviePlayer
LogPluginManager: Mounting plugin ArchVisCharacter
LogPluginManager: Mounting plugin AssetTags
LogPluginManager: Mounting plugin AudioCapture
LogPluginManager: Mounting plugin CableComponent
LogPluginManager: Mounting plugin CustomMeshComponent
LogPluginManager: Mounting plugin EditableMesh
LogPluginManager: Mounting plugin ExampleDeviceProfileSelector
LogPluginManager: Mounting plugin GoogleCloudMessaging
LogPluginManager: Mounting plugin IOSDeviceProfileSelector
LogPluginManager: Mounting plugin LinuxDeviceProfileSelector
LogPluginManager: Mounting plugin LocationServicesBPLibrary
LogPluginManager: Mounting plugin MobilePatchingUtils
LogPluginManager: Mounting plugin OculusVR
LogPluginManager: Mounting plugin PhysXVehicles
LogPluginManager: Mounting plugin PostSplashScreen
LogPluginManager: Mounting plugin ProceduralMeshComponent
LogPluginManager: Mounting plugin RuntimePhysXCooking
LogPluginManager: Mounting plugin SignificanceManager
LogPluginManager: Mounting plugin SteamVR
LogPluginManager: Mounting plugin WebMMoviePlayer
LogPluginManager: Mounting plugin WindowsMoviePlayer
LogPluginManager: Mounting plugin ScreenshotTools
LogInit: Using libcurl 7.55.1-DEV
LogInit:  - built for x86_64-pc-win32
LogInit:  - supports SSL with OpenSSL/1.1.1
LogInit:  - supports HTTP deflate (compression) using libz 1.2.8
LogInit:  - other features:
LogInit:      CURL_VERSION_SSL
LogInit:      CURL_VERSION_LIBZ
LogInit:      CURL_VERSION_IPV6
LogInit:      CURL_VERSION_ASYNCHDNS
LogInit:      CURL_VERSION_LARGEFILE
LogInit:      CURL_VERSION_IDN
LogInit:  CurlRequestOptions (configurable via config and command line):
LogInit:  - bVerifyPeer = true  - Libcurl will verify peer certificate
LogInit:  - bUseHttpProxy = false  - Libcurl will NOT use HTTP proxy
LogInit:  - bDontReuseConnections = false  - Libcurl will reuse connections
LogInit:  - MaxHostConnections = 16  - Libcurl will limit the number of connections to a host
LogInit:  - LocalHostAddr = Default
LogInit:  - BufferSize = 65536
LogOnline: OSS: Creating online subsystem instance for: NULL
LogInit: WinSock: version 1.1 (2.2), MaxSocks=32767, MaxUdp=65467
LogOnline: OSS: TryLoadSubsystemAndSetDefault: Loaded subsystem for module [NULL]
LogInit: Build: ++UE4+Release-4.24-CL-11590370
LogInit: Engine Version: 4.24.3-11590370+++UE4+Release-4.24
LogInit: Compatible Engine Version: 4.24.0-10570792+++UE4+Release-4.24
LogInit: Net CL: 10570792
LogInit: OS: Windows 10 (Release 1809) (), CPU: Intel(R) Core(TM) i7-6700K CPU @ 4.00GHz, GPU: NVIDIA GeForce GTX 1060 6GB
LogInit: Compiled (64-bit): Feb 24 2020 15:39:18
LogInit: Compiled with Visual C++: 19.16.27032.01
LogInit: Build Configuration: Development
LogInit: Branch Name: ++UE4+Release-4.24
LogInit: Command Line:  -EpicPortal -epicusername=Minotaursis -epicuserid=e0bb8b0f02f64fb490a845e67921252d -epiclocale=zh-CN
LogInit: Base Directory: E:/UE_4.24/Engine/Binaries/Win64/
LogInit: Installed Engine Build: 1
LogDevObjectVersion: Number of dev versions registered: 25
LogDevObjectVersion:   Dev-Blueprints (B0D832E4-1F89-4F0D-ACCF-7EB736FD4AA2): 10
LogDevObjectVersion:   Dev-Build (E1C64328-A22C-4D53-A36C-8E866417BD8C): 0
LogDevObjectVersion:   Dev-Core (375EC13C-06E4-48FB-B500-84F0262A717E): 3
LogDevObjectVersion:   Dev-Editor (E4B068ED-F494-42E9-A231-DA0B2E46BB41): 37
LogDevObjectVersion:   Dev-Framework (CFFC743F-43B0-4480-9391-14DF171D2073): 36
LogDevObjectVersion:   Dev-Mobile (B02B49B5-BB20-44E9-A304-32B752E40360): 2
LogDevObjectVersion:   Dev-Networking (A4E4105C-59A1-49B5-A7C5-40C4547EDFEE): 0
LogDevObjectVersion:   Dev-Online (39C831C9-5AE6-47DC-9A44-9C173E1C8E7C): 0
LogDevObjectVersion:   Dev-Physics (78F01B33-EBEA-4F98-B9B4-84EACCB95AA2): 2
LogDevObjectVersion:   Dev-Platform (6631380F-2D4D-43E0-8009-CF276956A95A): 0
LogDevObjectVersion:   Dev-Rendering (12F88B9F-8875-4AFC-A67C-D90C383ABD29): 36
LogDevObjectVersion:   Dev-Sequencer (7B5AE74C-D270-4C10-A958-57980B212A5A): 11
LogDevObjectVersion:   Dev-VR (D7296918-1DD6-4BDD-9DE2-64A83CC13884): 2
LogDevObjectVersion:   Dev-LoadTimes (C2A15278-BFE7-4AFE-6C17-90FF531DF755): 1
LogDevObjectVersion:   Private-Geometry (6EACA3D4-40EC-4CC1-B786-8BED09428FC5): 3
LogDevObjectVersion:   Dev-AnimPhys (29E575DD-E0A3-4627-9D10-D276232CDCEA): 17
LogDevObjectVersion:   Dev-Anim (AF43A65D-7FD3-4947-9873-3E8ED9C1BB05): 2
LogDevObjectVersion:   Dev-ReflectionCapture (6B266CEC-1EC7-4B8F-A30B-E4D90942FC07): 1
LogDevObjectVersion:   Dev-Automation (0DF73D61-A23F-47EA-B727-89E90C41499A): 1
LogDevObjectVersion:   FortniteMain (601D1886-AC64-4F84-AA16-D3DE0DEAC7D6): 31
LogDevObjectVersion:   Dev-Enterprise (9DFFBCD6-494F-0158-E221-12823C92A888): 8
LogDevObjectVersion:   Dev-Niagara (F2AED0AC-9AFE-416F-8664-AA7FFA26D6FC): 1
LogDevObjectVersion:   Dev-Destruction (174F1F0B-B4C6-45A5-B13F-2EE8D0FB917D): 9
LogDevObjectVersion:   Dev-Physics-Ext (35F94A83-E258-406C-A318-09F59610247C): 8
LogDevObjectVersion:   Dev-CineCamera (B2E18506-4273-CFC2-A54E-F4BB758BBA07): 1
LogInit: Presizing for max 25165824 objects, including 0 objects not considered by GC, pre-allocating 0 bytes for permanent pool.
LogInit: Object subsystem initialized
LogConfig: Setting CVar [[con.DebugEarlyDefault:1]]
LogConfig: Setting CVar [[r.setres:1280x720]]
[2020.08.15-12.43.31:225][  0]LogConfig: Setting CVar [[r.VSync:0]]
[2020.08.15-12.43.31:225][  0]LogConfig: Setting CVar [[r.RHICmdBypass:0]]
[2020.08.15-12.43.31:225][  0]LogConfig: Applying CVar settings from Section [/Script/Engine.RendererSettings] File [G:/2020CIGA/GGStudioGGJ2020/Saved/Config/Windows/Engine.ini]
[2020.08.15-12.43.31:225][  0]LogConfig: Setting CVar [[r.GPUCrashDebugging:0]]
[2020.08.15-12.43.31:225][  0]LogConfig: Applying CVar settings from Section [/Script/Engine.RendererOverrideSettings] File [G:/2020CIGA/GGStudioGGJ2020/Saved/Config/Windows/Engine.ini]
[2020.08.15-12.43.31:225][  0]LogConfig: Applying CVar settings from Section [/Script/Engine.StreamingSettings] File [G:/2020CIGA/GGStudioGGJ2020/Saved/Config/Windows/Engine.ini]
[2020.08.15-12.43.31:225][  0]LogConfig: Setting CVar [[s.MinBulkDataSizeForAsyncLoading:131072]]
[2020.08.15-12.43.31:225][  0]LogConfig: Setting CVar [[s.AsyncLoadingThreadEnabled:0]]
[2020.08.15-12.43.31:225][  0]LogConfig: Setting CVar [[s.EventDrivenLoaderEnabled:1]]
[2020.08.15-12.43.31:225][  0]LogConfig: Setting CVar [[s.WarnIfTimeLimitExceeded:0]]
[2020.08.15-12.43.31:226][  0]LogConfig: Setting CVar [[s.TimeLimitExceededMultiplier:1.5]]
[2020.08.15-12.43.31:226][  0]LogConfig: Setting CVar [[s.TimeLimitExceededMinTime:0.005]]
[2020.08.15-12.43.31:226][  0]LogConfig: Setting CVar [[s.UseBackgroundLevelStreaming:1]]
[2020.08.15-12.43.31:226][  0]LogConfig: Setting CVar [[s.PriorityAsyncLoadingExtraTime:15.0]]
[2020.08.15-12.43.31:226][  0]LogConfig: Setting CVar [[s.LevelStreamingActorsUpdateTimeLimit:5.0]]
[2020.08.15-12.43.31:226][  0]LogConfig: Setting CVar [[s.PriorityLevelStreamingActorsUpdateExtraTime:5.0]]
[2020.08.15-12.43.31:226][  0]LogConfig: Setting CVar [[s.LevelStreamingComponentsRegistrationGranularity:10]]
[2020.08.15-12.43.31:226][  0]LogConfig: Setting CVar [[s.UnregisterComponentsTimeLimit:1.0]]
[2020.08.15-12.43.31:226][  0]LogConfig: Setting CVar [[s.LevelStreamingComponentsUnregistrationGranularity:5]]
[2020.08.15-12.43.31:226][  0]LogConfig: Setting CVar [[s.FlushStreamingOnExit:1]]
[2020.08.15-12.43.31:226][  0]LogConfig: Applying CVar settings from Section [/Script/Engine.GarbageCollectionSettings] File [G:/2020CIGA/GGStudioGGJ2020/Saved/Config/Windows/Engine.ini]
[2020.08.15-12.43.31:226][  0]LogConfig: Setting CVar [[gc.MaxObjectsNotConsideredByGC:1]]
[2020.08.15-12.43.31:226][  0]LogConfig: Setting CVar [[gc.SizeOfPermanentObjectPool:0]]
[2020.08.15-12.43.31:226][  0]LogConfig: Setting CVar [[gc.FlushStreamingOnGC:0]]
[2020.08.15-12.43.31:226][  0]LogConfig: Setting CVar [[gc.NumRetriesBeforeForcingGC:10]]
[2020.08.15-12.43.31:226][  0]LogConfig: Setting CVar [[gc.AllowParallelGC:1]]
[2020.08.15-12.43.31:226][  0]LogConfig: Setting CVar [[gc.TimeBetweenPurgingPendingKillObjects:61.1]]
[2020.08.15-12.43.31:226][  0]LogConfig: Setting CVar [[gc.MaxObjectsInEditor:25165824]]
[2020.08.15-12.43.31:226][  0]LogConfig: Setting CVar [[gc.IncrementalBeginDestroyEnabled:1]]
[2020.08.15-12.43.31:226][  0]LogConfig: Setting CVar [[gc.CreateGCClusters:1]]
[2020.08.15-12.43.31:226][  0]LogConfig: Setting CVar [[gc.MinGCClusterSize:5]]
[2020.08.15-12.43.31:226][  0]LogConfig: Setting CVar [[gc.ActorClusteringEnabled:0]]
[2020.08.15-12.43.31:226][  0]LogConfig: Setting CVar [[gc.BlueprintClusteringEnabled:0]]
[2020.08.15-12.43.31:226][  0]LogConfig: Setting CVar [[gc.UseDisregardForGCOnDedicatedServers:0]]
[2020.08.15-12.43.31:226][  0]LogConfig: Applying CVar settings from Section [/Script/Engine.NetworkSettings] File [G:/2020CIGA/GGStudioGGJ2020/Saved/Config/Windows/Engine.ini]
[2020.08.15-12.43.31:226][  0]LogConfig: Applying CVar settings from Section [/Script/UnrealEd.CookerSettings] File [G:/2020CIGA/GGStudioGGJ2020/Saved/Config/Windows/Engine.ini]
[2020.08.15-12.43.31:231][  0]LogConfig: Applying CVar settings from Section [ViewDistanceQuality@3] File [G:/2020CIGA/GGStudioGGJ2020/Saved/Config/Windows/Scalability.ini]
[2020.08.15-12.43.31:231][  0]LogConfig: Setting CVar [[r.SkeletalMeshLODBias:0]]
[2020.08.15-12.43.31:231][  0]LogConfig: Setting CVar [[r.ViewDistanceScale:1.0]]
[2020.08.15-12.43.31:231][  0]LogConfig: Applying CVar settings from Section [AntiAliasingQuality@3] File [G:/2020CIGA/GGStudioGGJ2020/Saved/Config/Windows/Scalability.ini]
[2020.08.15-12.43.31:231][  0]LogConfig: Setting CVar [[r.PostProcessAAQuality:4]]
[2020.08.15-12.43.31:231][  0]LogConfig: Applying CVar settings from Section [ShadowQuality@3] File [G:/2020CIGA/GGStudioGGJ2020/Saved/Config/Windows/Scalability.ini]
[2020.08.15-12.43.31:231][  0]LogConfig: Setting CVar [[r.LightFunctionQuality:1]]
[2020.08.15-12.43.31:231][  0]LogConfig: Setting CVar [[r.ShadowQuality:5]]
[2020.08.15-12.43.31:231][  0]LogConfig: Setting CVar [[r.Shadow.CSM.MaxCascades:10]]
[2020.08.15-12.43.31:231][  0]LogConfig: Setting CVar [[r.Shadow.MaxResolution:2048]]
[2020.08.15-12.43.31:231][  0]LogConfig: Setting CVar [[r.Shadow.MaxCSMResolution:2048]]
[2020.08.15-12.43.31:231][  0]LogConfig: Setting CVar [[r.Shadow.RadiusThreshold:0.01]]
[2020.08.15-12.43.31:231][  0]LogConfig: Setting CVar [[r.Shadow.DistanceScale:1.0]]
[2020.08.15-12.43.31:231][  0]LogConfig: Setting CVar [[r.Shadow.CSM.TransitionScale:1.0]]
[2020.08.15-12.43.31:231][  0]LogConfig: Setting CVar [[r.Shadow.PreShadowResolutionFactor:1.0]]
[2020.08.15-12.43.31:231][  0]LogConfig: Setting CVar [[r.DistanceFieldShadowing:1]]
[2020.08.15-12.43.31:231][  0]LogConfig: Setting CVar [[r.DistanceFieldAO:1]]
[2020.08.15-12.43.31:231][  0]LogConfig: Setting CVar [[r.AOQuality:2]]
[2020.08.15-12.43.31:231][  0]LogConfig: Setting CVar [[r.VolumetricFog:1]]
[2020.08.15-12.43.31:231][  0]LogConfig: Setting CVar [[r.VolumetricFog.GridPixelSize:8]]
[2020.08.15-12.43.31:231][  0]LogConfig: Setting CVar [[r.VolumetricFog.GridSizeZ:128]]
[2020.08.15-12.43.31:231][  0]LogConfig: Setting CVar [[r.VolumetricFog.HistoryMissSupersampleCount:4]]
[2020.08.15-12.43.31:231][  0]LogConfig: Setting CVar [[r.LightMaxDrawDistanceScale:1]]
[2020.08.15-12.43.31:231][  0]LogConfig: Setting CVar [[r.CapsuleShadows:1]]
[2020.08.15-12.43.31:231][  0]LogConfig: Applying CVar settings from Section [PostProcessQuality@3] File [G:/2020CIGA/GGStudioGGJ2020/Saved/Config/Windows/Scalability.ini]
[2020.08.15-12.43.31:231][  0]LogConfig: Setting CVar [[r.MotionBlurQuality:4]]
[2020.08.15-12.43.31:231][  0]LogConfig: Setting CVar [[r.AmbientOcclusionMipLevelFactor:0.4]]
[2020.08.15-12.43.31:231][  0]LogConfig: Setting CVar [[r.AmbientOcclusionMaxQuality:100]]
[2020.08.15-12.43.31:231][  0]LogConfig: Setting CVar [[r.AmbientOcclusionLevels:-1]]
[2020.08.15-12.43.31:231][  0]LogConfig: Setting CVar [[r.AmbientOcclusionRadiusScale:1.0]]
[2020.08.15-12.43.31:231][  0]LogConfig: Setting CVar [[r.DepthOfFieldQuality:2]]
[2020.08.15-12.43.31:231][  0]LogConfig: Setting CVar [[r.RenderTargetPoolMin:400]]
[2020.08.15-12.43.31:231][  0]LogConfig: Setting CVar [[r.LensFlareQuality:2]]
[2020.08.15-12.43.31:231][  0]LogConfig: Setting CVar [[r.SceneColorFringeQuality:1]]
[2020.08.15-12.43.31:231][  0]LogConfig: Setting CVar [[r.EyeAdaptationQuality:2]]
[2020.08.15-12.43.31:231][  0]LogConfig: Setting CVar [[r.BloomQuality:5]]
[2020.08.15-12.43.31:231][  0]LogConfig: Setting CVar [[r.FastBlurThreshold:100]]
[2020.08.15-12.43.31:231][  0]LogConfig: Setting CVar [[r.Upscale.Quality:3]]
[2020.08.15-12.43.31:231][  0]LogConfig: Setting CVar [[r.Tonemapper.GrainQuantization:1]]
[2020.08.15-12.43.31:231][  0]LogConfig: Setting CVar [[r.LightShaftQuality:1]]
[2020.08.15-12.43.31:231][  0]LogConfig: Setting CVar [[r.Filter.SizeScale:1]]
[2020.08.15-12.43.31:231][  0]LogConfig: Setting CVar [[r.Tonemapper.Quality:5]]
[2020.08.15-12.43.31:231][  0]LogConfig: Setting CVar [[r.DOF.Gather.AccumulatorQuality:1        ; higher gathering accumulator quality]]
[2020.08.15-12.43.31:231][  0]LogConfig: Setting CVar [[r.DOF.Gather.PostfilterMethod:1          ; Median3x3 postfilering method]]
[2020.08.15-12.43.31:231][  0]LogConfig: Setting CVar [[r.DOF.Gather.EnableBokehSettings:0       ; no bokeh simulation when gathering]]
[2020.08.15-12.43.31:231][  0]LogConfig: Setting CVar [[r.DOF.Gather.RingCount:4                 ; medium number of samples when gathering]]
[2020.08.15-12.43.31:231][  0]LogConfig: Setting CVar [[r.DOF.Scatter.ForegroundCompositing:1    ; additive foreground scattering]]
[2020.08.15-12.43.31:231][  0]LogConfig: Setting CVar [[r.DOF.Scatter.BackgroundCompositing:2    ; additive background scattering]]
[2020.08.15-12.43.31:231][  0]LogConfig: Setting CVar [[r.DOF.Scatter.EnableBokehSettings:1      ; bokeh simulation when scattering]]
[2020.08.15-12.43.31:231][  0]LogConfig: Setting CVar [[r.DOF.Scatter.MaxSpriteRatio:0.1         ; only a maximum of 10% of scattered bokeh]]
[2020.08.15-12.43.31:231][  0]LogConfig: Setting CVar [[r.DOF.Recombine.Quality:1                ; cheap slight out of focus]]
[2020.08.15-12.43.31:231][  0]LogConfig: Setting CVar [[r.DOF.Recombine.EnableBokehSettings:0    ; no bokeh simulation on slight out of focus]]
[2020.08.15-12.43.31:231][  0]LogConfig: Setting CVar [[r.DOF.TemporalAAQuality:1                ; more stable temporal accumulation]]
[2020.08.15-12.43.31:232][  0]LogConfig: Setting CVar [[r.DOF.Kernel.MaxForegroundRadius:0.025]]
[2020.08.15-12.43.31:232][  0]LogConfig: Setting CVar [[r.DOF.Kernel.MaxBackgroundRadius:0.025]]
[2020.08.15-12.43.31:232][  0]LogConfig: Applying CVar settings from Section [TextureQuality@3] File [G:/2020CIGA/GGStudioGGJ2020/Saved/Config/Windows/Scalability.ini]
[2020.08.15-12.43.31:232][  0]LogConfig: Setting CVar [[r.Streaming.MipBias:0]]
[2020.08.15-12.43.31:232][  0]LogConfig: Setting CVar [[r.Streaming.AmortizeCPUToGPUCopy:0]]
[2020.08.15-12.43.31:232][  0]LogConfig: Setting CVar [[r.Streaming.MaxNumTexturesToStreamPerFrame:0]]
[2020.08.15-12.43.31:232][  0]LogConfig: Setting CVar [[r.Streaming.Boost:1]]
[2020.08.15-12.43.31:232][  0]LogConfig: Setting CVar [[r.MaxAnisotropy:8]]
[2020.08.15-12.43.31:232][  0]LogConfig: Setting CVar [[r.VT.MaxAnisotropy:8]]
[2020.08.15-12.43.31:232][  0]LogConfig: Setting CVar [[r.Streaming.LimitPoolSizeToVRAM:0]]
[2020.08.15-12.43.31:232][  0]LogConfig: Setting CVar [[r.Streaming.PoolSize:1000]]
[2020.08.15-12.43.31:232][  0]LogConfig: Setting CVar [[r.Streaming.MaxEffectiveScreenSize:0]]
[2020.08.15-12.43.31:232][  0]LogConfig: Applying CVar settings from Section [EffectsQuality@3] File [G:/2020CIGA/GGStudioGGJ2020/Saved/Config/Windows/Scalability.ini]
[2020.08.15-12.43.31:232][  0]LogConfig: Setting CVar [[r.TranslucencyLightingVolumeDim:64]]
[2020.08.15-12.43.31:232][  0]LogConfig: Setting CVar [[r.RefractionQuality:2]]
[2020.08.15-12.43.31:232][  0]LogConfig: Setting CVar [[r.SSR.Quality:3]]
[2020.08.15-12.43.31:232][  0]LogConfig: Setting CVar [[r.SSR.HalfResSceneColor:0]]
[2020.08.15-12.43.31:232][  0]LogConfig: Setting CVar [[r.SceneColorFormat:4]]
[2020.08.15-12.43.31:232][  0]LogConfig: Setting CVar [[r.DetailMode:2]]
[2020.08.15-12.43.31:232][  0]LogConfig: Setting CVar [[r.TranslucencyVolumeBlur:1]]
[2020.08.15-12.43.31:232][  0]LogConfig: Setting CVar [[r.MaterialQualityLevel:1 ; High quality]]
[2020.08.15-12.43.31:232][  0]LogConfig: Setting CVar [[r.SSS.Scale:1]]
[2020.08.15-12.43.31:232][  0]LogConfig: Setting CVar [[r.SSS.SampleSet:2]]
[2020.08.15-12.43.31:232][  0]LogConfig: Setting CVar [[r.SSS.Quality:1]]
[2020.08.15-12.43.31:232][  0]LogConfig: Setting CVar [[r.SSS.HalfRes:1]]
[2020.08.15-12.43.31:232][  0]LogConfig: Setting CVar [[r.SSGI.Quality:3]]
[2020.08.15-12.43.31:232][  0]LogConfig: Setting CVar [[r.EmitterSpawnRateScale:1.0]]
[2020.08.15-12.43.31:232][  0]LogConfig: Setting CVar [[r.ParticleLightQuality:2]]
[2020.08.15-12.43.31:232][  0]LogConfig: Setting CVar [[r.SkyAtmosphere.AerialPerspectiveLUT.FastApplyOnOpaque:1 ; Always have FastSkyLUT 1 in this case to avoid wrong sky]]
[2020.08.15-12.43.31:232][  0]LogConfig: Setting CVar [[r.SkyAtmosphere.AerialPerspectiveLUT.SampleCountPerSlice:1]]
[2020.08.15-12.43.31:232][  0]LogConfig: Setting CVar [[r.SkyAtmosphere.AerialPerspectiveLUT.DepthResolution:16.0]]
[2020.08.15-12.43.31:232][  0]LogConfig: Setting CVar [[r.SkyAtmosphere.FastSkyLUT:1]]
[2020.08.15-12.43.31:232][  0]LogConfig: Setting CVar [[r.SkyAtmosphere.FastSkyLUT.SampleCountMin:4.0]]
[2020.08.15-12.43.31:232][  0]LogConfig: Setting CVar [[r.SkyAtmosphere.FastSkyLUT.SampleCountMax:32.0]]
[2020.08.15-12.43.31:232][  0]LogConfig: Setting CVar [[r.SkyAtmosphere.SampleCountMin:4.0]]
[2020.08.15-12.43.31:232][  0]LogConfig: Setting CVar [[r.SkyAtmosphere.SampleCountMax:32.0]]
[2020.08.15-12.43.31:232][  0]LogConfig: Setting CVar [[r.SkyAtmosphere.TransmittanceLUT.UseSmallFormat:0]]
[2020.08.15-12.43.31:232][  0]LogConfig: Setting CVar [[r.SkyAtmosphere.TransmittanceLUT.SampleCount:10.0]]
[2020.08.15-12.43.31:232][  0]LogConfig: Setting CVar [[r.SkyAtmosphere.MultiScatteringLUT.SampleCount:15.0]]
[2020.08.15-12.43.31:232][  0]LogConfig: Applying CVar settings from Section [FoliageQuality@3] File [G:/2020CIGA/GGStudioGGJ2020/Saved/Config/Windows/Scalability.ini]
[2020.08.15-12.43.31:232][  0]LogConfig: Setting CVar [[foliage.DensityScale:1.0]]
[2020.08.15-12.43.31:232][  0]LogConfig: Setting CVar [[grass.DensityScale:1.0]]
[2020.08.15-12.43.31:232][  0]LogConfig: Applying CVar settings from Section [ShadingQuality@3] File [G:/2020CIGA/GGStudioGGJ2020/Saved/Config/Windows/Scalability.ini]
[2020.08.15-12.43.31:232][  0]LogConfig: Setting CVar [[r.HairStrands.SkyLighting.SampleCount:16]]
[2020.08.15-12.43.31:232][  0]LogConfig: Setting CVar [[r.HairStrands.SkyLighting.JitterIntegration:0]]
[2020.08.15-12.43.31:232][  0]LogConfig: Setting CVar [[r.HairStrands.SkyAO.SampleCount:16]]
[2020.08.15-12.43.31:232][  0]LogInit: Selected Device Profile: [Windows]
[2020.08.15-12.43.31:232][  0]LogInit: Applying CVar settings loaded from the selected device profile: [Windows]
[2020.08.15-12.43.31:234][  0]LogHAL: Display: Platform has ~ 8 GB [8500969472 / 8589934592 / 8], which maps to Default [LargestMinGB=32, LargerMinGB=12, DefaultMinGB=8, SmallerMinGB=6, SmallestMinGB=0)
[2020.08.15-12.43.31:234][  0]LogInit: Going up to parent DeviceProfile []
[2020.08.15-12.43.31:234][  0]LogConfig: Applying CVar settings from Section [ViewDistanceQuality@3] File [G:/2020CIGA/GGStudioGGJ2020/Saved/Config/Windows/Scalability.ini]
[2020.08.15-12.43.31:234][  0]LogConfig: Setting CVar [[r.SkeletalMeshLODBias:0]]
[2020.08.15-12.43.31:234][  0]LogConfig: Setting CVar [[r.ViewDistanceScale:1.0]]
[2020.08.15-12.43.31:234][  0]LogConfig: Applying CVar settings from Section [AntiAliasingQuality@3] File [G:/2020CIGA/GGStudioGGJ2020/Saved/Config/Windows/Scalability.ini]
[2020.08.15-12.43.31:234][  0]LogConfig: Setting CVar [[r.PostProcessAAQuality:4]]
[2020.08.15-12.43.31:234][  0]LogConfig: Applying CVar settings from Section [ShadowQuality@3] File [G:/2020CIGA/GGStudioGGJ2020/Saved/Config/Windows/Scalability.ini]
[2020.08.15-12.43.31:234][  0]LogConfig: Setting CVar [[r.LightFunctionQuality:1]]
[2020.08.15-12.43.31:234][  0]LogConfig: Setting CVar [[r.ShadowQuality:5]]
[2020.08.15-12.43.31:234][  0]LogConfig: Setting CVar [[r.Shadow.CSM.MaxCascades:10]]
[2020.08.15-12.43.31:234][  0]LogConfig: Setting CVar [[r.Shadow.MaxResolution:2048]]
[2020.08.15-12.43.31:234][  0]LogConfig: Setting CVar [[r.Shadow.MaxCSMResolution:2048]]
[2020.08.15-12.43.31:234][  0]LogConfig: Setting CVar [[r.Shadow.RadiusThreshold:0.01]]
[2020.08.15-12.43.31:234][  0]LogConfig: Setting CVar [[r.Shadow.DistanceScale:1.0]]
[2020.08.15-12.43.31:234][  0]LogConfig: Setting CVar [[r.Shadow.CSM.TransitionScale:1.0]]
[2020.08.15-12.43.31:234][  0]LogConfig: Setting CVar [[r.Shadow.PreShadowResolutionFactor:1.0]]
[2020.08.15-12.43.31:234][  0]LogConfig: Setting CVar [[r.DistanceFieldShadowing:1]]
[2020.08.15-12.43.31:234][  0]LogConfig: Setting CVar [[r.DistanceFieldAO:1]]
[2020.08.15-12.43.31:234][  0]LogConfig: Setting CVar [[r.AOQuality:2]]
[2020.08.15-12.43.31:234][  0]LogConfig: Setting CVar [[r.VolumetricFog:1]]
[2020.08.15-12.43.31:234][  0]LogConfig: Setting CVar [[r.VolumetricFog.GridPixelSize:8]]
[2020.08.15-12.43.31:234][  0]LogConfig: Setting CVar [[r.VolumetricFog.GridSizeZ:128]]
[2020.08.15-12.43.31:234][  0]LogConfig: Setting CVar [[r.VolumetricFog.HistoryMissSupersampleCount:4]]
[2020.08.15-12.43.31:234][  0]LogConfig: Setting CVar [[r.LightMaxDrawDistanceScale:1]]
[2020.08.15-12.43.31:234][  0]LogConfig: Setting CVar [[r.CapsuleShadows:1]]
[2020.08.15-12.43.31:234][  0]LogConfig: Applying CVar settings from Section [PostProcessQuality@3] File [G:/2020CIGA/GGStudioGGJ2020/Saved/Config/Windows/Scalability.ini]
[2020.08.15-12.43.31:234][  0]LogConfig: Setting CVar [[r.MotionBlurQuality:4]]
[2020.08.15-12.43.31:234][  0]LogConfig: Setting CVar [[r.AmbientOcclusionMipLevelFactor:0.4]]
[2020.08.15-12.43.31:235][  0]LogConfig: Setting CVar [[r.AmbientOcclusionMaxQuality:100]]
[2020.08.15-12.43.31:235][  0]LogConfig: Setting CVar [[r.AmbientOcclusionLevels:-1]]
[2020.08.15-12.43.31:235][  0]LogConfig: Setting CVar [[r.AmbientOcclusionRadiusScale:1.0]]
[2020.08.15-12.43.31:235][  0]LogConfig: Setting CVar [[r.DepthOfFieldQuality:2]]
[2020.08.15-12.43.31:235][  0]LogConfig: Setting CVar [[r.RenderTargetPoolMin:400]]
[2020.08.15-12.43.31:235][  0]LogConfig: Setting CVar [[r.LensFlareQuality:2]]
[2020.08.15-12.43.31:235][  0]LogConfig: Setting CVar [[r.SceneColorFringeQuality:1]]
[2020.08.15-12.43.31:235][  0]LogConfig: Setting CVar [[r.EyeAdaptationQuality:2]]
[2020.08.15-12.43.31:235][  0]LogConfig: Setting CVar [[r.BloomQuality:5]]
[2020.08.15-12.43.31:235][  0]LogConfig: Setting CVar [[r.FastBlurThreshold:100]]
[2020.08.15-12.43.31:235][  0]LogConfig: Setting CVar [[r.Upscale.Quality:3]]
[2020.08.15-12.43.31:235][  0]LogConfig: Setting CVar [[r.Tonemapper.GrainQuantization:1]]
[2020.08.15-12.43.31:235][  0]LogConfig: Setting CVar [[r.LightShaftQuality:1]]
[2020.08.15-12.43.31:235][  0]LogConfig: Setting CVar [[r.Filter.SizeScale:1]]
[2020.08.15-12.43.31:235][  0]LogConfig: Setting CVar [[r.Tonemapper.Quality:5]]
[2020.08.15-12.43.31:235][  0]LogConfig: Setting CVar [[r.DOF.Gather.AccumulatorQuality:1        ; higher gathering accumulator quality]]
[2020.08.15-12.43.31:235][  0]LogConfig: Setting CVar [[r.DOF.Gather.PostfilterMethod:1          ; Median3x3 postfilering method]]
[2020.08.15-12.43.31:235][  0]LogConfig: Setting CVar [[r.DOF.Gather.EnableBokehSettings:0       ; no bokeh simulation when gathering]]
[2020.08.15-12.43.31:235][  0]LogConfig: Setting CVar [[r.DOF.Gather.RingCount:4                 ; medium number of samples when gathering]]
[2020.08.15-12.43.31:235][  0]LogConfig: Setting CVar [[r.DOF.Scatter.ForegroundCompositing:1    ; additive foreground scattering]]
[2020.08.15-12.43.31:235][  0]LogConfig: Setting CVar [[r.DOF.Scatter.BackgroundCompositing:2    ; additive background scattering]]
[2020.08.15-12.43.31:235][  0]LogConfig: Setting CVar [[r.DOF.Scatter.EnableBokehSettings:1      ; bokeh simulation when scattering]]
[2020.08.15-12.43.31:235][  0]LogConfig: Setting CVar [[r.DOF.Scatter.MaxSpriteRatio:0.1         ; only a maximum of 10% of scattered bokeh]]
[2020.08.15-12.43.31:235][  0]LogConfig: Setting CVar [[r.DOF.Recombine.Quality:1                ; cheap slight out of focus]]
[2020.08.15-12.43.31:235][  0]LogConfig: Setting CVar [[r.DOF.Recombine.EnableBokehSettings:0    ; no bokeh simulation on slight out of focus]]
[2020.08.15-12.43.31:235][  0]LogConfig: Setting CVar [[r.DOF.TemporalAAQuality:1                ; more stable temporal accumulation]]
[2020.08.15-12.43.31:235][  0]LogConfig: Setting CVar [[r.DOF.Kernel.MaxForegroundRadius:0.025]]
[2020.08.15-12.43.31:235][  0]LogConfig: Setting CVar [[r.DOF.Kernel.MaxBackgroundRadius:0.025]]
[2020.08.15-12.43.31:235][  0]LogConfig: Applying CVar settings from Section [TextureQuality@3] File [G:/2020CIGA/GGStudioGGJ2020/Saved/Config/Windows/Scalability.ini]
[2020.08.15-12.43.31:235][  0]LogConfig: Setting CVar [[r.Streaming.MipBias:0]]
[2020.08.15-12.43.31:235][  0]LogConfig: Setting CVar [[r.Streaming.AmortizeCPUToGPUCopy:0]]
[2020.08.15-12.43.31:235][  0]LogConfig: Setting CVar [[r.Streaming.MaxNumTexturesToStreamPerFrame:0]]
[2020.08.15-12.43.31:235][  0]LogConfig: Setting CVar [[r.Streaming.Boost:1]]
[2020.08.15-12.43.31:235][  0]LogConfig: Setting CVar [[r.MaxAnisotropy:8]]
[2020.08.15-12.43.31:235][  0]LogConfig: Setting CVar [[r.VT.MaxAnisotropy:8]]
[2020.08.15-12.43.31:235][  0]LogConfig: Setting CVar [[r.Streaming.LimitPoolSizeToVRAM:0]]
[2020.08.15-12.43.31:235][  0]LogConfig: Setting CVar [[r.Streaming.PoolSize:1000]]
[2020.08.15-12.43.31:235][  0]LogConfig: Setting CVar [[r.Streaming.MaxEffectiveScreenSize:0]]
[2020.08.15-12.43.31:235][  0]LogConfig: Applying CVar settings from Section [EffectsQuality@3] File [G:/2020CIGA/GGStudioGGJ2020/Saved/Config/Windows/Scalability.ini]
[2020.08.15-12.43.31:235][  0]LogConfig: Setting CVar [[r.TranslucencyLightingVolumeDim:64]]
[2020.08.15-12.43.31:235][  0]LogConfig: Setting CVar [[r.RefractionQuality:2]]
[2020.08.15-12.43.31:235][  0]LogConfig: Setting CVar [[r.SSR.Quality:3]]
[2020.08.15-12.43.31:235][  0]LogConfig: Setting CVar [[r.SSR.HalfResSceneColor:0]]
[2020.08.15-12.43.31:235][  0]LogConfig: Setting CVar [[r.SceneColorFormat:4]]
[2020.08.15-12.43.31:235][  0]LogConfig: Setting CVar [[r.DetailMode:2]]
[2020.08.15-12.43.31:235][  0]LogConfig: Setting CVar [[r.TranslucencyVolumeBlur:1]]
[2020.08.15-12.43.31:235][  0]LogConfig: Setting CVar [[r.MaterialQualityLevel:1 ; High quality]]
[2020.08.15-12.43.31:235][  0]LogConfig: Setting CVar [[r.SSS.Scale:1]]
[2020.08.15-12.43.31:235][  0]LogConfig: Setting CVar [[r.SSS.SampleSet:2]]
[2020.08.15-12.43.31:235][  0]LogConfig: Setting CVar [[r.SSS.Quality:1]]
[2020.08.15-12.43.31:235][  0]LogConfig: Setting CVar [[r.SSS.HalfRes:1]]
[2020.08.15-12.43.31:235][  0]LogConfig: Setting CVar [[r.SSGI.Quality:3]]
[2020.08.15-12.43.31:235][  0]LogConfig: Setting CVar [[r.EmitterSpawnRateScale:1.0]]
[2020.08.15-12.43.31:235][  0]LogConfig: Setting CVar [[r.ParticleLightQuality:2]]
[2020.08.15-12.43.31:235][  0]LogConfig: Setting CVar [[r.SkyAtmosphere.AerialPerspectiveLUT.FastApplyOnOpaque:1 ; Always have FastSkyLUT 1 in this case to avoid wrong sky]]
[2020.08.15-12.43.31:235][  0]LogConfig: Setting CVar [[r.SkyAtmosphere.AerialPerspectiveLUT.SampleCountPerSlice:1]]
[2020.08.15-12.43.31:235][  0]LogConfig: Setting CVar [[r.SkyAtmosphere.AerialPerspectiveLUT.DepthResolution:16.0]]
[2020.08.15-12.43.31:235][  0]LogConfig: Setting CVar [[r.SkyAtmosphere.FastSkyLUT:1]]
[2020.08.15-12.43.31:235][  0]LogConfig: Setting CVar [[r.SkyAtmosphere.FastSkyLUT.SampleCountMin:4.0]]
[2020.08.15-12.43.31:235][  0]LogConfig: Setting CVar [[r.SkyAtmosphere.FastSkyLUT.SampleCountMax:32.0]]
[2020.08.15-12.43.31:235][  0]LogConfig: Setting CVar [[r.SkyAtmosphere.SampleCountMin:4.0]]
[2020.08.15-12.43.31:235][  0]LogConfig: Setting CVar [[r.SkyAtmosphere.SampleCountMax:32.0]]
[2020.08.15-12.43.31:235][  0]LogConfig: Setting CVar [[r.SkyAtmosphere.TransmittanceLUT.UseSmallFormat:0]]
[2020.08.15-12.43.31:235][  0]LogConfig: Setting CVar [[r.SkyAtmosphere.TransmittanceLUT.SampleCount:10.0]]
[2020.08.15-12.43.31:235][  0]LogConfig: Setting CVar [[r.SkyAtmosphere.MultiScatteringLUT.SampleCount:15.0]]
[2020.08.15-12.43.31:235][  0]LogConfig: Applying CVar settings from Section [FoliageQuality@3] File [G:/2020CIGA/GGStudioGGJ2020/Saved/Config/Windows/Scalability.ini]
[2020.08.15-12.43.31:235][  0]LogConfig: Setting CVar [[foliage.DensityScale:1.0]]
[2020.08.15-12.43.31:236][  0]LogConfig: Setting CVar [[grass.DensityScale:1.0]]
[2020.08.15-12.43.31:236][  0]LogConfig: Applying CVar settings from Section [ShadingQuality@3] File [G:/2020CIGA/GGStudioGGJ2020/Saved/Config/Windows/Scalability.ini]
[2020.08.15-12.43.31:236][  0]LogConfig: Setting CVar [[r.HairStrands.SkyLighting.SampleCount:16]]
[2020.08.15-12.43.31:236][  0]LogConfig: Setting CVar [[r.HairStrands.SkyLighting.JitterIntegration:0]]
[2020.08.15-12.43.31:236][  0]LogConfig: Setting CVar [[r.HairStrands.SkyAO.SampleCount:16]]
[2020.08.15-12.43.31:236][  0]LogConfig: Applying CVar settings from Section [Startup] File [../../../Engine/Config/ConsoleVariables.ini]
[2020.08.15-12.43.31:236][  0]LogConfig: Setting CVar [[net.UseAdaptiveNetUpdateFrequency:0]]
[2020.08.15-12.43.31:236][  0]LogConfig: Setting CVar [[p.chaos.AllowCreatePhysxBodies:1]]
[2020.08.15-12.43.31:236][  0]LogConfig: Applying CVar settings from Section [ConsoleVariables] File [G:/2020CIGA/GGStudioGGJ2020/Saved/Config/Windows/Engine.ini]
[2020.08.15-12.43.31:236][  0]LogInit: Computer: DESKTOP-B1G223B
[2020.08.15-12.43.31:236][  0]LogInit: User: 47554
[2020.08.15-12.43.31:236][  0]LogInit: CPU Page size=4096, Cores=4
[2020.08.15-12.43.31:236][  0]LogInit: High frequency timer resolution =10.000000 MHz
[2020.08.15-12.43.31:236][  0]LogMemory: Memory total: Physical=7.9GB (8GB approx)
[2020.08.15-12.43.31:236][  0]LogMemory: Platform Memory Stats for Windows
[2020.08.15-12.43.31:236][  0]LogMemory: Process Physical Memory: 108.04 MB used, 108.04 MB peak
[2020.08.15-12.43.31:236][  0]LogMemory: Process Virtual Memory: 100.93 MB used, 100.93 MB peak
[2020.08.15-12.43.31:236][  0]LogMemory: Physical Memory: 5581.16 MB used,  2526.00 MB free, 8107.16 MB total
[2020.08.15-12.43.31:236][  0]LogMemory: Virtual Memory: 5167.37 MB used,  134212560.00 MB free, 134217728.00 MB total
[2020.08.15-12.43.31:239][  0]LogWindows: WindowsPlatformFeatures enabled
[2020.08.15-12.43.31:260][  0]LogInit: Using OS detected language (zh-CN).
[2020.08.15-12.43.31:260][  0]LogInit: Using OS detected locale (zh-CN).
[2020.08.15-12.43.31:261][  0]LogTextLocalizationManager: No specific localization for 'zh-CN' exists, so the 'zh-Hans' localization will be used.
[2020.08.15-12.43.31:336][  0]LogTextLocalizationResource: LocRes '../../../Engine/Content/Localization/Editor/zh/Editor.locres' could not be opened for reading!
[2020.08.15-12.43.31:336][  0]LogTextLocalizationResource: LocRes '../../../Engine/Content/Localization/EditorTutorials/zh/EditorTutorials.locres' could not be opened for reading!
[2020.08.15-12.43.31:336][  0]LogTextLocalizationResource: LocRes '../../../Engine/Content/Localization/Keywords/zh/Keywords.locres' could not be opened for reading!
[2020.08.15-12.43.31:337][  0]LogTextLocalizationResource: LocRes '../../../Engine/Content/Localization/Category/zh/Category.locres' could not be opened for reading!
[2020.08.15-12.43.31:337][  0]LogTextLocalizationResource: LocRes '../../../Engine/Content/Localization/ToolTips/zh/ToolTips.locres' could not be opened for reading!
[2020.08.15-12.43.31:337][  0]LogTextLocalizationResource: LocRes '../../../Engine/Content/Localization/PropertyNames/zh/PropertyNames.locres' could not be opened for reading!
[2020.08.15-12.43.31:337][  0]LogTextLocalizationResource: LocRes '../../../Engine/Content/Localization/Engine/zh/Engine.locres' could not be opened for reading!
[2020.08.15-12.43.31:337][  0]LogTextLocalizationResource: LocRes '../../../Engine/Plugins/Online/Android/OnlineSubsystemGooglePlay/Content/Localization/OnlineSubsystemGooglePlay/zh/OnlineSubsystemGooglePlay.locres' could not be opened for reading!
[2020.08.15-12.43.31:337][  0]LogTextLocalizationResource: LocRes '../../../Engine/Plugins/Online/IOS/OnlineSubsystemIOS/Content/Localization/OnlineSubsystemIOS/zh/OnlineSubsystemIOS.locres' could not be opened for reading!
[2020.08.15-12.43.31:337][  0]LogTextLocalizationResource: LocRes '../../../Engine/Plugins/Online/OnlineSubsystem/Content/Localization/OnlineSubsystem/zh/OnlineSubsystem.locres' could not be opened for reading!
[2020.08.15-12.43.31:337][  0]LogTextLocalizationResource: LocRes '../../../Engine/Plugins/Online/OnlineSubsystemUtils/Content/Localization/OnlineSubsystemUtils/zh/OnlineSubsystemUtils.locres' could not be opened for reading!
[2020.08.15-12.43.31:375][  0]LogInit: Setting process to per monitor DPI aware
[2020.08.15-12.43.31:422][  0]LogSlate: New Slate User Created.  User Index 0, Is Virtual User: 0
[2020.08.15-12.43.31:422][  0]LogSlate: Slate User Registered.  User Index 0, Is Virtual User: 0
[2020.08.15-12.43.31:819][  0]LogHMD: Failed to initialize OpenVR with code 110
[2020.08.15-12.43.31:819][  0]LogD3D11RHI: D3D11 min allowed feature level: 11_0
[2020.08.15-12.43.31:819][  0]LogD3D11RHI: D3D11 max allowed feature level: 11_0
[2020.08.15-12.43.31:819][  0]LogD3D11RHI: D3D11 adapters:
[2020.08.15-12.43.31:872][  0]LogD3D11RHI:    0. 'NVIDIA GeForce GTX 1060 6GB' (Feature Level 11_0)
[2020.08.15-12.43.31:872][  0]LogD3D11RHI:       6052/0/4053 MB DedicatedVideo/DedicatedSystem/SharedSystem, Outputs:2, VendorId:0x10de
[2020.08.15-12.43.31:874][  0]LogD3D11RHI:    1. 'Microsoft Basic Render Driver' (Feature Level 11_0)
[2020.08.15-12.43.31:875][  0]LogD3D11RHI:       0/0/4053 MB DedicatedVideo/DedicatedSystem/SharedSystem, Outputs:0, VendorId:0x1414
[2020.08.15-12.43.31:875][  0]LogD3D11RHI: Chosen D3D11 Adapter: 0
[2020.08.15-12.43.31:882][  0]LogD3D11RHI: Creating new Direct3DDevice
[2020.08.15-12.43.31:882][  0]LogD3D11RHI:     GPU DeviceId: 0x1c03 (for the marketing name, search the web for "GPU Device Id")
[2020.08.15-12.43.31:882][  0]LogWindows: EnumDisplayDevices:
[2020.08.15-12.43.31:883][  0]LogWindows:    0. 'NVIDIA GeForce GTX 1060 6GB' (P:1 D:1)
[2020.08.15-12.43.31:883][  0]LogWindows:    1. 'NVIDIA GeForce GTX 1060 6GB' (P:0 D:1)
[2020.08.15-12.43.31:884][  0]LogWindows:    2. 'NVIDIA GeForce GTX 1060 6GB' (P:0 D:0)
[2020.08.15-12.43.31:884][  0]LogWindows:    3. 'NVIDIA GeForce GTX 1060 6GB' (P:0 D:0)
[2020.08.15-12.43.31:885][  0]LogWindows: DebugString: FoundDriverCount:4 
[2020.08.15-12.43.31:885][  0]LogD3D11RHI:     Adapter Name: NVIDIA GeForce GTX 1060 6GB
[2020.08.15-12.43.31:885][  0]LogD3D11RHI:   Driver Version: 432.00 (internal:26.21.14.3200, unified:432.00)
[2020.08.15-12.43.31:885][  0]LogD3D11RHI:      Driver Date: 7-24-2019
[2020.08.15-12.43.31:885][  0]LogRHI: Texture pool is 4236 MB (70% of 6052 MB)
[2020.08.15-12.43.31:924][  0]LogD3D11RHI: RHI has support for 64 bit atomics
[2020.08.15-12.43.31:924][  0]LogD3D11RHI: Async texture creation enabled
[2020.08.15-12.43.32:023][  0]LogD3D11RHI: GPU Timing Frequency: 1000.000000 (Debug: 2 1)
[2020.08.15-12.43.32:379][  0]LogTargetPlatformManager: Display: Loaded TargetPlatform 'AllDesktop'
[2020.08.15-12.43.32:406][  0]LogTargetPlatformManager: Display: Loaded TargetPlatform 'Android'
[2020.08.15-12.43.32:406][  0]LogTargetPlatformManager: Display: Loaded TargetPlatform 'Android_ASTC'
[2020.08.15-12.43.32:406][  0]LogTargetPlatformManager: Display: Loaded TargetPlatform 'Android_ATC'
[2020.08.15-12.43.32:406][  0]LogTargetPlatformManager: Display: Loaded TargetPlatform 'Android_DXT'
[2020.08.15-12.43.32:406][  0]LogTargetPlatformManager: Display: Loaded TargetPlatform 'Android_ETC1'
[2020.08.15-12.43.32:406][  0]LogTargetPlatformManager: Display: Loaded TargetPlatform 'Android_ETC1a'
[2020.08.15-12.43.32:406][  0]LogTargetPlatformManager: Display: Loaded TargetPlatform 'Android_ETC2'
[2020.08.15-12.43.32:406][  0]LogTargetPlatformManager: Display: Loaded TargetPlatform 'Android_PVRTC'
[2020.08.15-12.43.32:406][  0]LogTargetPlatformManager: Display: Loaded TargetPlatform 'AndroidClient'
[2020.08.15-12.43.32:406][  0]LogTargetPlatformManager: Display: Loaded TargetPlatform 'Android_ASTCClient'
[2020.08.15-12.43.32:406][  0]LogTargetPlatformManager: Display: Loaded TargetPlatform 'Android_ATCClient'
[2020.08.15-12.43.32:406][  0]LogTargetPlatformManager: Display: Loaded TargetPlatform 'Android_DXTClient'
[2020.08.15-12.43.32:406][  0]LogTargetPlatformManager: Display: Loaded TargetPlatform 'Android_ETC1Client'
[2020.08.15-12.43.32:406][  0]LogTargetPlatformManager: Display: Loaded TargetPlatform 'Android_ETC1aClient'
[2020.08.15-12.43.32:406][  0]LogTargetPlatformManager: Display: Loaded TargetPlatform 'Android_ETC2Client'
[2020.08.15-12.43.32:406][  0]LogTargetPlatformManager: Display: Loaded TargetPlatform 'Android_PVRTCClient'
[2020.08.15-12.43.32:406][  0]LogTargetPlatformManager: Display: Loaded TargetPlatform 'Android_Multi'
[2020.08.15-12.43.32:406][  0]LogTargetPlatformManager: Display: Loaded TargetPlatform 'Android_MultiClient'
[2020.08.15-12.43.32:421][  0]LogTargetPlatformManager: Display: Loaded TargetPlatform 'IOSClient'
[2020.08.15-12.43.32:421][  0]LogTargetPlatformManager: Display: Loaded TargetPlatform 'IOS'
[2020.08.15-12.43.32:428][  0]LogTargetPlatformManager: Display: Loaded TargetPlatform 'LinuxNoEditor'
[2020.08.15-12.43.32:434][  0]LogTargetPlatformManager: Display: Loaded TargetPlatform 'LinuxClient'
[2020.08.15-12.43.32:440][  0]LogTargetPlatformManager: Display: Loaded TargetPlatform 'LinuxServer'
[2020.08.15-12.43.32:446][  0]LogTargetPlatformManager: Display: Loaded TargetPlatform 'LinuxAArch64NoEditor'
[2020.08.15-12.43.32:452][  0]LogTargetPlatformManager: Display: Loaded TargetPlatform 'LinuxAArch64Client'
[2020.08.15-12.43.32:457][  0]LogTargetPlatformManager: Display: Loaded TargetPlatform 'LinuxAArch64Server'
[2020.08.15-12.43.32:479][  0]LogTargetPlatformManager: Display: Loaded TargetPlatform 'Lumin'
[2020.08.15-12.43.32:479][  0]LogTargetPlatformManager: Display: Loaded TargetPlatform 'LuminClient'
[2020.08.15-12.43.32:490][  0]LogTargetPlatformManager: Display: Loaded TargetPlatform 'TVOSClient'
[2020.08.15-12.43.32:490][  0]LogTargetPlatformManager: Display: Loaded TargetPlatform 'TVOS'
[2020.08.15-12.43.32:497][  0]LogTargetPlatformManager: Display: Loaded TargetPlatform 'WindowsNoEditor'
[2020.08.15-12.43.32:503][  0]LogTargetPlatformManager: Display: Loaded TargetPlatform 'Windows'
[2020.08.15-12.43.32:509][  0]LogTargetPlatformManager: Display: Loaded TargetPlatform 'WindowsClient'
[2020.08.15-12.43.32:516][  0]LogTargetPlatformManager: Display: Loaded TargetPlatform 'WindowsServer'
[2020.08.15-12.43.32:516][  0]LogTargetPlatformManager: Display: Building Assets For Windows
[2020.08.15-12.43.32:518][  0]LogAudioDebug: Display: Lib vorbis DLL was dynamically loaded.
[2020.08.15-12.43.32:537][  0]LogShaderCompilers: Guid format shader working directory is 18 characters bigger than the processId version (G:/2020CIGA/GGStudioGGJ2020/Intermediate/Shaders/WorkingDirectory/19564/).
[2020.08.15-12.43.32:538][  0]LogShaderCompilers: Cleaned the shader compiler working directory 'C:/Users/47554/AppData/Local/Temp/UnrealShaderWorkingDir/1A72D3264843005360B90AA7976F45D0/'.
[2020.08.15-12.43.32:538][  0]LogXGEController: Cannot use XGE Controller as Incredibuild is not installed on this machine.
[2020.08.15-12.43.32:539][  0]LogShaderCompilers: Cannot use XGE Shader Compiler as Incredibuild is not installed on this machine.
[2020.08.15-12.43.32:539][  0]LogShaderCompilers: Display: Using Local Shader Compiler.
[2020.08.15-12.43.33:287][  0]LogDerivedDataCache: Display: Max Cache Size: 512 MB
[2020.08.15-12.43.33:349][  0]LogDerivedDataCache: Loaded boot cache 0.06s 78MB C:/Users/47554/AppData/Local/UnrealEngine/4.24/DerivedDataCache/Boot.ddc.
[2020.08.15-12.43.33:349][  0]LogDerivedDataCache: Display: Loaded Boot cache: C:/Users/47554/AppData/Local/UnrealEngine/4.24/DerivedDataCache/Boot.ddc
[2020.08.15-12.43.33:350][  0]LogDerivedDataCache: FDerivedDataBackendGraph:  Pak pak cache file G:/2020CIGA/GGStudioGGJ2020/DerivedDataCache/DDC.ddp not found, will not use a pak cache.
[2020.08.15-12.43.33:350][  0]LogDerivedDataCache: Unable to find inner node Pak for hierarchical cache Hierarchy.
[2020.08.15-12.43.33:350][  0]LogDerivedDataCache: FDerivedDataBackendGraph:  CompressedPak pak cache file G:/2020CIGA/GGStudioGGJ2020/DerivedDataCache/Compressed.ddp not found, will not use a pak cache.
[2020.08.15-12.43.33:350][  0]LogDerivedDataCache: Unable to find inner node CompressedPak for hierarchical cache Hierarchy.
[2020.08.15-12.43.33:360][  0]LogDerivedDataCache: Display: Pak cache opened for reading ../../../Engine/DerivedDataCache/Compressed.ddp.
[2020.08.15-12.43.33:360][  0]LogDerivedDataCache: FDerivedDataBackendGraph:  EnterprisePak pak cache file ../../../Enterprise/DerivedDataCache/Compressed.ddp not found, will not use a pak cache.
[2020.08.15-12.43.33:360][  0]LogDerivedDataCache: Unable to find inner node EnterprisePak for hierarchical cache Hierarchy.
[2020.08.15-12.43.33:361][  0]LogDerivedDataCache: Using Local data cache path C:/Users/47554/AppData/Local/UnrealEngine/Common/DerivedDataCache: Writable
[2020.08.15-12.43.33:361][  0]LogDerivedDataCache: Shared data cache path not found in *engine.ini, will not use an Shared cache.
[2020.08.15-12.43.33:361][  0]LogDerivedDataCache: Unable to find inner node Shared for hierarchical cache Hierarchy.
[2020.08.15-12.43.33:386][  0]LogMaterial: Verifying Global Shaders for PCD3D_SM5
[2020.08.15-12.43.33:388][  0]LogSlate: Using FreeType 2.10.0
[2020.08.15-12.43.33:388][  0]LogSlate: SlateFontServices - WITH_FREETYPE: 1, WITH_HARFBUZZ: 1
[2020.08.15-12.43.33:445][  0]LogAssetRegistry: FAssetRegistry took 0.0024 seconds to start up
[2020.08.15-12.43.33:705][  0]LogInit: Selected Device Profile: [Windows]
[2020.08.15-12.43.33:836][  0]LogMeshReduction: Using QuadricMeshReduction for automatic static mesh reduction
[2020.08.15-12.43.33:836][  0]LogMeshReduction: Using SimplygonMeshReduction for automatic skeletal mesh reduction
[2020.08.15-12.43.33:836][  0]LogMeshReduction: Using ProxyLODMeshReduction for automatic mesh merging
[2020.08.15-12.43.33:836][  0]LogMeshReduction: No distributed automatic mesh merging module available
[2020.08.15-12.43.33:836][  0]LogMeshMerging: No distributed automatic mesh merging module available
[2020.08.15-12.43.33:850][  0]LogNetVersion: GGStudioGGJ2020 1.0.0, NetCL: 10570792, EngineNetVer: 13, GameNetVer: 0 (Checksum: 1784089266)
[2020.08.15-12.43.35:030][  0]LogPackageLocalizationCache: Processed 10 localized package path(s) for 2 prioritized culture(s) in 0.056023 seconds
[2020.08.15-12.43.35:036][  0]LogUObjectArray: 46750 objects as part of root set at end of initial load.
[2020.08.15-12.43.35:036][  0]LogUObjectAllocator: 8137160 out of 0 bytes used by permanent object pool.
[2020.08.15-12.43.35:036][  0]LogUObjectArray: CloseDisregardForGC: 0/0 objects in disregard for GC pool
[2020.08.15-12.43.35:395][  0]LogTcpMessaging: Initializing TcpMessaging bridge
[2020.08.15-12.43.35:398][  0]LogUdpMessaging: Initializing bridge on interface 0.0.0.0:0 to multicast group 230.0.0.1:6666.
[2020.08.15-12.43.35:441][  0]SourceControl: 源码管理已禁用
[2020.08.15-12.43.35:441][  0]SourceControl: 源码管理已禁用
[2020.08.15-12.43.35:442][  0]SourceControl: 源码管理已禁用
[2020.08.15-12.43.35:443][  0]SourceControl: 源码管理已禁用
[2020.08.15-12.43.35:444][  0]SourceControl: 源码管理已禁用
[2020.08.15-12.43.35:451][  0]LogVSAccessor: Display: Unable to create Visual Studio setup instance: 80040154
[2020.08.15-12.43.35:452][  0]LogVSAccessor: Display: Unable to create Visual Studio setup instance: 80040154
[2020.08.15-12.43.35:520][  0]LogAndroidPermission: UAndroidPermissionCallbackProxy::GetInstance
[2020.08.15-12.43.35:533][  0]LogAudioCaptureCore: Display: No Audio Capture implementations found. Audio input will be silent.
[2020.08.15-12.43.35:533][  0]LogAudioCaptureCore: Display: No Audio Capture implementations found. Audio input will be silent.
[2020.08.15-12.43.35:615][  0]LogOcInput: OculusInput pre-init called
[2020.08.15-12.43.35:622][  0]LogWindows: Failed to load 'OVRPlugin.dll' (GetLastError=126)
[2020.08.15-12.43.35:622][  0]LogWindows: File 'OVRPlugin.dll' does not exist
[2020.08.15-12.43.35:683][  0]LogEngine: Initializing Engine...
[2020.08.15-12.43.35:684][  0]LogHMD: Failed to initialize OpenVR with code 110
[2020.08.15-12.43.35:685][  0]LogStats: UGameplayTagsManager::InitializeManager -  0.000 s
[2020.08.15-12.43.36:008][  0]LogInit: Initializing FReadOnlyCVARCache
[2020.08.15-12.43.36:015][  0]LogAIModule: Creating AISystem for world Untitled
[2020.08.15-12.43.36:040][  0]LogAudioMixer: Display: Audio Mixer Platform Settings:
[2020.08.15-12.43.36:040][  0]LogAudioMixer: Display: 	Sample Rate:						  48000
[2020.08.15-12.43.36:040][  0]LogAudioMixer: Display: 	Callback Buffer Frame Size Requested: 1024
[2020.08.15-12.43.36:040][  0]LogAudioMixer: Display: 	Callback Buffer Frame Size To Use:	  1024
[2020.08.15-12.43.36:040][  0]LogAudioMixer: Display: 	Number of buffers to queue:			  2
[2020.08.15-12.43.36:040][  0]LogAudioMixer: Display: 	Max Channels (voices):				  32
[2020.08.15-12.43.36:040][  0]LogAudioMixer: Display: 	Number of Async Source Workers:		  0
[2020.08.15-12.43.36:040][  0]LogAudio: Display: AudioDevice MaxSources: 32
[2020.08.15-12.43.36:041][  0]LogAudio: Display: Using built-in audio occlusion.
[2020.08.15-12.43.36:041][  0]LogAudioMixer: Display: Initializing audio mixer.
[2020.08.15-12.43.36:108][  0]LogAudioMixer: Display: Audio Device Output Speaker Info:
[2020.08.15-12.43.36:108][  0]LogAudioMixer: Display: Name: 扬声器 (Realtek High Definition Audio)
[2020.08.15-12.43.36:108][  0]LogAudioMixer: Display: Is Default: Yes
[2020.08.15-12.43.36:108][  0]LogAudioMixer: Display: Sample Rate: 48000
[2020.08.15-12.43.36:108][  0]LogAudioMixer: Display: Channel Count Used: 2
[2020.08.15-12.43.36:108][  0]LogAudioMixer: Display: Device Channel Count: 2
[2020.08.15-12.43.36:108][  0]LogAudioMixer: Display: Channel Order:
[2020.08.15-12.43.36:108][  0]LogAudioMixer: Display: 0: FrontLeft
[2020.08.15-12.43.36:108][  0]LogAudioMixer: Display: 1: FrontRight
[2020.08.15-12.43.36:144][  0]LogAudioMixer: Display: Using Audio Device 扬声器 (Realtek High Definition Audio)
[2020.08.15-12.43.36:150][  0]LogInit: FAudioDevice initialized.
[2020.08.15-12.43.36:150][  0]LogNetVersion: Set ProjectVersion to 1.0.0.0. Version Checksum will be recalculated on next use.
[2020.08.15-12.43.36:232][  0]LogDerivedDataCache: Saved boot cache 0.08s 78MB C:/Users/47554/AppData/Local/UnrealEngine/4.24/DerivedDataCache/Boot.ddc.
[2020.08.15-12.43.36:232][  0]LogInit: Texture streaming: Enabled
[2020.08.15-12.43.36:240][  0]LogEngineSessionManager: EngineSessionManager initialized
[2020.08.15-12.43.36:240][  0]LogEditorSessionSummary: Verbose: Initializing EditorSessionSummaryWriter for editor session tracking
[2020.08.15-12.43.36:244][  0]LogEditorSessionSummary: EditorSessionSummaryWriter initialized
[2020.08.15-12.43.36:270][  0]LogInit: Transaction tracking system initialized
[2020.08.15-12.43.36:281][  0]BlueprintLog: New page: 编辑器加载
[2020.08.15-12.43.36:306][  0]LocalizationService: 本地化服务已禁用
[2020.08.15-12.43.36:347][  0]LogVSAccessor: Display: Unable to create Visual Studio setup instance: 80040154
[2020.08.15-12.43.36:347][  0]LogVSAccessor: Display: Unable to create Visual Studio setup instance: 80040154
[2020.08.15-12.43.36:566][  0]LogFileCache: Scanning file cache for directory 'G:/2020CIGA/GGStudioGGJ2020/Content/' took 0.00s
[2020.08.15-12.43.36:566][  0]LogCook: Display: Max memory allowance for cook 16384mb min free memory 0mb
[2020.08.15-12.43.36:566][  0]LogCook: Display: Mobile HDR setting 1
[2020.08.15-12.43.37:243][  0]SourceControl: 源码管理已禁用
[2020.08.15-12.43.37:404][  0]LogSlate: Took 0.000248 seconds to synchronously load lazily loaded font '../../../Engine/Content/Slate/Fonts/Roboto-Regular.ttf' (155K)
[2020.08.15-12.43.37:406][  0]LogSlate: Took 0.001830 seconds to synchronously load lazily loaded font '../../../Engine/Content/Slate/Fonts/DroidSansFallback.ttf' (3848K)
[2020.08.15-12.43.46:659][  0]LogSlate: Window '恢复包' being destroyed
[2020.08.15-12.43.46:678][  0]LogWindowsTextInputMethodSystem: Display: IME system now activated using TSF (微软拼音).
[2020.08.15-12.43.46:688][  0]LogWindowsTextInputMethodSystem: Display: IME system now activated using TSF (微软拼音).
[2020.08.15-12.43.46:690][  0]Cmd: MAP LOAD FILE="../../../Engine/Content/Maps/Templates/Template_Default.umap" TEMPLATE=1 SHOWPROGRESS=1 FEATURELEVEL=3
[2020.08.15-12.43.46:690][  0]LightingResults: New page: 光照构建
[2020.08.15-12.43.46:691][  0]LogWorld: UWorld::CleanupWorld for Untitled, bSessionEnded=true, bCleanupResources=true
[2020.08.15-12.43.46:691][  0]LogSlate: InvalidateAllWidgets triggered.  All widgets were invalidated
[2020.08.15-12.43.46:691][  0]MapCheck: New page: 地图检测
[2020.08.15-12.43.46:691][  0]LightingResults: New page: 光照构建
[2020.08.15-12.43.46:722][  0]LogUObjectHash: Compacting FUObjectHashTables data took   3.32ms
[2020.08.15-12.43.46:814][  0]LogAIModule: Creating AISystem for world Untitled_1
[2020.08.15-12.43.46:817][  0]LogEditorServer: Finished looking for orphan Actors (0.000 secs)
[2020.08.15-12.43.46:843][  0]LogUObjectHash: Compacting FUObjectHashTables data took   1.96ms
[2020.08.15-12.43.46:843][  0]Cmd: MAP CHECKDEP NOCLEARLOG
[2020.08.15-12.43.46:844][  0]MapCheck: 地图检测完成：0个错误、0个警告、完成用时0.103毫秒。
[2020.08.15-12.43.46:844][  0]LogFileHelpers: Loading map 'Template_Default' took 0.154
[2020.08.15-12.43.47:078][  0]LogSlate: Updating window title bar state: overlay mode, drag disabled, window buttons hidden, title bar hidden
[2020.08.15-12.43.47:084][  0]LogSlate: Updating window title bar state: overlay mode, drag disabled, window buttons hidden, title bar hidden
[2020.08.15-12.43.47:090][  0]LogSlate: Updating window title bar state: overlay mode, drag disabled, window buttons hidden, title bar hidden
[2020.08.15-12.43.47:097][  0]LogSlate: Updating window title bar state: overlay mode, drag disabled, window buttons hidden, title bar hidden
[2020.08.15-12.43.47:114][  0]LogCollectionManager: Loaded 0 collections in 0.001472 seconds
[2020.08.15-12.43.47:175][  0]LogFileCache: Scanning file cache for directory 'G:/2020CIGA/GGStudioGGJ2020/Saved/Collections/' took 0.00s
[2020.08.15-12.43.47:175][  0]LogFileCache: Scanning file cache for directory 'G:/2020CIGA/GGStudioGGJ2020/Content/Developers/47554/Collections/' took 0.00s
[2020.08.15-12.43.47:176][  0]LogFileCache: Scanning file cache for directory 'G:/2020CIGA/GGStudioGGJ2020/Content/Collections/' took 0.00s
[2020.08.15-12.43.47:176][  0]LogContentBrowser: Native class hierarchy populated in 0.0096 seconds. Added 3015 classes and 717 folders.
[2020.08.15-12.43.47:207][  0]LogContentBrowser: Native class hierarchy updated for 'WidgetCarousel' in 0.0004 seconds. Added 0 classes and 0 folders.
[2020.08.15-12.43.47:765][  0]LogContentBrowser: Native class hierarchy updated for 'AddContentDialog' in 0.0002 seconds. Added 0 classes and 0 folders.
[2020.08.15-12.43.47:782][  0]LogContentBrowser: Native class hierarchy updated for 'SceneOutliner' in 0.0002 seconds. Added 2 classes and 3 folders.
[2020.08.15-12.43.47:844][  0]LogSlate: Took 0.000315 seconds to synchronously load lazily loaded font '../../../Engine/Content/Slate/Fonts/Roboto-Bold.ttf' (160K)
[2020.08.15-12.43.47:856][  0]LogSlate: Took 0.010007 seconds to synchronously load lazily loaded font '../../../Engine/Content/Editor/Slate/Fonts/FontAwesome.ttf' (139K)
[2020.08.15-12.43.47:938][  0]LogRenderer: Reallocating scene render targets to support 1208x580 Format 10 NumSamples 1 (Frame:1).
[2020.08.15-12.43.48:100][  0]LogSlate: Window '教程' being destroyed
[2020.08.15-12.43.48:120][  0]LogContentBrowser: Native class hierarchy updated for 'HierarchicalLODOutliner' in 0.0002 seconds. Added 0 classes and 0 folders.
[2020.08.15-12.43.48:120][  0]LogLoad: (Engine Initialization) Total time: 18.58 seconds
[2020.08.15-12.43.48:120][  0]LogLoad: (Engine Initialization) Total Blueprint compile time: 0.00 seconds
[2020.08.15-12.43.48:184][  0]LogContentStreaming: Texture pool size now 1000 MB
[2020.08.15-12.43.48:334][  2]LogAssetRegistry: Asset discovery search completed in 14.8891 seconds
[2020.08.15-12.43.48:339][  2]LogCollectionManager: Fixed up redirectors for 0 collections in 0.000027 seconds (updated 0 objects)
[2020.08.15-12.43.52:499][455]LogSlate: Took 0.014070 seconds to synchronously load lazily loaded font '../../../Engine/Content/Slate/Fonts/Roboto-Light.ttf' (167K)
[2020.08.15-12.45.20:582][323]LogSlate: Took 0.000271 seconds to synchronously load lazily loaded font '../../../Engine/Content/Slate/Fonts/Roboto-Light.ttf' (167K)
[2020.08.15-12.45.20:609][323]LogAssetEditorSubsystem: Opening Asset editor for WidgetBlueprint /Game/Liu/NewWidgetBlueprint.NewWidgetBlueprint
[2020.08.15-12.45.20:884][323]LogContentBrowser: Native class hierarchy updated for 'BlueprintGraph' in 0.0005 seconds. Added 121 classes and 0 folders.
[2020.08.15-12.45.22:136][323]LogSlate: Took 0.000213 seconds to synchronously load lazily loaded font '../../../Engine/Content/Slate/Fonts/Roboto-BoldCondensed.ttf' (158K)
[2020.08.15-12.45.23:659][497]LogSlate: Window 'NewWidgetBlueprint' being destroyed
[2020.08.15-12.45.23:665][497]LogSlate: Window 'NewWidgetBlueprint' being destroyed
[2020.08.15-12.45.23:668][497]LogWorld: UWorld::CleanupWorld for World_1, bSessionEnded=true, bCleanupResources=true
[2020.08.15-12.45.23:668][497]LogSlate: InvalidateAllWidgets triggered.  All widgets were invalidated
[2020.08.15-12.45.23:671][497]LogWorld: UWorld::CleanupWorld for World_0, bSessionEnded=true, bCleanupResources=true
[2020.08.15-12.45.23:671][497]LogSlate: InvalidateAllWidgets triggered.  All widgets were invalidated
[2020.08.15-12.45.29:494][718]LogFactory: FactoryCreateFile: Texture with ReimportTextureFactory (0 0 C:/Users/47554/Desktop/新建文件夹 (3)/组件/背景.png)
[2020.08.15-12.45.29:519][718]LogTexture: Display: 正在编译纹理：背景（AutoDXT、1920X1080）
[2020.08.15-12.46.27:450][285]LogFactory: FactoryCreateFile: Texture with ReimportTextureFactory (0 0 C:/Users/47554/Desktop/新建文件夹 (3)/组件/标题1.png)
[2020.08.15-12.46.27:455][285]LogTexture: Display: 正在编译纹理：标题1（BGRA8、776X351）
[2020.08.15-12.46.36:949][643]LogFactory: FactoryCreateFile: Texture with ReimportTextureFactory (0 0 C:/Users/47554/Desktop/新建文件夹 (3)/组件/标题倒影.png)
[2020.08.15-12.46.36:954][643]LogTexture: Display: 正在编译纹理：标题倒影（BGRA8、776X351）
[2020.08.15-12.46.51:117][769]LogFactory: FactoryCreateFile: Texture with ReimportTextureFactory (0 0 C:/Users/47554/Desktop/新建文件夹 (3)/组件/萤火1.png)
[2020.08.15-12.46.51:153][769]LogTexture: Display: 正在编译纹理：萤火1（AutoDXT、1920X1080）
[2020.08.15-12.46.54:865][939]LogFactory: FactoryCreateFile: Texture with ReimportTextureFactory (0 0 C:/Users/47554/Desktop/新建文件夹 (3)/组件/萤火倒影.png)
[2020.08.15-12.46.54:905][939]LogTexture: Display: 正在编译纹理：萤火倒影（AutoDXT、1920X1080）
[2020.08.15-12.47.21:763][332]LogAssetEditorSubsystem: Opening Asset editor for WidgetBlueprint /Game/Liu/NewWidgetBlueprint.NewWidgetBlueprint
[2020.08.15-12.51.13:825][747]LogFactory: FactoryCreateFile: Texture with ReimportTextureFactory (0 0 G:\2020CIGA\ProjectFile\菜单UI (1).jpg)
[2020.08.15-12.51.13:853][747]LogTexture: Display: 正在编译纹理：菜单UI__1_（AutoDXT、1920X1080）
[2020.08.15-12.52.09:639][314]LogEditorTransaction: Undo 调整控件大小
[2020.08.15-12.54.37:553][973]LogUObjectHash: Compacting FUObjectHashTables data took   4.45ms
[2020.08.15-12.54.37:556][973]LogFileHelpers: Editor autosave (incl. sublevels) for '/Temp/Untitled_1' took 0.070
[2020.08.15-12.54.37:556][973]OBJ SavePackage: Generating thumbnails for [0] asset(s) in package [/Game/Liu/NewWidgetBlueprint] ([1] browsable assets)...
[2020.08.15-12.54.37:556][973]OBJ SavePackage: Finished generating thumbnails for package [/Game/Liu/NewWidgetBlueprint]
[2020.08.15-12.54.37:556][973]Cmd: OBJ SAVEPACKAGE PACKAGE="/Game/Liu/NewWidgetBlueprint" FILE="G:/2020CIGA/GGStudioGGJ2020/Saved/Autosaves/Game/Liu/NewWidgetBlueprint_Auto1.uasset" SILENT=false AUTOSAVING=true
[2020.08.15-12.54.37:560][973]LogSavePackage: Moving 'G:/2020CIGA/GGStudioGGJ2020/Saved/NewWidgetBlueprint_Auto198D5CDFD4C6F1ADE0A8028AAA6E84CB6.tmp' to 'G:/2020CIGA/GGStudioGGJ2020/Saved/Autosaves/Game/Liu/NewWidgetBlueprint_Auto1.uasset'
[2020.08.15-12.54.37:795][973]OBJ SavePackage: Generating thumbnails for [1] asset(s) in package [/Game/Liu/背景] ([1] browsable assets)...
[2020.08.15-12.54.37:797][973]OBJ SavePackage:     Rendered thumbnail for [Texture2D /Game/Liu/背景.背景]
[2020.08.15-12.54.37:797][973]OBJ SavePackage: Finished generating thumbnails for package [/Game/Liu/背景]
[2020.08.15-12.54.37:797][973]Cmd: OBJ SAVEPACKAGE PACKAGE="/Game/Liu/背景" FILE="G:/2020CIGA/GGStudioGGJ2020/Saved/Autosaves/Game/Liu/背景_Auto1.uasset" SILENT=false AUTOSAVING=true
[2020.08.15-12.54.37:858][973]LogSavePackage: Moving 'G:/2020CIGA/GGStudioGGJ2020/Saved/背景_Auto1C663EE414049734EACE2BE8892F65A67.tmp' to 'G:/2020CIGA/GGStudioGGJ2020/Saved/Autosaves/Game/Liu/背景_Auto1.uasset'
[2020.08.15-12.54.37:859][973]OBJ SavePackage: Generating thumbnails for [1] asset(s) in package [/Game/Liu/标题1] ([1] browsable assets)...
[2020.08.15-12.54.37:862][973]OBJ SavePackage:     Rendered thumbnail for [Texture2D /Game/Liu/标题1.标题1]
[2020.08.15-12.54.37:863][973]OBJ SavePackage: Finished generating thumbnails for package [/Game/Liu/标题1]
[2020.08.15-12.54.37:863][973]Cmd: OBJ SAVEPACKAGE PACKAGE="/Game/Liu/标题1" FILE="G:/2020CIGA/GGStudioGGJ2020/Saved/Autosaves/Game/Liu/标题1_Auto1.uasset" SILENT=false AUTOSAVING=true
[2020.08.15-12.54.37:903][973]LogSavePackage: Moving 'G:/2020CIGA/GGStudioGGJ2020/Saved/标题1_Auto133A7AD93479105542D5E2C8AB4E56891.tmp' to 'G:/2020CIGA/GGStudioGGJ2020/Saved/Autosaves/Game/Liu/标题1_Auto1.uasset'
[2020.08.15-12.54.37:904][973]OBJ SavePackage: Generating thumbnails for [1] asset(s) in package [/Game/Liu/标题倒影] ([1] browsable assets)...
[2020.08.15-12.54.37:907][973]OBJ SavePackage:     Rendered thumbnail for [Texture2D /Game/Liu/标题倒影.标题倒影]
[2020.08.15-12.54.37:907][973]OBJ SavePackage: Finished generating thumbnails for package [/Game/Liu/标题倒影]
[2020.08.15-12.54.37:907][973]Cmd: OBJ SAVEPACKAGE PACKAGE="/Game/Liu/标题倒影" FILE="G:/2020CIGA/GGStudioGGJ2020/Saved/Autosaves/Game/Liu/标题倒影_Auto1.uasset" SILENT=false AUTOSAVING=true
[2020.08.15-12.54.37:910][973]LogSavePackage: Moving 'G:/2020CIGA/GGStudioGGJ2020/Saved/标题倒影_Auto191667DAB4B9F561404703A9CC812D5FC.tmp' to 'G:/2020CIGA/GGStudioGGJ2020/Saved/Autosaves/Game/Liu/标题倒影_Auto1.uasset'
[2020.08.15-12.54.37:911][973]OBJ SavePackage: Generating thumbnails for [1] asset(s) in package [/Game/Liu/萤火1] ([1] browsable assets)...
[2020.08.15-12.54.37:913][973]OBJ SavePackage:     Rendered thumbnail for [Texture2D /Game/Liu/萤火1.萤火1]
[2020.08.15-12.54.37:913][973]OBJ SavePackage: Finished generating thumbnails for package [/Game/Liu/萤火1]
[2020.08.15-12.54.37:913][973]Cmd: OBJ SAVEPACKAGE PACKAGE="/Game/Liu/萤火1" FILE="G:/2020CIGA/GGStudioGGJ2020/Saved/Autosaves/Game/Liu/萤火1_Auto1.uasset" SILENT=false AUTOSAVING=true
[2020.08.15-12.54.37:934][973]LogSavePackage: Moving 'G:/2020CIGA/GGStudioGGJ2020/Saved/萤火1_Auto112769B1F41F40B57DB48CDA831646583.tmp' to 'G:/2020CIGA/GGStudioGGJ2020/Saved/Autosaves/Game/Liu/萤火1_Auto1.uasset'
[2020.08.15-12.54.37:936][973]OBJ SavePackage: Generating thumbnails for [1] asset(s) in package [/Game/Liu/萤火倒影] ([1] browsable assets)...
[2020.08.15-12.54.37:939][973]OBJ SavePackage:     Rendered thumbnail for [Texture2D /Game/Liu/萤火倒影.萤火倒影]
[2020.08.15-12.54.37:939][973]OBJ SavePackage: Finished generating thumbnails for package [/Game/Liu/萤火倒影]
[2020.08.15-12.54.37:939][973]Cmd: OBJ SAVEPACKAGE PACKAGE="/Game/Liu/萤火倒影" FILE="G:/2020CIGA/GGStudioGGJ2020/Saved/Autosaves/Game/Liu/萤火倒影_Auto1.uasset" SILENT=false AUTOSAVING=true
[2020.08.15-12.54.37:993][973]LogSavePackage: Moving 'G:/2020CIGA/GGStudioGGJ2020/Saved/萤火倒影_Auto185AC6C364D6601DC541FABA770A2072B.tmp' to 'G:/2020CIGA/GGStudioGGJ2020/Saved/Autosaves/Game/Liu/萤火倒影_Auto1.uasset'
[2020.08.15-12.54.37:994][973]OBJ SavePackage: Generating thumbnails for [1] asset(s) in package [/Game/Liu/菜单UI__1_] ([1] browsable assets)...
[2020.08.15-12.54.37:996][973]OBJ SavePackage:     Rendered thumbnail for [Texture2D /Game/Liu/菜单UI__1_.菜单UI__1_]
[2020.08.15-12.54.37:996][973]OBJ SavePackage: Finished generating thumbnails for package [/Game/Liu/菜单UI__1_]
[2020.08.15-12.54.37:997][973]Cmd: OBJ SAVEPACKAGE PACKAGE="/Game/Liu/菜单UI__1_" FILE="G:/2020CIGA/GGStudioGGJ2020/Saved/Autosaves/Game/Liu/菜单UI__1__Auto1.uasset" SILENT=false AUTOSAVING=true
[2020.08.15-12.54.38:030][973]LogSavePackage: Moving 'G:/2020CIGA/GGStudioGGJ2020/Saved/菜单UI__1__Auto12F72BCC74A15F476C6BDEFA5A4ECAAF4.tmp' to 'G:/2020CIGA/GGStudioGGJ2020/Saved/Autosaves/Game/Liu/菜单UI__1__Auto1.uasset'
[2020.08.15-12.54.38:034][973]LogFileHelpers: Auto-saving content packages took 0.479
[2020.08.15-13.07.34:058][488]LogUObjectHash: Compacting FUObjectHashTables data took   2.64ms
[2020.08.15-13.07.34:061][488]LogFileHelpers: Editor autosave (incl. sublevels) for '/Temp/Untitled_1' took 0.047
[2020.08.15-13.07.34:061][488]OBJ SavePackage: Generating thumbnails for [0] asset(s) in package [/Game/Liu/NewWidgetBlueprint] ([1] browsable assets)...
[2020.08.15-13.07.34:102][488]OBJ SavePackage: Finished generating thumbnails for package [/Game/Liu/NewWidgetBlueprint]
[2020.08.15-13.07.34:102][488]Cmd: OBJ SAVEPACKAGE PACKAGE="/Game/Liu/NewWidgetBlueprint" FILE="G:/2020CIGA/GGStudioGGJ2020/Saved/Autosaves/Game/Liu/NewWidgetBlueprint_Auto2.uasset" SILENT=false AUTOSAVING=true
[2020.08.15-13.07.34:107][488]LogSavePackage: Moving 'G:/2020CIGA/GGStudioGGJ2020/Saved/NewWidgetBlueprint_Auto29B7363DD4F146F07A4CE9FB321BE675C.tmp' to 'G:/2020CIGA/GGStudioGGJ2020/Saved/Autosaves/Game/Liu/NewWidgetBlueprint_Auto2.uasset'
[2020.08.15-13.07.34:107][488]LogFileHelpers: Auto-saving content packages took 0.045
[2020.08.15-13.19.01:191][681]LogUObjectHash: Compacting FUObjectHashTables data took   2.70ms
[2020.08.15-13.19.01:196][681]LogFileHelpers: Editor autosave (incl. sublevels) for '/Temp/Untitled_1' took 0.036
[2020.08.15-13.19.01:196][681]OBJ SavePackage: Generating thumbnails for [0] asset(s) in package [/Game/Liu/NewWidgetBlueprint] ([1] browsable assets)...
[2020.08.15-13.19.01:196][681]OBJ SavePackage: Finished generating thumbnails for package [/Game/Liu/NewWidgetBlueprint]
[2020.08.15-13.19.01:196][681]Cmd: OBJ SAVEPACKAGE PACKAGE="/Game/Liu/NewWidgetBlueprint" FILE="G:/2020CIGA/GGStudioGGJ2020/Saved/Autosaves/Game/Liu/NewWidgetBlueprint_Auto3.uasset" SILENT=false AUTOSAVING=true
[2020.08.15-13.19.01:201][681]LogSavePackage: Moving 'G:/2020CIGA/GGStudioGGJ2020/Saved/NewWidgetBlueprint_Auto322A9E8B348DD9BBEB10D1A954AD3274B.tmp' to 'G:/2020CIGA/GGStudioGGJ2020/Saved/Autosaves/Game/Liu/NewWidgetBlueprint_Auto3.uasset'
[2020.08.15-13.19.01:202][681]LogFileHelpers: Auto-saving content packages took 0.006
[2020.08.15-13.23.12:994][196]LogMaterial: Display: Missing cached shader map for material LayerVisMaterial, compiling. 
[2020.08.15-13.23.13:061][196]LogShaderCompilers: Display: Worker (1/5): shaders left to compile 8
[2020.08.15-13.23.13:061][196]LogShaderCompilers: Display: Worker (2/5): shaders left to compile 5
[2020.08.15-13.23.13:061][196]LogShaderCompilers: Display: Worker (3/5): shaders left to compile 2
[2020.08.15-13.23.13:061][196]LogMaterial: Display: Missing cached shader map for material SelectBrushMaterial, compiling. 
[2020.08.15-13.23.13:116][196]LogShaderCompilers: Display: Worker (4/5): shaders left to compile 20
[2020.08.15-13.23.13:116][196]LogMaterial: Display: Missing cached shader map for material SelectBrushMaterial, compiling. 
[2020.08.15-13.23.13:232][196]LogMaterial: Display: Missing cached shader map for material MaskBrushMaterial, compiling. 
[2020.08.15-13.23.13:293][196]LogMaterial: Display: Missing cached shader map for material ColorMaskBrushMaterial, compiling. 
[2020.08.15-13.23.13:371][196]LogMaterial: Display: Missing cached shader map for material LandscapeDirtyMaterial, compiling. 
[2020.08.15-13.23.13:503][196]LogMaterial: Display: Missing cached shader map for material LandscapeLayerUsageMaterial, compiling. 
[2020.08.15-13.23.13:780][196]LogShaderCompilers: Display: Worker (3/5): shaders left to compile 102
[2020.08.15-13.23.13:780][196]LogMaterial: Display: Missing cached shader map for material CircleBrushMaterial, compiling. 
[2020.08.15-13.23.13:802][196]LogMaterial: Display: Missing cached shader map for material CircleBrushMaterial, compiling. 
[2020.08.15-13.23.13:847][196]LogMaterial: Display: Missing cached shader map for material CircleBrushMaterial, compiling. 
[2020.08.15-13.23.13:882][196]LogShaderCompilers: Display: Worker (2/5): shaders left to compile 152
[2020.08.15-13.23.13:882][196]LogMaterial: Display: Missing cached shader map for material CircleBrushMaterial, compiling. 
[2020.08.15-13.23.13:970][196]LogShaderCompilers: Display: Worker (1/5): shaders left to compile 162
[2020.08.15-13.23.13:970][196]LogMaterial: Display: Missing cached shader map for material AlphaBrushMaterial, compiling. 
[2020.08.15-13.23.14:003][196]LogMaterial: Display: Missing cached shader map for material CircleBrushMaterial, compiling. 
[2020.08.15-13.23.14:026][196]LogMaterial: Display: Missing cached shader map for material SelectBrushMaterial, compiling. 
[2020.08.15-13.23.14:074][196]LogMaterial: Display: Missing cached shader map for material MaskBrushMaterial, compiling. 
[2020.08.15-13.23.14:115][196]LogTexture: Display: 正在编译纹理：Texture2D_2（G8、128X128）
[2020.08.15-13.23.14:461][197]LogShaderCompilers: Display: Worker (4/5): shaders left to compile 232
[2020.08.15-13.23.16:945][254]LogShaderCompilers: Display: Worker (3/5): shaders left to compile 222
[2020.08.15-13.23.17:123][263]LogShaderCompilers: Display: Worker (2/5): shaders left to compile 212
[2020.08.15-13.23.17:218][266]LogShaderCompilers: Display: Worker (1/5): shaders left to compile 202
[2020.08.15-13.23.17:741][291]LogShaderCompilers: Display: Worker (4/5): shaders left to compile 192
[2020.08.15-13.23.20:577][434]LogShaderCompilers: Display: Worker (3/5): shaders left to compile 182
[2020.08.15-13.23.20:742][443]LogShaderCompilers: Display: Worker (2/5): shaders left to compile 172
[2020.08.15-13.23.20:844][446]LogShaderCompilers: Display: Worker (1/5): shaders left to compile 162
[2020.08.15-13.23.21:404][471]LogShaderCompilers: Display: Worker (4/5): shaders left to compile 152
[2020.08.15-13.23.23:962][590]LogShaderCompilers: Display: Worker (1/5): shaders left to compile 142
[2020.08.15-13.23.24:164][599]LogShaderCompilers: Display: Worker (3/5): shaders left to compile 132
[2020.08.15-13.23.24:822][633]LogShaderCompilers: Display: Worker (2/5): shaders left to compile 122
[2020.08.15-13.23.25:216][652]LogShaderCompilers: Display: Worker (4/5): shaders left to compile 112
[2020.08.15-13.23.27:819][774]LogShaderCompilers: Display: Worker (1/5): shaders left to compile 102
[2020.08.15-13.23.27:979][783]LogShaderCompilers: Display: Worker (3/5): shaders left to compile 92
[2020.08.15-13.23.28:779][817]LogShaderCompilers: Display: Worker (2/5): shaders left to compile 82
[2020.08.15-13.23.28:880][818]LogEditorViewport: Clicking on Actor (LMB): StaticMeshActor (Floor)
[2020.08.15-13.23.29:359][818]LogShaderCompilers: Display: Worker (4/5): shaders left to compile 72
[2020.08.15-13.23.31:371][906]LogShaderCompilers: Display: Worker (1/5): shaders left to compile 62
[2020.08.15-13.23.31:487][911]LogShaderCompilers: Display: Worker (3/5): shaders left to compile 52
[2020.08.15-13.23.32:166][941]LogShaderCompilers: Display: Worker (2/5): shaders left to compile 42
[2020.08.15-13.23.32:697][965]LogShaderCompilers: Display: Worker (4/5): shaders left to compile 32
[2020.08.15-13.23.35:183][ 85]LogShaderCompilers: Display: Worker (1/5): shaders left to compile 23
[2020.08.15-13.23.35:207][ 86]LogShaderCompilers: Display: Worker (3/5): shaders left to compile 17
[2020.08.15-13.23.35:867][109]LogShaderCompilers: Display: Worker (2/5): shaders left to compile 12
[2020.08.15-13.23.35:868][109]LogShaderCompilers: Display: Worker (4/5): shaders left to compile 8
[2020.08.15-13.23.36:563][139]LogShaderCompilers: Display: Worker (4/5): shaders left to compile 5
[2020.08.15-13.23.36:681][144]LogShaderCompilers: Display: Worker (3/5): shaders left to compile 3
[2020.08.15-13.23.37:116][164]LogShaderCompilers: Display: Worker (3/5): shaders left to compile 2
[2020.08.15-13.23.37:202][168]LogShaderCompilers: Display: Worker (4/5): shaders left to compile 1
[2020.08.15-13.23.40:544][455]LogEditorViewport: Clicking on Actor (LMB): PlayerStart (Player Start)
[2020.08.15-13.23.43:165][710]LogNavigationPoint: PostEditMove Clear paths rebuilt
[2020.08.15-13.23.45:843][952]LogNavigationPoint: PostEditMove Clear paths rebuilt
[2020.08.15-13.23.47:076][ 73]LogNavigationPoint: PostEditMove Clear paths rebuilt
[2020.08.15-13.23.48:393][203]LogEditorViewport: Clicking on Actor (LMB): StaticMeshActor (Floor)
[2020.08.15-13.23.52:252][554]LogEditorViewport: Clicking on Actor (context menu): StaticMeshActor (Floor)
[2020.08.15-13.23.54:199][689]LogEditorViewport: Clicking on Actor (LMB): StaticMeshActor (Floor)
[2020.08.15-13.25.16:292][842]LogHttp: Warning: 000001714D1F82C0: invalid HTTP response code received. URL: https://datarouter.ol.epicgames.com/datarouter/api/v1/public/data?SessionID=%7B66B56AC2-430F-E7F8-39C7-2B9C538A8D67%7D&AppID=UEEditor.Rocket.Release&AppVersion=4.24.3-11590370%2B%2B%2BUE4%2BRelease-4.24&UserID=4dc3ca954b8c0351fe1c038327fd1e4b%7Ce0bb8b0f02f64fb490a845e67921252d%7C579149f2-ef2e-4357-a52f-7045f6c4d575&AppEnvironment=datacollector-binary&UploadType=eteventstream, HTTP code: 0, content length: 0, actual payload size: 0
[2020.08.15-13.25.16:292][842]LogHttp: Warning: 000001714D1F82C0: request failed, libcurl error: 56 (Failure when receiving data from the peer)
[2020.08.15-13.25.16:292][842]LogHttp: Warning: 000001714D1F82C0: libcurl info message cache 0 (Found bundle for host datarouter.ol.epicgames.com: 0x1716cb37f70 [can pipeline])
[2020.08.15-13.25.16:292][842]LogHttp: Warning: 000001714D1F82C0: libcurl info message cache 1 (Re-using existing connection! (#12) with host datarouter.ol.epicgames.com)
[2020.08.15-13.25.16:292][842]LogHttp: Warning: 000001714D1F82C0: libcurl info message cache 2 (Connected to datarouter.ol.epicgames.com (52.7.223.84) port 443 (#12))
[2020.08.15-13.25.16:292][842]LogHttp: Warning: 000001714D1F82C0: libcurl info message cache 3 (We are completely uploaded and fine)
[2020.08.15-13.25.16:292][842]LogHttp: Warning: 000001714D1F82C0: libcurl info message cache 4 (OpenSSL SSL_read: SSL_ERROR_SYSCALL, errno 10054)
[2020.08.15-13.25.16:292][842]LogHttp: Warning: 000001714D1F82C0: libcurl info message cache 5 (Connection died, retrying a fresh connect)
[2020.08.15-13.25.16:292][842]LogHttp: Warning: 000001714D1F82C0: libcurl info message cache 6 (necessary data rewind wasn't possible)
[2020.08.15-13.25.16:292][842]LogHttp: Warning: 000001714D1F82C0: libcurl info message cache 7 (Closing connection 12)
[2020.08.15-13.25.16:292][842]LogHttp: Warning: Retry exhausted on https://datarouter.ol.epicgames.com/datarouter/api/v1/public/data?SessionID=%7B66B56AC2-430F-E7F8-39C7-2B9C538A8D67%7D&AppID=UEEditor.Rocket.Release&AppVersion=4.24.3-11590370%2B%2B%2BUE4%2BRelease-4.24&UserID=4dc3ca954b8c0351fe1c038327fd1e4b%7Ce0bb8b0f02f64fb490a845e67921252d%7C579149f2-ef2e-4357-a52f-7045f6c4d575&AppEnvironment=datacollector-binary&UploadType=eteventstream
[2020.08.15-13.29.01:574][608]LogUObjectHash: Compacting FUObjectHashTables data took   3.48ms
[2020.08.15-13.29.01:590][608]Cmd: OBJ SAVEPACKAGE PACKAGE="/Temp/Untitled_1" FILE="G:/2020CIGA/GGStudioGGJ2020/Saved/Autosaves/Temp/Untitled_1_Auto4.umap" SILENT=true AUTOSAVING=true KEEPDIRTY=false
[2020.08.15-13.29.01:648][608]LogSavePackage: Moving 'G:/2020CIGA/GGStudioGGJ2020/Saved/Untitled_1_Auto464E38967490EE4F74CB504B62199895D.tmp' to 'G:/2020CIGA/GGStudioGGJ2020/Saved/Autosaves/Temp/Untitled_1_Auto4.umap'
[2020.08.15-13.29.01:682][608]LogFileHelpers: Editor autosave (incl. sublevels) for '/Temp/Untitled_1' took 0.183
[2020.08.15-13.29.01:682][608]LogFileHelpers: Editor autosave (incl. sublevels) for all levels took 0.183
[2020.08.15-13.29.01:682][608]OBJ SavePackage: Generating thumbnails for [0] asset(s) in package [/Game/Liu/NewWidgetBlueprint] ([1] browsable assets)...
[2020.08.15-13.29.01:682][608]OBJ SavePackage: Finished generating thumbnails for package [/Game/Liu/NewWidgetBlueprint]
[2020.08.15-13.29.01:682][608]Cmd: OBJ SAVEPACKAGE PACKAGE="/Game/Liu/NewWidgetBlueprint" FILE="G:/2020CIGA/GGStudioGGJ2020/Saved/Autosaves/Game/Liu/NewWidgetBlueprint_Auto4.uasset" SILENT=false AUTOSAVING=true
[2020.08.15-13.29.01:688][608]LogSavePackage: Moving 'G:/2020CIGA/GGStudioGGJ2020/Saved/NewWidgetBlueprint_Auto45EBF7C2045E25B6D02D1C58C4374A824.tmp' to 'G:/2020CIGA/GGStudioGGJ2020/Saved/Autosaves/Game/Liu/NewWidgetBlueprint_Auto4.uasset'
[2020.08.15-13.29.01:688][608]LogFileHelpers: Auto-saving content packages took 0.006
[2020.08.15-13.36.52:703][170]LogEditorTransaction: Undo 移动控件
[2020.08.15-13.36.57:646][563]LogEditorTransaction: Undo 移动控件
[2020.08.15-13.39.54:697][157]LogUObjectHash: Compacting FUObjectHashTables data took   3.03ms
[2020.08.15-13.39.54:702][157]LogFileHelpers: Editor autosave (incl. sublevels) for '/Temp/Untitled_1' took 0.037
[2020.08.15-13.39.54:703][157]OBJ SavePackage: Generating thumbnails for [0] asset(s) in package [/Game/Liu/NewWidgetBlueprint] ([1] browsable assets)...
[2020.08.15-13.39.54:703][157]OBJ SavePackage: Finished generating thumbnails for package [/Game/Liu/NewWidgetBlueprint]
[2020.08.15-13.39.54:703][157]Cmd: OBJ SAVEPACKAGE PACKAGE="/Game/Liu/NewWidgetBlueprint" FILE="G:/2020CIGA/GGStudioGGJ2020/Saved/Autosaves/Game/Liu/NewWidgetBlueprint_Auto5.uasset" SILENT=false AUTOSAVING=true
[2020.08.15-13.39.55:244][157]LogSavePackage: Moving 'G:/2020CIGA/GGStudioGGJ2020/Saved/NewWidgetBlueprint_Auto5B4DC726D4AB6E084053050883954EC77.tmp' to 'G:/2020CIGA/GGStudioGGJ2020/Saved/Autosaves/Game/Liu/NewWidgetBlueprint_Auto5.uasset'
[2020.08.15-13.39.55:244][157]LogFileHelpers: Auto-saving content packages took 0.542
[2020.08.15-13.46.08:205][432]LogUObjectHash: Compacting FUObjectHashTables data took   0.90ms
[2020.08.15-13.46.26:732][432]LogSlate: Window '保存内容' being destroyed
[2020.08.15-13.46.26:782][432]Cmd: OBJ SAVEPACKAGE PACKAGE="/Game/Liu/NewWidgetBlueprint" FILE="G:/2020CIGA/GGStudioGGJ2020/Content/Liu/NewWidgetBlueprint.uasset" SILENT=true
[2020.08.15-13.46.26:788][432]LogSavePackage: Moving 'G:/2020CIGA/GGStudioGGJ2020/Saved/NewWidgetBlueprint503F8ACB4F52954BDA9009B22C277354.tmp' to 'G:/2020CIGA/GGStudioGGJ2020/Content/Liu/NewWidgetBlueprint.uasset'
[2020.08.15-13.46.26:790][432]Cmd: OBJ SAVEPACKAGE PACKAGE="/Game/Liu/标题1" FILE="G:/2020CIGA/GGStudioGGJ2020/Content/Liu/标题1.uasset" SILENT=true
[2020.08.15-13.46.26:818][432]LogSavePackage: Moving 'G:/2020CIGA/GGStudioGGJ2020/Saved/标题16E4A29544F9F715971BABF89C391864B.tmp' to 'G:/2020CIGA/GGStudioGGJ2020/Content/Liu/标题1.uasset'
[2020.08.15-13.46.26:819][432]Cmd: OBJ SAVEPACKAGE PACKAGE="/Game/Liu/标题倒影" FILE="G:/2020CIGA/GGStudioGGJ2020/Content/Liu/标题倒影.uasset" SILENT=true
[2020.08.15-13.46.26:830][432]LogSavePackage: Moving 'G:/2020CIGA/GGStudioGGJ2020/Saved/标题倒影1208AF4A447259979E9994827F205917.tmp' to 'G:/2020CIGA/GGStudioGGJ2020/Content/Liu/标题倒影.uasset'
[2020.08.15-13.46.26:831][432]Cmd: OBJ SAVEPACKAGE PACKAGE="/Game/Liu/背景" FILE="G:/2020CIGA/GGStudioGGJ2020/Content/Liu/背景.uasset" SILENT=true
[2020.08.15-13.46.26:915][432]LogSavePackage: Moving 'G:/2020CIGA/GGStudioGGJ2020/Saved/背景32B873504F1BD24F4A7171B0FD7B4E12.tmp' to 'G:/2020CIGA/GGStudioGGJ2020/Content/Liu/背景.uasset'
[2020.08.15-13.46.26:916][432]Cmd: OBJ SAVEPACKAGE PACKAGE="/Game/Liu/菜单UI__1_" FILE="G:/2020CIGA/GGStudioGGJ2020/Content/Liu/菜单UI__1_.uasset" SILENT=true
[2020.08.15-13.46.27:000][432]LogSavePackage: Moving 'G:/2020CIGA/GGStudioGGJ2020/Saved/菜单UI__1_02FF6D87464C6425F94F63A25DB49819.tmp' to 'G:/2020CIGA/GGStudioGGJ2020/Content/Liu/菜单UI__1_.uasset'
[2020.08.15-13.46.27:001][432]Cmd: OBJ SAVEPACKAGE PACKAGE="/Game/Liu/萤火1" FILE="G:/2020CIGA/GGStudioGGJ2020/Content/Liu/萤火1.uasset" SILENT=true
[2020.08.15-13.46.27:072][432]LogSavePackage: Moving 'G:/2020CIGA/GGStudioGGJ2020/Saved/萤火1CE53DEB646F5A069D2A2F5A4474FEE52.tmp' to 'G:/2020CIGA/GGStudioGGJ2020/Content/Liu/萤火1.uasset'
[2020.08.15-13.46.27:073][432]Cmd: OBJ SAVEPACKAGE PACKAGE="/Game/Liu/萤火倒影" FILE="G:/2020CIGA/GGStudioGGJ2020/Content/Liu/萤火倒影.uasset" SILENT=true
[2020.08.15-13.46.27:141][432]LogSavePackage: Moving 'G:/2020CIGA/GGStudioGGJ2020/Saved/萤火倒影C40F16C540A9D63DB5F15FAE7CE3F3EC.tmp' to 'G:/2020CIGA/GGStudioGGJ2020/Content/Liu/萤火倒影.uasset'
[2020.08.15-13.46.38:240][432]LogSlate: Window '将关卡另存为' being destroyed
[2020.08.15-13.46.38:946][432]Cmd: OBJ SAVEPACKAGE PACKAGE="/Game/Liu/Untitled" FILE="G:/2020CIGA/GGStudioGGJ2020/Content/Liu/Untitled.umap" SILENT=true AUTOSAVING=false KEEPDIRTY=false
[2020.08.15-13.46.38:975][432]LogUObjectHash: Compacting FUObjectHashTables data took   0.63ms
[2020.08.15-13.46.38:989][432]LogSavePackage: Moving 'G:/2020CIGA/GGStudioGGJ2020/Saved/UntitledBE84F4C746CC9901F02FE0AEA2CE5B87.tmp' to 'G:/2020CIGA/GGStudioGGJ2020/Content/Liu/Untitled.umap'
[2020.08.15-13.46.39:003][432]LogFileHelpers: Saving map 'Untitled' took 0.062
[2020.08.15-13.46.39:171][432]LogSlate: Window 'NewWidgetBlueprint' being destroyed
[2020.08.15-13.46.39:230][432]LogWorld: UWorld::CleanupWorld for World_3, bSessionEnded=true, bCleanupResources=true
[2020.08.15-13.46.39:230][432]LogSlate: InvalidateAllWidgets triggered.  All widgets were invalidated
[2020.08.15-13.46.39:353][432]LogWorld: UWorld::CleanupWorld for World_2, bSessionEnded=true, bCleanupResources=true
[2020.08.15-13.46.39:353][432]LogSlate: InvalidateAllWidgets triggered.  All widgets were invalidated
[2020.08.15-13.46.39:510][432]LogSlate: Window 'GGStudioGGJ2020 - 虚幻编辑器' being destroyed
[2020.08.15-13.46.39:512][432]LogWindowsTextInputMethodSystem: Display: IME system now activated using TSF (微软拼音).
[2020.08.15-13.46.40:165][432]AssetCheck: New page: 资源保存：多个资源
[2020.08.15-13.46.40:165][432]LogContentValidation: Display: 正在验证WidgetBlueprint /Game/Liu/NewWidgetBlueprint.NewWidgetBlueprint
[2020.08.15-13.46.40:165][432]LogContentValidation: Display: 正在验证Texture2D /Game/Liu/标题1.标题1
[2020.08.15-13.46.40:165][432]LogContentValidation: Display: 正在验证Texture2D /Game/Liu/标题倒影.标题倒影
[2020.08.15-13.46.40:165][432]LogContentValidation: Display: 正在验证Texture2D /Game/Liu/背景.背景
[2020.08.15-13.46.40:165][432]LogContentValidation: Display: 正在验证Texture2D /Game/Liu/菜单UI__1_.菜单UI__1_
[2020.08.15-13.46.40:165][432]LogContentValidation: Display: 正在验证Texture2D /Game/Liu/萤火1.萤火1
[2020.08.15-13.46.40:165][432]LogContentValidation: Display: 正在验证Texture2D /Game/Liu/萤火倒影.萤火倒影
[2020.08.15-13.46.40:165][432]LogContentValidation: Display: 正在验证World /Game/Liu/Untitled.Untitled
[2020.08.15-13.46.40:167][433]Cmd: QUIT_EDITOR
[2020.08.15-13.46.40:167][433]LogCore: Engine exit requested (reason: UUnrealEdEngine::CloseEditor())
[2020.08.15-13.46.40:199][433]LogCore: Engine exit requested (reason: EngineExit() was called; note: exit was already requested)
[2020.08.15-13.46.40:259][433]LogAudioMixer: Display: No commands were queued while flushing the source manager.
[2020.08.15-13.46.40:692][433]LogExit: Preparing to exit.
[2020.08.15-13.46.41:898][433]LogActorComponent: UnregisterComponent: (None.None) Not registered. Aborting.
[2020.08.15-13.46.41:898][433]LogActorComponent: UnregisterComponent: (None.None) Not registered. Aborting.
[2020.08.15-13.46.41:898][433]LogActorComponent: UnregisterComponent: (None.None) Not registered. Aborting.
[2020.08.15-13.46.41:898][433]LogActorComponent: UnregisterComponent: (None.None) Not registered. Aborting.
[2020.08.15-13.46.41:898][433]LogActorComponent: UnregisterComponent: (None.None) Not registered. Aborting.
[2020.08.15-13.46.41:898][433]LogActorComponent: UnregisterComponent: (None.None) Not registered. Aborting.
[2020.08.15-13.46.41:898][433]LogActorComponent: UnregisterComponent: (None.None) Not registered. Aborting.
[2020.08.15-13.46.41:898][433]LogWorld: UWorld::CleanupWorld for None, bSessionEnded=true, bCleanupResources=true
[2020.08.15-13.46.41:900][433]LogActorComponent: UnregisterComponent: (None.None) Not registered. Aborting.
[2020.08.15-13.46.41:900][433]LogActorComponent: UnregisterComponent: (None.None) Not registered. Aborting.
[2020.08.15-13.46.41:900][433]LogActorComponent: UnregisterComponent: (None.None) Not registered. Aborting.
[2020.08.15-13.46.41:900][433]LogActorComponent: UnregisterComponent: (None.None) Not registered. Aborting.
[2020.08.15-13.46.41:900][433]LogActorComponent: UnregisterComponent: (None.None) Not registered. Aborting.
[2020.08.15-13.46.41:900][433]LogActorComponent: UnregisterComponent: (None.None) Not registered. Aborting.
[2020.08.15-13.46.41:900][433]LogActorComponent: UnregisterComponent: (None.None) Not registered. Aborting.
[2020.08.15-13.46.41:900][433]LogWorld: UWorld::CleanupWorld for None, bSessionEnded=true, bCleanupResources=true
[2020.08.15-13.46.42:154][433]LogDemo: Cleaned up 0 splitscreen connections with owner deletion
[2020.08.15-13.46.42:444][433]LogWorld: UWorld::CleanupWorld for None, bSessionEnded=true, bCleanupResources=true
[2020.08.15-13.46.42:444][433]LogExit: Editor shut down
[2020.08.15-13.46.42:445][433]LogExit: Transaction tracking system shut down
[2020.08.15-13.46.44:384][433]LogExit: Object subsystem successfully closed.
[2020.08.15-13.46.45:027][433]LogShaderCompilers: Display: Shaders left to compile 0
